Bin information for iteration 66
1064 segments
277 bins total, 0 targets, 133 (48.014%) occupied
Minimum probability by bin:     4.32982621986613508e-35
Maximum probability by bin:     8.29394576099521386e-01
Dynamic range (by bin):         78.9379 kT
Minimum probability by segment: 5.41228277483266818e-36
Maximum probability by segment: 1.14571839145972576e-01
Dynamic range (by segment):     79.0378 kT
Norm = 1, error in norm = -1.11022e-16 (0 epsilon)

 Index     Count    Total weight               Min seg weight             Max seg weight             Weight ratio    Label
     0         0    0.00000000000000000e+00    0.00000000000000000e+00    0.00000000000000000e+00         0.00000    [(0.0, 1.0), (0.0, 2.0)]
     1         0    0.00000000000000000e+00    0.00000000000000000e+00    0.00000000000000000e+00         0.00000    [(0.0, 1.0), (2.0, 4.0)]
     2         0    0.00000000000000000e+00    0.00000000000000000e+00    0.00000000000000000e+00         0.00000    [(0.0, 1.0), (4.0, 6.0)]
     3         0    0.00000000000000000e+00    0.00000000000000000e+00    0.00000000000000000e+00         0.00000    [(0.0, 1.0), (6.0, 8.0)]
     4         0    0.00000000000000000e+00    0.00000000000000000e+00    0.00000000000000000e+00         0.00000    [(0.0, 1.0), (8.0, 10)]
     5         0    0.00000000000000000e+00    0.00000000000000000e+00    0.00000000000000000e+00         0.00000    [(1.0, 1.5), (0.0, 2.0)]
     6         0    0.00000000000000000e+00    0.00000000000000000e+00    0.00000000000000000e+00         0.00000    [(1.0, 1.5), (2.0, 4.0)]
     7         0    0.00000000000000000e+00    0.00000000000000000e+00    0.00000000000000000e+00         0.00000    [(1.0, 1.5), (4.0, 6.0)]
     8         0    0.00000000000000000e+00    0.00000000000000000e+00    0.00000000000000000e+00         0.00000    [(1.0, 1.5), (6.0, 8.0)]
     9         0    0.00000000000000000e+00    0.00000000000000000e+00    0.00000000000000000e+00         0.00000    [(1.0, 1.5), (8.0, 10)]
    10         0    0.00000000000000000e+00    0.00000000000000000e+00    0.00000000000000000e+00         0.00000    [(1.5, 2.0), (0.0, 2.0)]
    11         0    0.00000000000000000e+00    0.00000000000000000e+00    0.00000000000000000e+00         0.00000    [(1.5, 2.0), (2.0, 4.0)]
    12         0    0.00000000000000000e+00    0.00000000000000000e+00    0.00000000000000000e+00         0.00000    [(1.5, 2.0), (4.0, 6.0)]
    13         0    0.00000000000000000e+00    0.00000000000000000e+00    0.00000000000000000e+00         0.00000    [(1.5, 2.0), (6.0, 8.0)]
    14         0    0.00000000000000000e+00    0.00000000000000000e+00    0.00000000000000000e+00         0.00000    [(1.5, 2.0), (8.0, 10)]
    15         0    0.00000000000000000e+00    0.00000000000000000e+00    0.00000000000000000e+00         0.00000    [(2.0, 2.1), (0.0, 2.0)]
    16         0    0.00000000000000000e+00    0.00000000000000000e+00    0.00000000000000000e+00         0.00000    [(2.0, 2.1), (2.0, 4.0)]
    17         0    0.00000000000000000e+00    0.00000000000000000e+00    0.00000000000000000e+00         0.00000    [(2.0, 2.1), (4.0, 6.0)]
    18         0    0.00000000000000000e+00    0.00000000000000000e+00    0.00000000000000000e+00         0.00000    [(2.0, 2.1), (6.0, 8.0)]
    19         0    0.00000000000000000e+00    0.00000000000000000e+00    0.00000000000000000e+00         0.00000    [(2.0, 2.1), (8.0, 10)]
    20         0    0.00000000000000000e+00    0.00000000000000000e+00    0.00000000000000000e+00         0.00000    [(2.1, 2.2), (0.0, 2.0)]
    21         0    0.00000000000000000e+00    0.00000000000000000e+00    0.00000000000000000e+00         0.00000    [(2.1, 2.2), (2.0, 4.0)]
    22         0    0.00000000000000000e+00    0.00000000000000000e+00    0.00000000000000000e+00         0.00000    [(2.1, 2.2), (4.0, 6.0)]
    23         0    0.00000000000000000e+00    0.00000000000000000e+00    0.00000000000000000e+00         0.00000    [(2.1, 2.2), (6.0, 8.0)]
    24         0    0.00000000000000000e+00    0.00000000000000000e+00    0.00000000000000000e+00         0.00000    [(2.1, 2.2), (8.0, 10)]
    25         0    0.00000000000000000e+00    0.00000000000000000e+00    0.00000000000000000e+00         0.00000    [(2.2, 2.3), (0.0, 2.0)]
    26         0    0.00000000000000000e+00    0.00000000000000000e+00    0.00000000000000000e+00         0.00000    [(2.2, 2.3), (2.0, 4.0)]
    27         0    0.00000000000000000e+00    0.00000000000000000e+00    0.00000000000000000e+00         0.00000    [(2.2, 2.3), (4.0, 6.0)]
    28         0    0.00000000000000000e+00    0.00000000000000000e+00    0.00000000000000000e+00         0.00000    [(2.2, 2.3), (6.0, 8.0)]
    29         0    0.00000000000000000e+00    0.00000000000000000e+00    0.00000000000000000e+00         0.00000    [(2.2, 2.3), (8.0, 10)]
    30         0    0.00000000000000000e+00    0.00000000000000000e+00    0.00000000000000000e+00         0.00000    [(2.3, 2.4), (0.0, 2.0)]
    31         0    0.00000000000000000e+00    0.00000000000000000e+00    0.00000000000000000e+00         0.00000    [(2.3, 2.4), (2.0, 4.0)]
    32         0    0.00000000000000000e+00    0.00000000000000000e+00    0.00000000000000000e+00         0.00000    [(2.3, 2.4), (4.0, 6.0)]
    33         0    0.00000000000000000e+00    0.00000000000000000e+00    0.00000000000000000e+00         0.00000    [(2.3, 2.4), (6.0, 8.0)]
    34         0    0.00000000000000000e+00    0.00000000000000000e+00    0.00000000000000000e+00         0.00000    [(2.3, 2.4), (8.0, 10)]
    35         0    0.00000000000000000e+00    0.00000000000000000e+00    0.00000000000000000e+00         0.00000    [(2.4, 2.5), (0.0, 2.0)]
    36         0    0.00000000000000000e+00    0.00000000000000000e+00    0.00000000000000000e+00         0.00000    [(2.4, 2.5), (2.0, 4.0)]
    37         0    0.00000000000000000e+00    0.00000000000000000e+00    0.00000000000000000e+00         0.00000    [(2.4, 2.5), (4.0, 6.0)]
    38         0    0.00000000000000000e+00    0.00000000000000000e+00    0.00000000000000000e+00         0.00000    [(2.4, 2.5), (6.0, 8.0)]
    39         0    0.00000000000000000e+00    0.00000000000000000e+00    0.00000000000000000e+00         0.00000    [(2.4, 2.5), (8.0, 10)]
    40         0    0.00000000000000000e+00    0.00000000000000000e+00    0.00000000000000000e+00         0.00000    [(2.5, 2.6), (0.0, 2.0)]
    41         0    0.00000000000000000e+00    0.00000000000000000e+00    0.00000000000000000e+00         0.00000    [(2.5, 2.6), (2.0, 4.0)]
    42         0    0.00000000000000000e+00    0.00000000000000000e+00    0.00000000000000000e+00         0.00000    [(2.5, 2.6), (4.0, 6.0)]
    43         0    0.00000000000000000e+00    0.00000000000000000e+00    0.00000000000000000e+00         0.00000    [(2.5, 2.6), (6.0, 8.0)]
    44         0    0.00000000000000000e+00    0.00000000000000000e+00    0.00000000000000000e+00         0.00000    [(2.5, 2.6), (8.0, 10)]
    45         0    0.00000000000000000e+00    0.00000000000000000e+00    0.00000000000000000e+00         0.00000    [(2.6, 2.7), (0.0, 2.0)]
    46         0    0.00000000000000000e+00    0.00000000000000000e+00    0.00000000000000000e+00         0.00000    [(2.6, 2.7), (2.0, 4.0)]
    47         0    0.00000000000000000e+00    0.00000000000000000e+00    0.00000000000000000e+00         0.00000    [(2.6, 2.7), (4.0, 6.0)]
    48         0    0.00000000000000000e+00    0.00000000000000000e+00    0.00000000000000000e+00         0.00000    [(2.6, 2.7), (6.0, 8.0)]
    49         0    0.00000000000000000e+00    0.00000000000000000e+00    0.00000000000000000e+00         0.00000    [(2.6, 2.7), (8.0, 10)]
    50         0    0.00000000000000000e+00    0.00000000000000000e+00    0.00000000000000000e+00         0.00000    [(2.7, 2.8), (0.0, 2.0)]
    51         0    0.00000000000000000e+00    0.00000000000000000e+00    0.00000000000000000e+00         0.00000    [(2.7, 2.8), (2.0, 4.0)]
    52         0    0.00000000000000000e+00    0.00000000000000000e+00    0.00000000000000000e+00         0.00000    [(2.7, 2.8), (4.0, 6.0)]
    53         0    0.00000000000000000e+00    0.00000000000000000e+00    0.00000000000000000e+00         0.00000    [(2.7, 2.8), (6.0, 8.0)]
    54         0    0.00000000000000000e+00    0.00000000000000000e+00    0.00000000000000000e+00         0.00000    [(2.7, 2.8), (8.0, 10)]
    55         0    0.00000000000000000e+00    0.00000000000000000e+00    0.00000000000000000e+00         0.00000    [(2.8, 2.9), (0.0, 2.0)]
    56         0    0.00000000000000000e+00    0.00000000000000000e+00    0.00000000000000000e+00         0.00000    [(2.8, 2.9), (2.0, 4.0)]
    57         0    0.00000000000000000e+00    0.00000000000000000e+00    0.00000000000000000e+00         0.00000    [(2.8, 2.9), (4.0, 6.0)]
    58         0    0.00000000000000000e+00    0.00000000000000000e+00    0.00000000000000000e+00         0.00000    [(2.8, 2.9), (6.0, 8.0)]
    59         0    0.00000000000000000e+00    0.00000000000000000e+00    0.00000000000000000e+00         0.00000    [(2.8, 2.9), (8.0, 10)]
    60         0    0.00000000000000000e+00    0.00000000000000000e+00    0.00000000000000000e+00         0.00000    [(2.9, 3.0), (0.0, 2.0)]
    61         0    0.00000000000000000e+00    0.00000000000000000e+00    0.00000000000000000e+00         0.00000    [(2.9, 3.0), (2.0, 4.0)]
    62         0    0.00000000000000000e+00    0.00000000000000000e+00    0.00000000000000000e+00         0.00000    [(2.9, 3.0), (4.0, 6.0)]
    63         0    0.00000000000000000e+00    0.00000000000000000e+00    0.00000000000000000e+00         0.00000    [(2.9, 3.0), (6.0, 8.0)]
    64         0    0.00000000000000000e+00    0.00000000000000000e+00    0.00000000000000000e+00         0.00000    [(2.9, 3.0), (8.0, 10)]
    65         0    0.00000000000000000e+00    0.00000000000000000e+00    0.00000000000000000e+00         0.00000    [(3.0, 3.1), (0.0, 2.0)]
    66         0    0.00000000000000000e+00    0.00000000000000000e+00    0.00000000000000000e+00         0.00000    [(3.0, 3.1), (2.0, 4.0)]
    67         0    0.00000000000000000e+00    0.00000000000000000e+00    0.00000000000000000e+00         0.00000    [(3.0, 3.1), (4.0, 6.0)]
    68         0    0.00000000000000000e+00    0.00000000000000000e+00    0.00000000000000000e+00         0.00000    [(3.0, 3.1), (6.0, 8.0)]
    69         0    0.00000000000000000e+00    0.00000000000000000e+00    0.00000000000000000e+00         0.00000    [(3.0, 3.1), (8.0, 10)]
    70         0    0.00000000000000000e+00    0.00000000000000000e+00    0.00000000000000000e+00         0.00000    [(3.1, 3.2), (0.0, 2.0)]
    71         0    0.00000000000000000e+00    0.00000000000000000e+00    0.00000000000000000e+00         0.00000    [(3.1, 3.2), (2.0, 4.0)]
    72         0    0.00000000000000000e+00    0.00000000000000000e+00    0.00000000000000000e+00         0.00000    [(3.1, 3.2), (4.0, 6.0)]
    73         0    0.00000000000000000e+00    0.00000000000000000e+00    0.00000000000000000e+00         0.00000    [(3.1, 3.2), (6.0, 8.0)]
    74         0    0.00000000000000000e+00    0.00000000000000000e+00    0.00000000000000000e+00         0.00000    [(3.1, 3.2), (8.0, 10)]
    75         0    0.00000000000000000e+00    0.00000000000000000e+00    0.00000000000000000e+00         0.00000    [(3.2, 3.3), (0.0, 2.0)]
    76         0    0.00000000000000000e+00    0.00000000000000000e+00    0.00000000000000000e+00         0.00000    [(3.2, 3.3), (2.0, 4.0)]
    77         0    0.00000000000000000e+00    0.00000000000000000e+00    0.00000000000000000e+00         0.00000    [(3.2, 3.3), (4.0, 6.0)]
    78         0    0.00000000000000000e+00    0.00000000000000000e+00    0.00000000000000000e+00         0.00000    [(3.2, 3.3), (6.0, 8.0)]
    79         0    0.00000000000000000e+00    0.00000000000000000e+00    0.00000000000000000e+00         0.00000    [(3.2, 3.3), (8.0, 10)]
    80         0    0.00000000000000000e+00    0.00000000000000000e+00    0.00000000000000000e+00         0.00000    [(3.3, 3.4000000000000004), (0.0, 2.0)]
    81         0    0.00000000000000000e+00    0.00000000000000000e+00    0.00000000000000000e+00         0.00000    [(3.3, 3.4000000000000004), (2.0, 4.0)]
    82         0    0.00000000000000000e+00    0.00000000000000000e+00    0.00000000000000000e+00         0.00000    [(3.3, 3.4000000000000004), (4.0, 6.0)]
    83         0    0.00000000000000000e+00    0.00000000000000000e+00    0.00000000000000000e+00         0.00000    [(3.3, 3.4000000000000004), (6.0, 8.0)]
    84         0    0.00000000000000000e+00    0.00000000000000000e+00    0.00000000000000000e+00         0.00000    [(3.3, 3.4000000000000004), (8.0, 10)]
    85         0    0.00000000000000000e+00    0.00000000000000000e+00    0.00000000000000000e+00         0.00000    [(3.4, 3.5), (0.0, 2.0)]
    86         0    0.00000000000000000e+00    0.00000000000000000e+00    0.00000000000000000e+00         0.00000    [(3.4, 3.5), (2.0, 4.0)]
    87         0    0.00000000000000000e+00    0.00000000000000000e+00    0.00000000000000000e+00         0.00000    [(3.4, 3.5), (4.0, 6.0)]
    88         0    0.00000000000000000e+00    0.00000000000000000e+00    0.00000000000000000e+00         0.00000    [(3.4, 3.5), (6.0, 8.0)]
    89         0    0.00000000000000000e+00    0.00000000000000000e+00    0.00000000000000000e+00         0.00000    [(3.4, 3.5), (8.0, 10)]
    90         0    0.00000000000000000e+00    0.00000000000000000e+00    0.00000000000000000e+00         0.00000    [(3.5, 3.6), (0.0, 2.0)]
    91         0    0.00000000000000000e+00    0.00000000000000000e+00    0.00000000000000000e+00         0.00000    [(3.5, 3.6), (2.0, 4.0)]
    92         0    0.00000000000000000e+00    0.00000000000000000e+00    0.00000000000000000e+00         0.00000    [(3.5, 3.6), (4.0, 6.0)]
    93         0    0.00000000000000000e+00    0.00000000000000000e+00    0.00000000000000000e+00         0.00000    [(3.5, 3.6), (6.0, 8.0)]
    94         0    0.00000000000000000e+00    0.00000000000000000e+00    0.00000000000000000e+00         0.00000    [(3.5, 3.6), (8.0, 10)]
    95         0    0.00000000000000000e+00    0.00000000000000000e+00    0.00000000000000000e+00         0.00000    [(3.6, 3.7), (0.0, 2.0)]
    96         0    0.00000000000000000e+00    0.00000000000000000e+00    0.00000000000000000e+00         0.00000    [(3.6, 3.7), (2.0, 4.0)]
    97         0    0.00000000000000000e+00    0.00000000000000000e+00    0.00000000000000000e+00         0.00000    [(3.6, 3.7), (4.0, 6.0)]
    98         0    0.00000000000000000e+00    0.00000000000000000e+00    0.00000000000000000e+00         0.00000    [(3.6, 3.7), (6.0, 8.0)]
    99         0    0.00000000000000000e+00    0.00000000000000000e+00    0.00000000000000000e+00         0.00000    [(3.6, 3.7), (8.0, 10)]
   100         0    0.00000000000000000e+00    0.00000000000000000e+00    0.00000000000000000e+00         0.00000    [(3.7, 3.8), (0.0, 2.0)]
   101         0    0.00000000000000000e+00    0.00000000000000000e+00    0.00000000000000000e+00         0.00000    [(3.7, 3.8), (2.0, 4.0)]
   102         0    0.00000000000000000e+00    0.00000000000000000e+00    0.00000000000000000e+00         0.00000    [(3.7, 3.8), (4.0, 6.0)]
   103         0    0.00000000000000000e+00    0.00000000000000000e+00    0.00000000000000000e+00         0.00000    [(3.7, 3.8), (6.0, 8.0)]
   104         0    0.00000000000000000e+00    0.00000000000000000e+00    0.00000000000000000e+00         0.00000    [(3.7, 3.8), (8.0, 10)]
   105         0    0.00000000000000000e+00    0.00000000000000000e+00    0.00000000000000000e+00         0.00000    [(3.8, 3.9000000000000004), (0.0, 2.0)]
   106         0    0.00000000000000000e+00    0.00000000000000000e+00    0.00000000000000000e+00         0.00000    [(3.8, 3.9000000000000004), (2.0, 4.0)]
   107         0    0.00000000000000000e+00    0.00000000000000000e+00    0.00000000000000000e+00         0.00000    [(3.8, 3.9000000000000004), (4.0, 6.0)]
   108         0    0.00000000000000000e+00    0.00000000000000000e+00    0.00000000000000000e+00         0.00000    [(3.8, 3.9000000000000004), (6.0, 8.0)]
   109         0    0.00000000000000000e+00    0.00000000000000000e+00    0.00000000000000000e+00         0.00000    [(3.8, 3.9000000000000004), (8.0, 10)]
   110         0    0.00000000000000000e+00    0.00000000000000000e+00    0.00000000000000000e+00         0.00000    [(3.9, 4.0), (0.0, 2.0)]
   111         0    0.00000000000000000e+00    0.00000000000000000e+00    0.00000000000000000e+00         0.00000    [(3.9, 4.0), (2.0, 4.0)]
   112         0    0.00000000000000000e+00    0.00000000000000000e+00    0.00000000000000000e+00         0.00000    [(3.9, 4.0), (4.0, 6.0)]
   113         0    0.00000000000000000e+00    0.00000000000000000e+00    0.00000000000000000e+00         0.00000    [(3.9, 4.0), (6.0, 8.0)]
   114         0    0.00000000000000000e+00    0.00000000000000000e+00    0.00000000000000000e+00         0.00000    [(3.9, 4.0), (8.0, 10)]
   115         0    0.00000000000000000e+00    0.00000000000000000e+00    0.00000000000000000e+00         0.00000    [(4.0, 4.1), (0.0, 2.0)]
   116         0    0.00000000000000000e+00    0.00000000000000000e+00    0.00000000000000000e+00         0.00000    [(4.0, 4.1), (2.0, 4.0)]
   117         0    0.00000000000000000e+00    0.00000000000000000e+00    0.00000000000000000e+00         0.00000    [(4.0, 4.1), (4.0, 6.0)]
   118         0    0.00000000000000000e+00    0.00000000000000000e+00    0.00000000000000000e+00         0.00000    [(4.0, 4.1), (6.0, 8.0)]
   119         0    0.00000000000000000e+00    0.00000000000000000e+00    0.00000000000000000e+00         0.00000    [(4.0, 4.1), (8.0, 10)]
   120         0    0.00000000000000000e+00    0.00000000000000000e+00    0.00000000000000000e+00         0.00000    [(4.1, 4.2), (0.0, 2.0)]
   121         0    0.00000000000000000e+00    0.00000000000000000e+00    0.00000000000000000e+00         0.00000    [(4.1, 4.2), (2.0, 4.0)]
   122         0    0.00000000000000000e+00    0.00000000000000000e+00    0.00000000000000000e+00         0.00000    [(4.1, 4.2), (4.0, 6.0)]
   123         0    0.00000000000000000e+00    0.00000000000000000e+00    0.00000000000000000e+00         0.00000    [(4.1, 4.2), (6.0, 8.0)]
   124         0    0.00000000000000000e+00    0.00000000000000000e+00    0.00000000000000000e+00         0.00000    [(4.1, 4.2), (8.0, 10)]
   125         0    0.00000000000000000e+00    0.00000000000000000e+00    0.00000000000000000e+00         0.00000    [(4.2, 4.300000000000001), (0.0, 2.0)]
   126         0    0.00000000000000000e+00    0.00000000000000000e+00    0.00000000000000000e+00         0.00000    [(4.2, 4.300000000000001), (2.0, 4.0)]
   127         0    0.00000000000000000e+00    0.00000000000000000e+00    0.00000000000000000e+00         0.00000    [(4.2, 4.300000000000001), (4.0, 6.0)]
   128         0    0.00000000000000000e+00    0.00000000000000000e+00    0.00000000000000000e+00         0.00000    [(4.2, 4.300000000000001), (6.0, 8.0)]
   129         0    0.00000000000000000e+00    0.00000000000000000e+00    0.00000000000000000e+00         0.00000    [(4.2, 4.300000000000001), (8.0, 10)]
   130         0    0.00000000000000000e+00    0.00000000000000000e+00    0.00000000000000000e+00         0.00000    [(4.3, 4.4), (0.0, 2.0)]
   131         0    0.00000000000000000e+00    0.00000000000000000e+00    0.00000000000000000e+00         0.00000    [(4.3, 4.4), (2.0, 4.0)]
   132         0    0.00000000000000000e+00    0.00000000000000000e+00    0.00000000000000000e+00         0.00000    [(4.3, 4.4), (4.0, 6.0)]
   133         8    8.65965243973227016e-35    1.08245655496653364e-35    1.08245655496653364e-35         1.00000    [(4.3, 4.4), (6.0, 8.0)]
   134         0    0.00000000000000000e+00    0.00000000000000000e+00    0.00000000000000000e+00         0.00000    [(4.3, 4.4), (8.0, 10)]
   135         8    1.38844781641225282e-32    1.73555977051531603e-33    1.73555977051531603e-33         1.00000    [(4.4, 4.5), (0.0, 2.0)]
   136         0    0.00000000000000000e+00    0.00000000000000000e+00    0.00000000000000000e+00         0.00000    [(4.4, 4.5), (2.0, 4.0)]
   137         8    1.73193048794645403e-34    2.16491310993306727e-35    2.16491310993306727e-35         1.00000    [(4.4, 4.5), (4.0, 6.0)]
   138         8    1.58760294728424930e-34    1.44327540662204494e-35    2.88655081324408987e-35         2.00000    [(4.4, 4.5), (6.0, 8.0)]
   139         8    4.32982621986613508e-35    5.41228277483266818e-36    5.41228277483266818e-36         1.00000    [(4.4, 4.5), (8.0, 10)]
   140         8    4.16534344923675819e-32    4.62815938804084251e-33    9.25631877608168502e-33         2.00000    [(4.5, 4.6), (0.0, 2.0)]
   141         8    8.12440322289226643e-32    1.01555040286153344e-32    1.01555040286153344e-32         1.00000    [(4.5, 4.6), (2.0, 4.0)]
   142         8    1.82078920867799579e-29    2.01394258500921144e-30    4.02748105290456897e-30         1.99980    [(4.5, 4.6), (4.0, 6.0)]
   143         8    5.19579146383936188e-34    4.32982621986613454e-35    1.15462032529763595e-34         2.66667    [(4.5, 4.6), (6.0, 8.0)]
   144         0    0.00000000000000000e+00    0.00000000000000000e+00    0.00000000000000000e+00         0.00000    [(4.5, 4.6), (8.0, 10)]
   145         8    6.94223908206126383e-32    6.94223908206126411e-33    1.38844781641225282e-32         2.00000    [(4.6, 4.7), (0.0, 2.0)]
   146         8    1.24960303477102751e-31    1.38844781641225282e-32    2.77689563282450564e-32         2.00000    [(4.6, 4.7), (2.0, 4.0)]
   147         8    4.86663933746111048e-29    5.19579146383936102e-34    1.21664684488661800e-29     23416.00608    [(4.6, 4.7), (4.0, 6.0)]
   148         8    1.20826019190084378e-29    1.51030539483921336e-30    1.51046415513394181e-30         1.00011    [(4.6, 4.7), (6.0, 8.0)]
   149         0    0.00000000000000000e+00    0.00000000000000000e+00    0.00000000000000000e+00         0.00000    [(4.6, 4.7), (8.0, 10)]
   150         8    9.12610380242270999e-30    1.11524528793406209e-30    1.31938678688427500e-30         1.18305    [(4.7, 4.800000000000001), (0.0, 2.0)]
   151         8    1.87004006887188768e-29    2.27314594237713692e-30    2.78837909207891802e-30         1.22666    [(4.7, 4.800000000000001), (2.0, 4.0)]
   152         8    7.45196625475675458e-29    8.11097896591078618e-30    1.21664684488661800e-29         1.50000    [(4.7, 4.800000000000001), (4.0, 6.0)]
   153         8    8.09005439294127999e-29    8.11097896591078618e-30    1.41523737383164351e-29         1.74484    [(4.7, 4.800000000000001), (6.0, 8.0)]
   154         8    5.05316503148247614e-29    6.31577653240935082e-30    6.32121458795930153e-30         1.00086    [(4.7, 4.800000000000001), (8.0, 10)]
   155         8    2.78311450018244655e-28    3.25821369378855359e-29    5.02364914530459205e-29         1.54184    [(4.8, 4.9), (0.0, 2.0)]
   156         8    5.67423183392270721e-29    6.73310760693007318e-30    9.09258376950854768e-30         1.35043    [(4.8, 4.9), (2.0, 4.0)]
   157         8    3.83056071738008108e-29    4.05548948295539309e-30    8.11097896591078618e-30         2.00000    [(4.8, 4.9), (4.0, 6.0)]
   158         8    3.00008125022442183e-27    3.71389582189639531e-28    4.00354174896945334e-28         1.07799    [(4.8, 4.9), (6.0, 8.0)]
   159         8    5.05371924923861930e-29    6.31577653240935082e-30    6.32675676552073033e-30         1.00174    [(4.8, 4.9), (8.0, 10)]
   160         8    2.55210727186722027e-28    2.85236939717897658e-29    4.52922973815066930e-29         1.58788    [(4.9, 5.0), (0.0, 2.0)]
   161         8    7.42985607370984103e-29    3.79848430216113635e-30    1.51939372086445454e-29         4.00000    [(4.9, 5.0), (2.0, 4.0)]
   162         8    6.85157754460403079e-27    6.16972343057547552e-28    1.23394468611509510e-27         2.00000    [(4.9, 5.0), (4.0, 6.0)]
   163         8    1.00958686975161700e-26    1.03566153536254874e-27    2.04106059069286309e-27         1.97078    [(4.9, 5.0), (6.0, 8.0)]
   164         8    1.35402954379183166e-28    1.41416739311179755e-29    2.82746469733560288e-29         1.99938    [(4.9, 5.0), (8.0, 10)]
   165         8    1.77279604288997632e-27    1.83480791065274286e-28    2.86029774309280729e-28         1.55891    [(5.0, 5.1), (0.0, 2.0)]
   166         8    7.39627848570509834e-28    7.56951877053923744e-29    1.42618469858948829e-28         1.88412    [(5.0, 5.1), (2.0, 4.0)]
   167         8    1.07526198890926233e-26    1.03566153536254874e-27    1.87247815393459408e-27         1.80800    [(5.0, 5.1), (4.0, 6.0)]
   168         8    1.01219877963713043e-26    1.03566153536254874e-27    2.07132307072509748e-27         2.00000    [(5.0, 5.1), (6.0, 8.0)]
   169         8    8.81892488757741800e-28    9.44617623641978420e-29    1.48228198228710361e-28         1.56919    [(5.0, 5.1), (8.0, 10)]
   170         8    1.27728871644694198e-27    1.22106434069091237e-28    2.60657095503084287e-28         2.13467    [(5.1, 5.2), (0.0, 2.0)]
   171         8    2.94586525087096848e-27    2.60657095503084287e-28    5.14968879895670812e-28         1.97566    [(5.1, 5.2), (2.0, 4.0)]
   172         8    6.38517632316928679e-23    7.98094580183281533e-24    7.98514261886315915e-24         1.00053    [(5.1, 5.2), (4.0, 6.0)]
   173         8    5.11752942009521622e-23    6.29522582854820164e-24    7.00511800092004736e-24         1.11277    [(5.1, 5.2), (6.0, 8.0)]
   174         8    1.75697521697044217e-27    1.48228198228710361e-28    3.07304288144003673e-28         2.07318    [(5.1, 5.2), (8.0, 10)]
   175         8    8.21156012589732738e-24    9.12387487247463499e-25    1.82477497449492700e-24         2.00000    [(5.2, 5.300000000000001), (0.0, 2.0)]
   176         8    8.09669766183277007e-23    9.12108091638036058e-24    1.52855058379206866e-23         1.67584    [(5.2, 5.300000000000001), (2.0, 4.0)]
   177         8    2.21693703816466202e-22    2.12825221382208409e-23    4.25650442764416817e-23         2.00000    [(5.2, 5.300000000000001), (4.0, 6.0)]
   178         8    6.52582547505613381e-22    7.12990504303511339e-23    1.42598100860702268e-22         2.00000    [(5.2, 5.300000000000001), (6.0, 8.0)]
   179         8    1.64371478288312789e-27    8.48239409200680920e-29    3.52665660933587401e-28         4.15762    [(5.2, 5.300000000000001), (8.0, 10)]
   180         8    2.73822600196071203e-24    3.42145307717798789e-25    3.43208847936120780e-25         1.00311    [(5.3, 5.4), (0.0, 2.0)]
   181         8    4.99322133176172526e-23    5.39846396554297319e-24    1.19892814854893672e-23         2.22087    [(5.3, 5.4), (2.0, 4.0)]
   182         8    1.22426229354635872e-21    1.18783276667099745e-22    2.14056837272292039e-22         1.80208    [(5.3, 5.4), (4.0, 6.0)]
   183         8    1.32222896389100883e-22    1.25904516570964033e-23    2.18972996939391225e-23         1.73920    [(5.3, 5.4), (6.0, 8.0)]
   184         8    2.86183009360850744e-23    3.57482357310245830e-24    3.59453592436786706e-24         1.00551    [(5.3, 5.4), (8.0, 10)]
   185         8    3.79409696746844228e-23    4.49871997128581074e-24    5.47432492348478063e-24         1.21686    [(5.4, 5.5), (0.0, 2.0)]
   186         8    1.64136767643366584e-22    1.88100175560238503e-23    2.69923198277148645e-23         1.43500    [(5.4, 5.5), (2.0, 4.0)]
   187         8    9.29270618971391692e-20    1.14140301766186293e-20    1.30288506608087699e-20         1.14148    [(5.4, 5.5), (4.0, 6.0)]
   188         8    1.17212320942985642e-21    1.01814237143228365e-22    2.22466819388873266e-22         2.18503    [(5.4, 5.5), (6.0, 8.0)]
   189         8    5.00465735685038038e-23    5.39590785304131558e-24    1.07918157060826312e-23         2.00000    [(5.4, 5.5), (8.0, 10)]
   190         8    2.69924612069389639e-23    3.37405765086737049e-24    3.37405765086737049e-24         1.00000    [(5.5, 5.6), (0.0, 2.0)]
   191         8    1.32136203393702501e-21    1.03632868756501784e-22    3.06433809021952524e-22         2.95692    [(5.5, 5.6), (2.0, 4.0)]
   192         8    3.31662267897351667e-21    3.11110667251086964e-22    6.22221334502173928e-22         2.00000    [(5.5, 5.6), (4.0, 6.0)]
   193         8    1.35125384878143434e-21    1.01814237143228365e-22    2.14056837272292039e-22         2.10243    [(5.5, 5.6), (6.0, 8.0)]
   194         8    1.94392652783576311e-22    2.15836314121652623e-23    4.05543010467557179e-23         1.87894    [(5.5, 5.6), (8.0, 10)]
   195         8    6.53256282044804265e-24    8.16570352556005240e-25    8.16570352556005240e-25         1.00000    [(5.6, 5.7), (0.0, 2.0)]
   196         8    4.88721043609689048e-20    5.70701508830931466e-21    8.92299874280370288e-21         1.56351    [(5.6, 5.7), (2.0, 4.0)]
   197         8    3.25422974275871286e-19    3.23101385256848577e-20    6.39305668205678946e-20         1.97865    [(5.6, 5.7), (4.0, 6.0)]
   198         8    1.71270807979924215e-20    2.06594593386074354e-21    2.66545926096721595e-21         1.29019    [(5.6, 5.7), (6.0, 8.0)]
   199         8    9.56612160561765306e-20    1.18170257855567275e-20    1.29420355572794364e-20         1.09520    [(5.6, 5.7), (8.0, 10)]
   200         8    3.35248826481629027e-23    3.85604568967355175e-24    6.53256282044804192e-24         1.69411    [(5.7, 5.800000000000001), (0.0, 2.0)]
   201         8    1.08636067764915880e-20    1.05675724501661768e-21    1.96900689116617893e-21         1.86325    [(5.7, 5.800000000000001), (2.0, 4.0)]
   202         8    1.40770111190854557e-19    1.57360178968877659e-20    3.04374138043163429e-20         1.93425    [(5.7, 5.800000000000001), (4.0, 6.0)]
   203         8    1.49557208773686712e-19    1.59826417051419737e-20    3.19652834102839473e-20         2.00000    [(5.7, 5.800000000000001), (6.0, 8.0)]
   204         8    1.76917527774215162e-19    2.20367566278479321e-20    2.26602313792796161e-20         1.02829    [(5.7, 5.800000000000001), (8.0, 10)]
   205         8    6.05172024758777672e-23    6.74807995692871612e-24    1.32806427773767573e-23         1.96806    [(5.8, 5.9), (0.0, 2.0)]
   206         8    5.09970377820046003e-18    6.36504081923815445e-19    6.44175204733752109e-19         1.01205    [(5.8, 5.9), (2.0, 4.0)]
   207         8    3.69939024584208276e-19    1.02617111031413675e-20    8.81470265113917284e-20         8.58990    [(5.8, 5.9), (4.0, 6.0)]
   208         8    2.14690682282704167e-19    1.84750012568783599e-20    3.69500025137567198e-20         2.00000    [(5.8, 5.9), (6.0, 8.0)]
   209         8    2.29404735749007373e-19    2.64441079534175173e-20    4.40735132556958642e-20         1.66667    [(5.8, 5.9), (8.0, 10)]
   210         8    6.53256282044804265e-24    8.16570352556005240e-25    8.16570352556005240e-25         1.00000    [(5.9, 6.0), (0.0, 2.0)]
   211         8    7.20437968265486309e-18    7.10743657417833477e-19    1.40160336984650749e-18         1.97202    [(5.9, 6.0), (2.0, 4.0)]
   212         8    2.60984660303905997e-17    3.05779509935402016e-18    4.57307961762135417e-18         1.49555    [(5.9, 6.0), (4.0, 6.0)]
   213         8    2.80702223188994233e-18    2.44161839696933407e-19    4.83141321198973457e-19         1.97877    [(5.9, 6.0), (6.0, 8.0)]
   214         8    3.43625543688219177e-18    2.70313282380945001e-19    4.95639100952412169e-19         1.83357    [(5.9, 6.0), (8.0, 10)]
   215         8    5.18934221419173748e-16    6.38152225862392646e-17    7.22276633154989695e-17         1.13182    [(6.0, 6.25), (0.0, 2.0)]
   216         8    4.02220709798180021e-16    4.82820236847779399e-17    5.42443607527572672e-17         1.12349    [(6.0, 6.25), (2.0, 4.0)]
   217         8    6.73808758445084478e-17    6.78937687385403142e-18    1.34407977108489620e-17         1.97968    [(6.0, 6.25), (4.0, 6.0)]
   218         8    6.36254443910385947e-17    6.69550185086942204e-18    1.26034402384519787e-17         1.88237    [(6.0, 6.25), (6.0, 8.0)]
   219         8    4.47022673090339921e-18    4.06959696650638173e-19    8.13919393301276346e-19         2.00000    [(6.0, 6.25), (8.0, 10)]
   220         8    3.77498351231707363e-15    3.40347853793276062e-16    6.80695707586552123e-16         2.00000    [(6.25, 6.5), (0.0, 2.0)]
   221         8    1.95126470641344943e-15    2.19391924388307245e-16    3.60245860139215108e-16         1.64202    [(6.25, 6.5), (2.0, 4.0)]
   222         8    7.23243765855191256e-15    8.30820301522296053e-16    1.41669554789584009e-15         1.70518    [(6.25, 6.5), (4.0, 6.0)]
   223         8    5.16683847572057911e-15    5.97012219099026485e-16    9.87752942027394013e-16         1.65449    [(6.25, 6.5), (6.0, 8.0)]
   224         8    1.78186908646544331e-14    1.79103665729707955e-15    3.58207331459415911e-15         2.00000    [(6.25, 6.5), (8.0, 10)]
   225         8    1.12886129383423844e-14    1.26814044958123462e-15    2.03954417354712099e-15         1.60830    [(6.5, 6.75), (0.0, 2.0)]
   226         8    4.04710318073215826e-14    3.64494319859852691e-15    7.28988639719705382e-15         2.00000    [(6.5, 6.75), (2.0, 4.0)]
   227         8    1.35657343235451540e-14    1.42544361690693722e-15    2.85088723381387443e-15         2.00000    [(6.5, 6.75), (4.0, 6.0)]
   228         8    3.60587242036584123e-13    3.34326842695454840e-14    6.51822201228364826e-14         1.94966    [(6.5, 6.75), (6.0, 8.0)]
   229         8    6.20064126934339869e-14    4.91003219252425810e-15    1.29998057608328337e-14         2.64760    [(6.5, 6.75), (8.0, 10)]
   230         8    8.10999859272140279e-15    9.11235799649631727e-16    1.73134799517398129e-15         1.90000    [(6.75, 7), (0.0, 2.0)]
   231         8    9.27424071805052679e-13    2.46033658657304888e-15    1.33135299131045291e-13        54.11264    [(6.75, 7), (2.0, 4.0)]
   232         8    1.09352034344112924e-13    9.96365430535254047e-15    1.99273086107050809e-14         2.00000    [(6.75, 7), (4.0, 6.0)]
   233         8    4.43659265332333543e-13    4.29814138047605181e-14    1.03308802826566114e-13         2.40357    [(6.75, 7), (6.0, 8.0)]
   234         8    3.44789658672070047e-12    3.80174893360898796e-13    7.60349786721797593e-13         2.00000    [(6.75, 7), (8.0, 10)]
   235         8    8.50964952160662777e-13    7.83509807655456121e-14    1.56701961531091224e-13         2.00000    [(7.0, 7.5), (0.0, 2.0)]
   236         8    9.20815607553346927e-12    4.70515942367294985e-13    2.21281192676448251e-12         4.70295    [(7.0, 7.5), (2.0, 4.0)]
   237         8    4.43113906994787969e-11    4.20026156408054445e-12    7.98925172408452583e-12         1.90208    [(7.0, 7.5), (4.0, 6.0)]
   238         8    1.20331225337893964e-10    1.33807508816321415e-11    2.54451285114987498e-11         1.90162    [(7.0, 7.5), (6.0, 8.0)]
   239         8    3.63578603819945368e-10    2.57700604274761753e-11    6.35885326626436380e-11         2.46754    [(7.0, 7.5), (8.0, 10)]
   240         8    2.35052942296636824e-13    2.93816177870796030e-14    2.93816177870796030e-14         1.00000    [(7.5, 8), (0.0, 2.0)]
   241         8    4.48772716997727348e-13    5.59754791719414087e-14    5.69443627941374935e-14         1.01731    [(7.5, 8), (2.0, 4.0)]
   242         8    5.33416785524978541e-11    4.42501181326711003e-12    8.34092722053283543e-12         1.88495    [(7.5, 8), (4.0, 6.0)]
   243         8    7.20159137110789505e-11    6.71904263667227728e-12    1.31993585822608420e-11         1.96447    [(7.5, 8), (6.0, 8.0)]
   244         8    1.95604382290584579e-10    2.12804222524887211e-11    4.01113542270487712e-11         1.88489    [(7.5, 8), (8.0, 10)]
   245         0    0.00000000000000000e+00    0.00000000000000000e+00    0.00000000000000000e+00         0.00000    [(8.0, 8.5), (0.0, 2.0)]
   246         8    2.51909741771011879e-14    2.90665086658825374e-15    4.84441811098340927e-15         1.66667    [(8.0, 8.5), (2.0, 4.0)]
   247         8    1.33589162433380998e-11    1.34928225700635769e-12    3.07684054689995078e-12         2.28035    [(8.0, 8.5), (4.0, 6.0)]
   248         8    5.30606051327531591e-11    3.83785503301163836e-12    9.31107195602579724e-12         2.42611    [(8.0, 8.5), (6.0, 8.0)]
   249         8    5.08060059823563006e-11    5.31382254015358805e-12    9.96935851816648587e-12         1.87612    [(8.0, 8.5), (8.0, 10)]
   250         0    0.00000000000000000e+00    0.00000000000000000e+00    0.00000000000000000e+00         0.00000    [(8.5, 9), (0.0, 2.0)]
   251         8    3.77045729797805172e-27    3.73312603760203130e-28    7.46625207520406260e-28         2.00000    [(8.5, 9), (2.0, 4.0)]
   252         8    3.73471692507705473e-13    3.99255976451720914e-14    7.98511952903441828e-14         2.00000    [(8.5, 9), (4.0, 6.0)]
   253         8    1.70109152345025689e-11    9.98139941129302184e-13    3.16052357146424958e-12         3.16641    [(8.5, 9), (6.0, 8.0)]
   254         8    2.81282148327297380e-11    2.42835284848260449e-12    5.25439912033362961e-12         2.16377    [(8.5, 9), (8.0, 10)]
   255         0    0.00000000000000000e+00    0.00000000000000000e+00    0.00000000000000000e+00         0.00000    [(9.0, 9.5), (0.0, 2.0)]
   256         8    3.73312603760203085e-28    4.66640754700253912e-29    4.66640754700253912e-29         1.00000    [(9.0, 9.5), (2.0, 4.0)]
   257         8    3.29205384770728169e-24    3.65605448301264802e-25    7.31210896602529605e-25         2.00000    [(9.0, 9.5), (4.0, 6.0)]
   258         8    1.23080728116603196e-13    1.08766518925150544e-14    3.01502574739776282e-14         2.77202    [(9.0, 9.5), (6.0, 8.0)]
   259         8    2.45185349404750845e-12    2.74018786965632978e-13    5.13619885815784161e-13         1.87440    [(9.0, 9.5), (8.0, 10)]
   260         0    0.00000000000000000e+00    0.00000000000000000e+00    0.00000000000000000e+00         0.00000    [(9.5, 10), (0.0, 2.0)]
   261         0    0.00000000000000000e+00    0.00000000000000000e+00    0.00000000000000000e+00         0.00000    [(9.5, 10), (2.0, 4.0)]
   262         8    8.44954162260291243e-24    9.20783006032132336e-25    1.84156601206426467e-24         2.00000    [(9.5, 10), (4.0, 6.0)]
   263         8    2.85615748364103568e-23    2.01456072009306727e-24    3.89979144854682480e-24         1.93580    [(9.5, 10), (6.0, 8.0)]
   264         8    3.40434893397107191e-23    3.25280887506113619e-24    8.31954527803150033e-24         2.55765    [(9.5, 10), (8.0, 10)]
   265         0    0.00000000000000000e+00    0.00000000000000000e+00    0.00000000000000000e+00         0.00000    [(0.0, 2.5), (10.0, inf)]
   266         8    2.77108878071432645e-33    3.46386097589290763e-34    3.46386097589290763e-34         1.00000    [(2.5, 5.0), (10.0, inf)]
   267         8    4.79897400300124580e-19    1.37232530513674619e-21    9.45362062844538202e-20        68.88761    [(5.0, 6.0), (10.0, inf)]
   268         8    8.57897958444910727e-11    1.05756473378410138e-11    1.17602644796039742e-11         1.11201    [(6.0, 7.0), (10.0, inf)]
   269         8    7.02320483503985959e-10    5.74810366956093307e-11    1.68140188524969070e-10         2.92514    [(7.0, 8.0), (10.0, inf)]
   270         8    2.06785039561356273e-04    1.78603281280844554e-05    3.66712238656443195e-05         2.05322    [(8.0, 9.0), (10.0, inf)]
   271         8    6.60255522593673934e-03    5.07239412669706390e-04    1.49994850288484517e-03         2.95708    [(9.0, 10), (10.0, inf)]
   272         0    0.00000000000000000e+00    0.00000000000000000e+00    0.00000000000000000e+00         0.00000    [(10.0, inf), (0.0, 5.0)]
   273         8    2.33987486912809473e-23    1.94989572427341240e-24    3.89979144854682480e-24         2.00000    [(10.0, inf), (5.0, 10)]
   274         8    3.32328190974187643e-03    3.04680082986855604e-04    7.49974251442422587e-04         2.46151    [(10.0, 11), (10.0, inf)]
   275         8    1.60472799906402591e-01    1.37694295350663017e-02    3.31983021640890399e-02         2.41102    [(11.0, 12), (10.0, inf)]
   276         8    8.29394576099521386e-01    5.56178028446063788e-02    1.14571839145972576e-01         2.05998    [(12.0, inf), (10.0, inf)]
