System is being built only off of the system driver
Bin information for iteration 61
1544 segments
277 bins total, 0 targets, 115 (41.516%) occupied
Minimum probability by bin:     4.17642666236230570e-31
Maximum probability by bin:     8.40061838840133746e-01
Dynamic range (by bin):         69.7764 kT
Minimum probability by segment: 3.26283332997055133e-33
Maximum probability by segment: 1.14571839145972576e-01
Dynamic range (by segment):     72.6362 kT
Norm = 1, error in norm = 0 (0 epsilon)

 Index     Count    Total weight               Min seg weight             Max seg weight             Weight ratio    Label
     0         0    0.00000000000000000e+00    0.00000000000000000e+00    0.00000000000000000e+00         0.00000    [(0.0, 1.0), (0.0, 2.0)]
     1         0    0.00000000000000000e+00    0.00000000000000000e+00    0.00000000000000000e+00         0.00000    [(0.0, 1.0), (2.0, 4.0)]
     2         0    0.00000000000000000e+00    0.00000000000000000e+00    0.00000000000000000e+00         0.00000    [(0.0, 1.0), (4.0, 6.0)]
     3         0    0.00000000000000000e+00    0.00000000000000000e+00    0.00000000000000000e+00         0.00000    [(0.0, 1.0), (6.0, 8.0)]
     4         0    0.00000000000000000e+00    0.00000000000000000e+00    0.00000000000000000e+00         0.00000    [(0.0, 1.0), (8.0, 10)]
     5         0    0.00000000000000000e+00    0.00000000000000000e+00    0.00000000000000000e+00         0.00000    [(1.0, 1.5), (0.0, 2.0)]
     6         0    0.00000000000000000e+00    0.00000000000000000e+00    0.00000000000000000e+00         0.00000    [(1.0, 1.5), (2.0, 4.0)]
     7         0    0.00000000000000000e+00    0.00000000000000000e+00    0.00000000000000000e+00         0.00000    [(1.0, 1.5), (4.0, 6.0)]
     8         0    0.00000000000000000e+00    0.00000000000000000e+00    0.00000000000000000e+00         0.00000    [(1.0, 1.5), (6.0, 8.0)]
     9         0    0.00000000000000000e+00    0.00000000000000000e+00    0.00000000000000000e+00         0.00000    [(1.0, 1.5), (8.0, 10)]
    10         0    0.00000000000000000e+00    0.00000000000000000e+00    0.00000000000000000e+00         0.00000    [(1.5, 2.0), (0.0, 2.0)]
    11         0    0.00000000000000000e+00    0.00000000000000000e+00    0.00000000000000000e+00         0.00000    [(1.5, 2.0), (2.0, 4.0)]
    12         0    0.00000000000000000e+00    0.00000000000000000e+00    0.00000000000000000e+00         0.00000    [(1.5, 2.0), (4.0, 6.0)]
    13         0    0.00000000000000000e+00    0.00000000000000000e+00    0.00000000000000000e+00         0.00000    [(1.5, 2.0), (6.0, 8.0)]
    14         0    0.00000000000000000e+00    0.00000000000000000e+00    0.00000000000000000e+00         0.00000    [(1.5, 2.0), (8.0, 10)]
    15         0    0.00000000000000000e+00    0.00000000000000000e+00    0.00000000000000000e+00         0.00000    [(2.0, 2.1), (0.0, 2.0)]
    16         0    0.00000000000000000e+00    0.00000000000000000e+00    0.00000000000000000e+00         0.00000    [(2.0, 2.1), (2.0, 4.0)]
    17         0    0.00000000000000000e+00    0.00000000000000000e+00    0.00000000000000000e+00         0.00000    [(2.0, 2.1), (4.0, 6.0)]
    18         0    0.00000000000000000e+00    0.00000000000000000e+00    0.00000000000000000e+00         0.00000    [(2.0, 2.1), (6.0, 8.0)]
    19         0    0.00000000000000000e+00    0.00000000000000000e+00    0.00000000000000000e+00         0.00000    [(2.0, 2.1), (8.0, 10)]
    20         0    0.00000000000000000e+00    0.00000000000000000e+00    0.00000000000000000e+00         0.00000    [(2.1, 2.2), (0.0, 2.0)]
    21         0    0.00000000000000000e+00    0.00000000000000000e+00    0.00000000000000000e+00         0.00000    [(2.1, 2.2), (2.0, 4.0)]
    22         0    0.00000000000000000e+00    0.00000000000000000e+00    0.00000000000000000e+00         0.00000    [(2.1, 2.2), (4.0, 6.0)]
    23         0    0.00000000000000000e+00    0.00000000000000000e+00    0.00000000000000000e+00         0.00000    [(2.1, 2.2), (6.0, 8.0)]
    24         0    0.00000000000000000e+00    0.00000000000000000e+00    0.00000000000000000e+00         0.00000    [(2.1, 2.2), (8.0, 10)]
    25         0    0.00000000000000000e+00    0.00000000000000000e+00    0.00000000000000000e+00         0.00000    [(2.2, 2.3), (0.0, 2.0)]
    26         0    0.00000000000000000e+00    0.00000000000000000e+00    0.00000000000000000e+00         0.00000    [(2.2, 2.3), (2.0, 4.0)]
    27         0    0.00000000000000000e+00    0.00000000000000000e+00    0.00000000000000000e+00         0.00000    [(2.2, 2.3), (4.0, 6.0)]
    28         0    0.00000000000000000e+00    0.00000000000000000e+00    0.00000000000000000e+00         0.00000    [(2.2, 2.3), (6.0, 8.0)]
    29         0    0.00000000000000000e+00    0.00000000000000000e+00    0.00000000000000000e+00         0.00000    [(2.2, 2.3), (8.0, 10)]
    30         0    0.00000000000000000e+00    0.00000000000000000e+00    0.00000000000000000e+00         0.00000    [(2.3, 2.4), (0.0, 2.0)]
    31         0    0.00000000000000000e+00    0.00000000000000000e+00    0.00000000000000000e+00         0.00000    [(2.3, 2.4), (2.0, 4.0)]
    32         0    0.00000000000000000e+00    0.00000000000000000e+00    0.00000000000000000e+00         0.00000    [(2.3, 2.4), (4.0, 6.0)]
    33         0    0.00000000000000000e+00    0.00000000000000000e+00    0.00000000000000000e+00         0.00000    [(2.3, 2.4), (6.0, 8.0)]
    34         0    0.00000000000000000e+00    0.00000000000000000e+00    0.00000000000000000e+00         0.00000    [(2.3, 2.4), (8.0, 10)]
    35         0    0.00000000000000000e+00    0.00000000000000000e+00    0.00000000000000000e+00         0.00000    [(2.4, 2.5), (0.0, 2.0)]
    36         0    0.00000000000000000e+00    0.00000000000000000e+00    0.00000000000000000e+00         0.00000    [(2.4, 2.5), (2.0, 4.0)]
    37         0    0.00000000000000000e+00    0.00000000000000000e+00    0.00000000000000000e+00         0.00000    [(2.4, 2.5), (4.0, 6.0)]
    38         0    0.00000000000000000e+00    0.00000000000000000e+00    0.00000000000000000e+00         0.00000    [(2.4, 2.5), (6.0, 8.0)]
    39         0    0.00000000000000000e+00    0.00000000000000000e+00    0.00000000000000000e+00         0.00000    [(2.4, 2.5), (8.0, 10)]
    40         0    0.00000000000000000e+00    0.00000000000000000e+00    0.00000000000000000e+00         0.00000    [(2.5, 2.6), (0.0, 2.0)]
    41         0    0.00000000000000000e+00    0.00000000000000000e+00    0.00000000000000000e+00         0.00000    [(2.5, 2.6), (2.0, 4.0)]
    42         0    0.00000000000000000e+00    0.00000000000000000e+00    0.00000000000000000e+00         0.00000    [(2.5, 2.6), (4.0, 6.0)]
    43         0    0.00000000000000000e+00    0.00000000000000000e+00    0.00000000000000000e+00         0.00000    [(2.5, 2.6), (6.0, 8.0)]
    44         0    0.00000000000000000e+00    0.00000000000000000e+00    0.00000000000000000e+00         0.00000    [(2.5, 2.6), (8.0, 10)]
    45         0    0.00000000000000000e+00    0.00000000000000000e+00    0.00000000000000000e+00         0.00000    [(2.6, 2.7), (0.0, 2.0)]
    46         0    0.00000000000000000e+00    0.00000000000000000e+00    0.00000000000000000e+00         0.00000    [(2.6, 2.7), (2.0, 4.0)]
    47         0    0.00000000000000000e+00    0.00000000000000000e+00    0.00000000000000000e+00         0.00000    [(2.6, 2.7), (4.0, 6.0)]
    48         0    0.00000000000000000e+00    0.00000000000000000e+00    0.00000000000000000e+00         0.00000    [(2.6, 2.7), (6.0, 8.0)]
    49         0    0.00000000000000000e+00    0.00000000000000000e+00    0.00000000000000000e+00         0.00000    [(2.6, 2.7), (8.0, 10)]
    50         0    0.00000000000000000e+00    0.00000000000000000e+00    0.00000000000000000e+00         0.00000    [(2.7, 2.8), (0.0, 2.0)]
    51         0    0.00000000000000000e+00    0.00000000000000000e+00    0.00000000000000000e+00         0.00000    [(2.7, 2.8), (2.0, 4.0)]
    52         0    0.00000000000000000e+00    0.00000000000000000e+00    0.00000000000000000e+00         0.00000    [(2.7, 2.8), (4.0, 6.0)]
    53         0    0.00000000000000000e+00    0.00000000000000000e+00    0.00000000000000000e+00         0.00000    [(2.7, 2.8), (6.0, 8.0)]
    54         0    0.00000000000000000e+00    0.00000000000000000e+00    0.00000000000000000e+00         0.00000    [(2.7, 2.8), (8.0, 10)]
    55         0    0.00000000000000000e+00    0.00000000000000000e+00    0.00000000000000000e+00         0.00000    [(2.8, 2.9), (0.0, 2.0)]
    56         0    0.00000000000000000e+00    0.00000000000000000e+00    0.00000000000000000e+00         0.00000    [(2.8, 2.9), (2.0, 4.0)]
    57         0    0.00000000000000000e+00    0.00000000000000000e+00    0.00000000000000000e+00         0.00000    [(2.8, 2.9), (4.0, 6.0)]
    58         0    0.00000000000000000e+00    0.00000000000000000e+00    0.00000000000000000e+00         0.00000    [(2.8, 2.9), (6.0, 8.0)]
    59         0    0.00000000000000000e+00    0.00000000000000000e+00    0.00000000000000000e+00         0.00000    [(2.8, 2.9), (8.0, 10)]
    60         0    0.00000000000000000e+00    0.00000000000000000e+00    0.00000000000000000e+00         0.00000    [(2.9, 3.0), (0.0, 2.0)]
    61         0    0.00000000000000000e+00    0.00000000000000000e+00    0.00000000000000000e+00         0.00000    [(2.9, 3.0), (2.0, 4.0)]
    62         0    0.00000000000000000e+00    0.00000000000000000e+00    0.00000000000000000e+00         0.00000    [(2.9, 3.0), (4.0, 6.0)]
    63         0    0.00000000000000000e+00    0.00000000000000000e+00    0.00000000000000000e+00         0.00000    [(2.9, 3.0), (6.0, 8.0)]
    64         0    0.00000000000000000e+00    0.00000000000000000e+00    0.00000000000000000e+00         0.00000    [(2.9, 3.0), (8.0, 10)]
    65         0    0.00000000000000000e+00    0.00000000000000000e+00    0.00000000000000000e+00         0.00000    [(3.0, 3.1), (0.0, 2.0)]
    66         0    0.00000000000000000e+00    0.00000000000000000e+00    0.00000000000000000e+00         0.00000    [(3.0, 3.1), (2.0, 4.0)]
    67         0    0.00000000000000000e+00    0.00000000000000000e+00    0.00000000000000000e+00         0.00000    [(3.0, 3.1), (4.0, 6.0)]
    68         0    0.00000000000000000e+00    0.00000000000000000e+00    0.00000000000000000e+00         0.00000    [(3.0, 3.1), (6.0, 8.0)]
    69         0    0.00000000000000000e+00    0.00000000000000000e+00    0.00000000000000000e+00         0.00000    [(3.0, 3.1), (8.0, 10)]
    70         0    0.00000000000000000e+00    0.00000000000000000e+00    0.00000000000000000e+00         0.00000    [(3.1, 3.2), (0.0, 2.0)]
    71         0    0.00000000000000000e+00    0.00000000000000000e+00    0.00000000000000000e+00         0.00000    [(3.1, 3.2), (2.0, 4.0)]
    72         0    0.00000000000000000e+00    0.00000000000000000e+00    0.00000000000000000e+00         0.00000    [(3.1, 3.2), (4.0, 6.0)]
    73         0    0.00000000000000000e+00    0.00000000000000000e+00    0.00000000000000000e+00         0.00000    [(3.1, 3.2), (6.0, 8.0)]
    74         0    0.00000000000000000e+00    0.00000000000000000e+00    0.00000000000000000e+00         0.00000    [(3.1, 3.2), (8.0, 10)]
    75         0    0.00000000000000000e+00    0.00000000000000000e+00    0.00000000000000000e+00         0.00000    [(3.2, 3.3), (0.0, 2.0)]
    76         0    0.00000000000000000e+00    0.00000000000000000e+00    0.00000000000000000e+00         0.00000    [(3.2, 3.3), (2.0, 4.0)]
    77         0    0.00000000000000000e+00    0.00000000000000000e+00    0.00000000000000000e+00         0.00000    [(3.2, 3.3), (4.0, 6.0)]
    78         0    0.00000000000000000e+00    0.00000000000000000e+00    0.00000000000000000e+00         0.00000    [(3.2, 3.3), (6.0, 8.0)]
    79         0    0.00000000000000000e+00    0.00000000000000000e+00    0.00000000000000000e+00         0.00000    [(3.2, 3.3), (8.0, 10)]
    80         0    0.00000000000000000e+00    0.00000000000000000e+00    0.00000000000000000e+00         0.00000    [(3.3, 3.4000000000000004), (0.0, 2.0)]
    81         0    0.00000000000000000e+00    0.00000000000000000e+00    0.00000000000000000e+00         0.00000    [(3.3, 3.4000000000000004), (2.0, 4.0)]
    82         0    0.00000000000000000e+00    0.00000000000000000e+00    0.00000000000000000e+00         0.00000    [(3.3, 3.4000000000000004), (4.0, 6.0)]
    83         0    0.00000000000000000e+00    0.00000000000000000e+00    0.00000000000000000e+00         0.00000    [(3.3, 3.4000000000000004), (6.0, 8.0)]
    84         0    0.00000000000000000e+00    0.00000000000000000e+00    0.00000000000000000e+00         0.00000    [(3.3, 3.4000000000000004), (8.0, 10)]
    85         0    0.00000000000000000e+00    0.00000000000000000e+00    0.00000000000000000e+00         0.00000    [(3.4, 3.5), (0.0, 2.0)]
    86         0    0.00000000000000000e+00    0.00000000000000000e+00    0.00000000000000000e+00         0.00000    [(3.4, 3.5), (2.0, 4.0)]
    87         0    0.00000000000000000e+00    0.00000000000000000e+00    0.00000000000000000e+00         0.00000    [(3.4, 3.5), (4.0, 6.0)]
    88         0    0.00000000000000000e+00    0.00000000000000000e+00    0.00000000000000000e+00         0.00000    [(3.4, 3.5), (6.0, 8.0)]
    89         0    0.00000000000000000e+00    0.00000000000000000e+00    0.00000000000000000e+00         0.00000    [(3.4, 3.5), (8.0, 10)]
    90         0    0.00000000000000000e+00    0.00000000000000000e+00    0.00000000000000000e+00         0.00000    [(3.5, 3.6), (0.0, 2.0)]
    91         0    0.00000000000000000e+00    0.00000000000000000e+00    0.00000000000000000e+00         0.00000    [(3.5, 3.6), (2.0, 4.0)]
    92         0    0.00000000000000000e+00    0.00000000000000000e+00    0.00000000000000000e+00         0.00000    [(3.5, 3.6), (4.0, 6.0)]
    93         0    0.00000000000000000e+00    0.00000000000000000e+00    0.00000000000000000e+00         0.00000    [(3.5, 3.6), (6.0, 8.0)]
    94         0    0.00000000000000000e+00    0.00000000000000000e+00    0.00000000000000000e+00         0.00000    [(3.5, 3.6), (8.0, 10)]
    95         0    0.00000000000000000e+00    0.00000000000000000e+00    0.00000000000000000e+00         0.00000    [(3.6, 3.7), (0.0, 2.0)]
    96         0    0.00000000000000000e+00    0.00000000000000000e+00    0.00000000000000000e+00         0.00000    [(3.6, 3.7), (2.0, 4.0)]
    97         0    0.00000000000000000e+00    0.00000000000000000e+00    0.00000000000000000e+00         0.00000    [(3.6, 3.7), (4.0, 6.0)]
    98         0    0.00000000000000000e+00    0.00000000000000000e+00    0.00000000000000000e+00         0.00000    [(3.6, 3.7), (6.0, 8.0)]
    99         0    0.00000000000000000e+00    0.00000000000000000e+00    0.00000000000000000e+00         0.00000    [(3.6, 3.7), (8.0, 10)]
   100         0    0.00000000000000000e+00    0.00000000000000000e+00    0.00000000000000000e+00         0.00000    [(3.7, 3.8), (0.0, 2.0)]
   101         0    0.00000000000000000e+00    0.00000000000000000e+00    0.00000000000000000e+00         0.00000    [(3.7, 3.8), (2.0, 4.0)]
   102         0    0.00000000000000000e+00    0.00000000000000000e+00    0.00000000000000000e+00         0.00000    [(3.7, 3.8), (4.0, 6.0)]
   103         0    0.00000000000000000e+00    0.00000000000000000e+00    0.00000000000000000e+00         0.00000    [(3.7, 3.8), (6.0, 8.0)]
   104         0    0.00000000000000000e+00    0.00000000000000000e+00    0.00000000000000000e+00         0.00000    [(3.7, 3.8), (8.0, 10)]
   105         0    0.00000000000000000e+00    0.00000000000000000e+00    0.00000000000000000e+00         0.00000    [(3.8, 3.9000000000000004), (0.0, 2.0)]
   106         0    0.00000000000000000e+00    0.00000000000000000e+00    0.00000000000000000e+00         0.00000    [(3.8, 3.9000000000000004), (2.0, 4.0)]
   107         0    0.00000000000000000e+00    0.00000000000000000e+00    0.00000000000000000e+00         0.00000    [(3.8, 3.9000000000000004), (4.0, 6.0)]
   108         0    0.00000000000000000e+00    0.00000000000000000e+00    0.00000000000000000e+00         0.00000    [(3.8, 3.9000000000000004), (6.0, 8.0)]
   109         0    0.00000000000000000e+00    0.00000000000000000e+00    0.00000000000000000e+00         0.00000    [(3.8, 3.9000000000000004), (8.0, 10)]
   110         0    0.00000000000000000e+00    0.00000000000000000e+00    0.00000000000000000e+00         0.00000    [(3.9, 4.0), (0.0, 2.0)]
   111         0    0.00000000000000000e+00    0.00000000000000000e+00    0.00000000000000000e+00         0.00000    [(3.9, 4.0), (2.0, 4.0)]
   112         0    0.00000000000000000e+00    0.00000000000000000e+00    0.00000000000000000e+00         0.00000    [(3.9, 4.0), (4.0, 6.0)]
   113         0    0.00000000000000000e+00    0.00000000000000000e+00    0.00000000000000000e+00         0.00000    [(3.9, 4.0), (6.0, 8.0)]
   114         0    0.00000000000000000e+00    0.00000000000000000e+00    0.00000000000000000e+00         0.00000    [(3.9, 4.0), (8.0, 10)]
   115         0    0.00000000000000000e+00    0.00000000000000000e+00    0.00000000000000000e+00         0.00000    [(4.0, 4.1), (0.0, 2.0)]
   116         0    0.00000000000000000e+00    0.00000000000000000e+00    0.00000000000000000e+00         0.00000    [(4.0, 4.1), (2.0, 4.0)]
   117         0    0.00000000000000000e+00    0.00000000000000000e+00    0.00000000000000000e+00         0.00000    [(4.0, 4.1), (4.0, 6.0)]
   118         0    0.00000000000000000e+00    0.00000000000000000e+00    0.00000000000000000e+00         0.00000    [(4.0, 4.1), (6.0, 8.0)]
   119         0    0.00000000000000000e+00    0.00000000000000000e+00    0.00000000000000000e+00         0.00000    [(4.0, 4.1), (8.0, 10)]
   120         0    0.00000000000000000e+00    0.00000000000000000e+00    0.00000000000000000e+00         0.00000    [(4.1, 4.2), (0.0, 2.0)]
   121         0    0.00000000000000000e+00    0.00000000000000000e+00    0.00000000000000000e+00         0.00000    [(4.1, 4.2), (2.0, 4.0)]
   122         0    0.00000000000000000e+00    0.00000000000000000e+00    0.00000000000000000e+00         0.00000    [(4.1, 4.2), (4.0, 6.0)]
   123         0    0.00000000000000000e+00    0.00000000000000000e+00    0.00000000000000000e+00         0.00000    [(4.1, 4.2), (6.0, 8.0)]
   124         0    0.00000000000000000e+00    0.00000000000000000e+00    0.00000000000000000e+00         0.00000    [(4.1, 4.2), (8.0, 10)]
   125         0    0.00000000000000000e+00    0.00000000000000000e+00    0.00000000000000000e+00         0.00000    [(4.2, 4.300000000000001), (0.0, 2.0)]
   126         0    0.00000000000000000e+00    0.00000000000000000e+00    0.00000000000000000e+00         0.00000    [(4.2, 4.300000000000001), (2.0, 4.0)]
   127         0    0.00000000000000000e+00    0.00000000000000000e+00    0.00000000000000000e+00         0.00000    [(4.2, 4.300000000000001), (4.0, 6.0)]
   128         0    0.00000000000000000e+00    0.00000000000000000e+00    0.00000000000000000e+00         0.00000    [(4.2, 4.300000000000001), (6.0, 8.0)]
   129         0    0.00000000000000000e+00    0.00000000000000000e+00    0.00000000000000000e+00         0.00000    [(4.2, 4.300000000000001), (8.0, 10)]
   130         0    0.00000000000000000e+00    0.00000000000000000e+00    0.00000000000000000e+00         0.00000    [(4.3, 4.4), (0.0, 2.0)]
   131         0    0.00000000000000000e+00    0.00000000000000000e+00    0.00000000000000000e+00         0.00000    [(4.3, 4.4), (2.0, 4.0)]
   132         0    0.00000000000000000e+00    0.00000000000000000e+00    0.00000000000000000e+00         0.00000    [(4.3, 4.4), (4.0, 6.0)]
   133         0    0.00000000000000000e+00    0.00000000000000000e+00    0.00000000000000000e+00         0.00000    [(4.3, 4.4), (6.0, 8.0)]
   134         0    0.00000000000000000e+00    0.00000000000000000e+00    0.00000000000000000e+00         0.00000    [(4.3, 4.4), (8.0, 10)]
   135         0    0.00000000000000000e+00    0.00000000000000000e+00    0.00000000000000000e+00         0.00000    [(4.4, 4.5), (0.0, 2.0)]
   136         0    0.00000000000000000e+00    0.00000000000000000e+00    0.00000000000000000e+00         0.00000    [(4.4, 4.5), (2.0, 4.0)]
   137         0    0.00000000000000000e+00    0.00000000000000000e+00    0.00000000000000000e+00         0.00000    [(4.4, 4.5), (4.0, 6.0)]
   138         0    0.00000000000000000e+00    0.00000000000000000e+00    0.00000000000000000e+00         0.00000    [(4.4, 4.5), (6.0, 8.0)]
   139         0    0.00000000000000000e+00    0.00000000000000000e+00    0.00000000000000000e+00         0.00000    [(4.4, 4.5), (8.0, 10)]
   140         0    0.00000000000000000e+00    0.00000000000000000e+00    0.00000000000000000e+00         0.00000    [(4.5, 4.6), (0.0, 2.0)]
   141         0    0.00000000000000000e+00    0.00000000000000000e+00    0.00000000000000000e+00         0.00000    [(4.5, 4.6), (2.0, 4.0)]
   142         0    0.00000000000000000e+00    0.00000000000000000e+00    0.00000000000000000e+00         0.00000    [(4.5, 4.6), (4.0, 6.0)]
   143         0    0.00000000000000000e+00    0.00000000000000000e+00    0.00000000000000000e+00         0.00000    [(4.5, 4.6), (6.0, 8.0)]
   144         0    0.00000000000000000e+00    0.00000000000000000e+00    0.00000000000000000e+00         0.00000    [(4.5, 4.6), (8.0, 10)]
   145         0    0.00000000000000000e+00    0.00000000000000000e+00    0.00000000000000000e+00         0.00000    [(4.6, 4.7), (0.0, 2.0)]
   146         0    0.00000000000000000e+00    0.00000000000000000e+00    0.00000000000000000e+00         0.00000    [(4.6, 4.7), (2.0, 4.0)]
   147         0    0.00000000000000000e+00    0.00000000000000000e+00    0.00000000000000000e+00         0.00000    [(4.6, 4.7), (4.0, 6.0)]
   148         8    1.55730796145487104e-27    1.94663495181858880e-28    1.94663495181858880e-28         1.00000    [(4.6, 4.7), (6.0, 8.0)]
   149         0    0.00000000000000000e+00    0.00000000000000000e+00    0.00000000000000000e+00         0.00000    [(4.6, 4.7), (8.0, 10)]
   150         0    0.00000000000000000e+00    0.00000000000000000e+00    0.00000000000000000e+00         0.00000    [(4.7, 4.800000000000001), (0.0, 2.0)]
   151         0    0.00000000000000000e+00    0.00000000000000000e+00    0.00000000000000000e+00         0.00000    [(4.7, 4.800000000000001), (2.0, 4.0)]
   152         8    4.17642666236230570e-31    5.22053332795288213e-32    5.22053332795288213e-32         1.00000    [(4.7, 4.800000000000001), (4.0, 6.0)]
   153        16    2.55657681885010071e-30    1.10843551228573050e-31    2.95830221917329947e-31         2.66890    [(4.7, 4.800000000000001), (6.0, 8.0)]
   154         8    1.33123599862798485e-30    1.56615999838586453e-31    2.34923999757879679e-31         1.50000    [(4.7, 4.800000000000001), (8.0, 10)]
   155         0    0.00000000000000000e+00    0.00000000000000000e+00    0.00000000000000000e+00         0.00000    [(4.8, 4.9), (0.0, 2.0)]
   156         8    1.70612467680737638e-28    2.13265584600922019e-29    2.13265584600922019e-29         1.00000    [(4.8, 4.9), (2.0, 4.0)]
   157        16    3.71255212666218384e-29    2.61026666397644106e-32    5.10183726896356794e-30       195.45272    [(4.8, 4.9), (4.0, 6.0)]
   158        16    9.01288178633134573e-27    1.94663495181858880e-28    1.55730796145487104e-27         8.00000    [(4.8, 4.9), (6.0, 8.0)]
   159        16    7.83079999192932177e-31    3.91539999596466132e-32    7.83079999192932264e-32         2.00000    [(4.8, 4.9), (8.0, 10)]
   160         0    0.00000000000000000e+00    0.00000000000000000e+00    0.00000000000000000e+00         0.00000    [(4.9, 5.0), (0.0, 2.0)]
   161         8    2.16515345890078949e-27    2.59980903132552580e-28    3.45287136972921377e-28         1.32812    [(4.9, 5.0), (2.0, 4.0)]
   162        16    7.48775065325980351e-29    1.39214222078743516e-31    1.00644603158483922e-29        72.29477    [(4.9, 5.0), (4.0, 6.0)]
   163        16    3.50599934598569059e-26    5.23646644697557742e-28    6.22923184581948415e-27        11.89587    [(4.9, 5.0), (6.0, 8.0)]
   164        16    2.34217576147059565e-27    1.56615999838586453e-31    5.19102653818290316e-28      3314.49312    [(4.9, 5.0), (8.0, 10)]
   165         8    3.12789524081352299e-28    2.84354112801229378e-29    5.68708225602458756e-29         2.00000    [(5.0, 5.1), (0.0, 2.0)]
   166        16    2.25048584759766771e-27    3.26283332997055133e-33    4.30593370813290218e-28    131969.15909    [(5.0, 5.1), (2.0, 4.0)]
   167        16    2.28956843459036377e-28    8.02937748093749773e-30    3.63598430451887517e-29         4.52835    [(5.0, 5.1), (4.0, 6.0)]
   168        16    7.58826313444434009e-26    6.15101837033754029e-28    1.53357957653558899e-26        24.93212    [(5.0, 5.1), (6.0, 8.0)]
   169        16    3.52947884110526130e-27    4.54498038064859396e-30    4.46240461549480750e-28        98.18314    [(5.0, 5.1), (8.0, 10)]
   170        16    8.47079096514014437e-26    6.82449870722950485e-29    1.07305752039949515e-26       157.23609    [(5.1, 5.2), (0.0, 2.0)]
   171        16    5.10430698313045819e-26    8.53062860302384237e-29    1.11740630881135892e-26       130.98757    [(5.1, 5.2), (2.0, 4.0)]
   172        16    3.95711729010618098e-26    2.00734437023437457e-29    9.16248988315953418e-27       456.44833    [(5.1, 5.2), (4.0, 6.0)]
   173        16    2.23830085867975751e-25    9.85290760237152409e-27    2.43582054079668358e-26         2.47218    [(5.1, 5.2), (6.0, 8.0)]
   174        16    3.28593094728101863e-26    3.89326990363717759e-28    5.08545361281022806e-27        13.06217    [(5.1, 5.2), (8.0, 10)]
   175        16    4.09874940064966494e-26    1.86234384801893154e-27    3.56919299547305933e-27         1.91651    [(5.2, 5.300000000000001), (0.0, 2.0)]
   176        16    1.64928222035614324e-25    1.34817585848021215e-27    2.91178611508458883e-26        21.59797    [(5.2, 5.300000000000001), (2.0, 4.0)]
   177        16    1.22961648792499287e-24    2.68376425893728080e-26    1.54001722948130366e-25         5.73827    [(5.2, 5.300000000000001), (4.0, 6.0)]
   178        16    2.28918283138273497e-24    1.09199032396749424e-26    3.09721205143943653e-25        28.36300    [(5.2, 5.300000000000001), (6.0, 8.0)]
   179        16    7.88861830572207126e-28    1.56615999838586453e-31    1.02007316619917916e-28       651.32117    [(5.2, 5.300000000000001), (8.0, 10)]
   180        16    8.72687700942305009e-26    2.97121032151488676e-28    2.09024646118572245e-26        70.35000    [(5.3, 5.4), (0.0, 2.0)]
   181        16    2.22544677316966678e-25    9.70595371694862895e-27    2.91178611508458883e-26         3.00000    [(5.3, 5.4), (2.0, 4.0)]
   182        16    2.62092684012524884e-24    1.00676230673143099e-25    2.55546189054100508e-25         2.53830    [(5.3, 5.4), (4.0, 6.0)]
   183        16    4.40429646173138453e-24    1.38340522838018201e-25    4.63797866243767406e-25         3.35258    [(5.3, 5.4), (6.0, 8.0)]
   184        16    1.50501311348648823e-24    1.48786065255234915e-26    2.31280733276556790e-25        15.54452    [(5.3, 5.4), (8.0, 10)]
   185        16    7.68610324325012306e-26    1.29801822288294518e-27    8.96595219507010029e-27         6.90742    [(5.4, 5.5), (0.0, 2.0)]
   186        16    3.14570133558865489e-20    1.48987507841514523e-26    4.60088364489754626e-21    308810.02787    [(5.4, 5.5), (2.0, 4.0)]
   187        16    7.11386566924838233e-24    2.00821152931572774e-26    1.48146719367737878e-24        73.77048    [(5.4, 5.5), (4.0, 6.0)]
   188        16    1.24939695222515906e-23    3.09064270218709145e-25    1.38866994238219264e-24         4.49314    [(5.4, 5.5), (6.0, 8.0)]
   189         8    1.99628546014722354e-24    1.73583742797774080e-25    3.47167485595548159e-25         2.00000    [(5.4, 5.5), (8.0, 10)]
   190        16    2.03769974767386548e-21    1.48344939758050875e-27    2.55042776992580711e-22    171925.49837    [(5.5, 5.6), (0.0, 2.0)]
   191        16    5.36664808124912592e-21    3.27828201906625539e-24    7.67610554879572252e-22       234.15025    [(5.5, 5.6), (2.0, 4.0)]
   192        16    2.07842235770281599e-20    2.86644610220808320e-25    3.62195417326988789e-21     12635.69606    [(5.5, 5.6), (4.0, 6.0)]
   193        16    6.42493123112298812e-20    3.98388756409467644e-25    1.53462803014263907e-20     38520.86700    [(5.5, 5.6), (6.0, 8.0)]
   194        16    3.12032498029183088e-24    3.11461592290974207e-27    5.73289220441616640e-25       184.06418    [(5.5, 5.6), (8.0, 10)]
   195        16    9.98930966802076148e-25    2.91178611508458897e-27    1.95090485699360026e-25        67.00028    [(5.6, 5.7), (0.0, 2.0)]
   196        16    5.24768068830788125e-20    1.53111892154768600e-21    6.57909762242439067e-21         4.29692    [(5.6, 5.7), (2.0, 4.0)]
   197        16    6.51249031399899983e-20    1.91992923276283883e-21    1.02311601772834659e-20         5.32893    [(5.6, 5.7), (4.0, 6.0)]
   198        16    9.11392412153923939e-20    6.79116407488103933e-22    1.74611416700636648e-20        25.71156    [(5.6, 5.7), (6.0, 8.0)]
   199        16    3.99144964900965317e-20    1.61087358908026930e-25    4.99072759267975822e-21     30981.49741    [(5.6, 5.7), (8.0, 10)]
   200        16    4.11607478600619194e-21    3.28188535880339769e-26    5.50514155154950920e-22     16774.32619    [(5.7, 5.800000000000001), (0.0, 2.0)]
   201        16    1.33394412620134703e-20    6.79102418262238927e-22    1.52798044109003768e-21         2.25000    [(5.7, 5.800000000000001), (2.0, 4.0)]
   202        16    2.31787348575575313e-19    7.67375614796811588e-22    4.34634500792386517e-20        56.63908    [(5.7, 5.800000000000001), (4.0, 6.0)]
   203        16    3.35126587359084274e-19    5.70186090454852470e-21    4.57705276322166494e-20         8.02730    [(5.7, 5.800000000000001), (6.0, 8.0)]
   204        16    2.17345422313025636e-20    2.70019155463204129e-25    2.71724151703652916e-21     10063.14353    [(5.7, 5.800000000000001), (8.0, 10)]
   205        16    3.32868995983290242e-21    8.29119581425650298e-24    6.81407681470008966e-22        82.18449    [(5.8, 5.9), (0.0, 2.0)]
   206        16    5.73961839495622180e-20    2.32835114832767627e-21    6.46350395825712138e-21         2.77600    [(5.8, 5.9), (2.0, 4.0)]
   207        16    2.66157546712469649e-18    7.49016310537116372e-20    3.49540944917320990e-19         4.66667    [(5.8, 5.9), (4.0, 6.0)]
   208        16    1.26005462510329932e-18    3.99111809601455171e-20    1.47555658310934233e-19         3.69710    [(5.8, 5.9), (6.0, 8.0)]
   209        16    1.91237475229926615e-19    5.70715567647713131e-21    2.44455983380891326e-20         4.28332    [(5.8, 5.9), (8.0, 10)]
   210        16    2.80375847247619273e-22    1.32978007055514033e-23    3.32445017638785127e-23         2.50000    [(5.9, 6.0), (0.0, 2.0)]
   211        16    1.48063796422477467e-20    7.76133037129261624e-22    1.56434986016963438e-21         2.01557    [(5.9, 6.0), (2.0, 4.0)]
   212        16    1.15272838343564235e-18    2.18260726701840531e-20    1.95564786704713061e-19         8.96015    [(5.9, 6.0), (4.0, 6.0)]
   213        16    9.01486620803458123e-19    3.54766052979071249e-20    9.77823933523565304e-20         2.75625    [(5.9, 6.0), (6.0, 8.0)]
   214        16    8.51605907842929545e-19    6.11139958452228315e-21    1.21690806699611549e-19        19.91210    [(5.9, 6.0), (8.0, 10)]
   215         8    1.58531155123471353e-19    1.81057630175190098e-20    2.88900344589057029e-20         1.59563    [(6.0, 6.25), (0.0, 2.0)]
   216         8    4.03754947600737685e-16    5.04577213144742751e-17    5.05508983994177351e-17         1.00185    [(6.0, 6.25), (2.0, 4.0)]
   217         8    5.05252599579710392e-16    5.32301809962869154e-17    9.76562823580283549e-17         1.83460    [(6.0, 6.25), (4.0, 6.0)]
   218         8    1.63533648252514657e-16    1.48087004539138101e-17    2.96174009078276201e-17         2.00000    [(6.0, 6.25), (6.0, 8.0)]
   219         8    3.22375310060202012e-17    3.83363246341886553e-18    4.88377196921086976e-18         1.27393    [(6.0, 6.25), (8.0, 10)]
   220         8    1.09652127604737564e-20    1.35820483652447785e-21    1.45777890480240841e-21         1.07331    [(6.25, 6.5), (0.0, 2.0)]
   221        13    5.35485835288093098e-15    1.78580365647712926e-16    9.38107951723583717e-16         5.25314    [(6.25, 6.5), (2.0, 4.0)]
   222        11    5.81206315571755364e-15    3.19381085977721480e-16    1.15239652850340147e-15         3.60822    [(6.25, 6.5), (4.0, 6.0)]
   223        16    8.66123326558263288e-15    2.87143138532385060e-17    1.53194540038883961e-15        53.35128    [(6.25, 6.5), (6.0, 8.0)]
   224         9    3.95778032379886316e-15    2.50204345149648254e-16    1.67569812633891324e-15         6.69732    [(6.25, 6.5), (8.0, 10)]
   225        14    3.21532213203386758e-15    7.08656331931508015e-20    4.02170274535204570e-16      5675.11015    [(6.5, 6.75), (0.0, 2.0)]
   226         7    1.33930973797974570e-13    9.38107951723583717e-16    3.55578255570874394e-14        37.90377    [(6.5, 6.75), (2.0, 4.0)]
   227         6    2.14447155843925332e-14    6.84994740669885740e-16    1.73958099943651292e-14        25.39554    [(6.5, 6.75), (4.0, 6.0)]
   228         0    0.00000000000000000e+00    0.00000000000000000e+00    0.00000000000000000e+00         0.00000    [(6.5, 6.75), (6.0, 8.0)]
   229        10    5.67740735643120393e-14    1.55848245282457049e-15    1.96157772116991819e-14        12.58646    [(6.5, 6.75), (8.0, 10)]
   230        10    1.60953649195636411e-19    2.20894344304297189e-21    7.08656331931508015e-20        32.08123    [(6.75, 7), (0.0, 2.0)]
   231        12    5.57472455632905846e-13    2.62435902567791891e-14    7.87307707703375641e-14         3.00000    [(6.75, 7), (2.0, 4.0)]
   232        15    1.78072468843566142e-12    1.31217951283895945e-14    3.14923083081350256e-13        24.00000    [(6.75, 7), (4.0, 6.0)]
   233        16    6.12079435497610803e-12    8.81352998152927039e-14    1.00298052808636448e-12        11.38001    [(6.75, 7), (6.0, 8.0)]
   234        13    2.32581300461097482e-12    6.96129832448570769e-15    4.70054932348227788e-13        67.52403    [(6.75, 7), (8.0, 10)]
   235        16    4.23526827449767540e-20    1.78713363994723865e-21    5.06890702618909438e-21         2.83633    [(7.0, 7.5), (0.0, 2.0)]
   236        16    8.28572149479880142e-12    2.25539491934183309e-13    1.35317849937179150e-12         5.99974    [(7.0, 7.5), (2.0, 4.0)]
   237        16    2.49786554453269868e-11    2.23052872889698464e-13    3.79393460687958643e-12        17.00913    [(7.0, 7.5), (4.0, 6.0)]
   238        16    1.48765406747666291e-10    1.74595229846200948e-12    2.97031292904178801e-11        17.01257    [(7.0, 7.5), (6.0, 8.0)]
   239        16    2.16512710165608704e-10    1.79345777496345728e-12    3.74405001090527905e-11        20.87615    [(7.0, 7.5), (8.0, 10)]
   240         8    2.49180634263896063e-21    3.11475792829870032e-22    3.11475792829870032e-22         1.00000    [(7.5, 8), (0.0, 2.0)]
   241        16    6.68512398141234971e-12    3.14338699265295099e-13    7.44102621846592959e-13         2.36720    [(7.5, 8), (2.0, 4.0)]
   242        16    3.24733442741622772e-11    1.52934025782591919e-12    3.03310444874481826e-12         1.98328    [(7.5, 8), (4.0, 6.0)]
   243        16    3.77023779169006439e-10    1.57264966044893198e-11    3.94067099875523957e-11         2.50575    [(7.5, 8), (6.0, 8.0)]
   244        16    3.83668892333478211e-10    1.41541224620230259e-11    5.54886815623237151e-11         3.92032    [(7.5, 8), (8.0, 10)]
   245         0    0.00000000000000000e+00    0.00000000000000000e+00    0.00000000000000000e+00         0.00000    [(8.0, 8.5), (0.0, 2.0)]
   246         8    2.71857800265768241e-12    3.23050175901695047e-13    4.57226771345816874e-13         1.41534    [(8.0, 8.5), (2.0, 4.0)]
   247         8    1.05499661650440711e-11    7.44102621846592959e-13    2.31850451263160820e-12         3.11584    [(8.0, 8.5), (4.0, 6.0)]
   248         8    7.78614444080511912e-11    7.68595960258239837e-12    1.57631973610008896e-11         2.05091    [(8.0, 8.5), (6.0, 8.0)]
   249         8    1.61202068060585036e-10    1.45768516064531249e-11    2.91537032129062498e-11         2.00000    [(8.0, 8.5), (8.0, 10)]
   250         0    0.00000000000000000e+00    0.00000000000000000e+00    0.00000000000000000e+00         0.00000    [(8.5, 9), (0.0, 2.0)]
   251         8    2.76558119742330849e-14    3.45697649666266266e-15    3.45697649759445097e-15         1.00000    [(8.5, 9), (2.0, 4.0)]
   252         8    9.68128158331021815e-13    8.39251593676175210e-14    1.67850318735235042e-13         2.00000    [(8.5, 9), (4.0, 6.0)]
   253         8    9.10511035287887082e-12    7.83116462859767805e-13    1.56623292571953561e-12         2.00000    [(8.5, 9), (6.0, 8.0)]
   254         8    2.34627598877098434e-11    2.47174277486779420e-12    5.37077343748101212e-12         2.17287    [(8.5, 9), (8.0, 10)]
   255         0    0.00000000000000000e+00    0.00000000000000000e+00    0.00000000000000000e+00         0.00000    [(9.0, 9.5), (0.0, 2.0)]
   256         8    1.43352039843917996e-25    1.79190049804897495e-26    1.79190049804897495e-26         1.00000    [(9.0, 9.5), (2.0, 4.0)]
   257         8    5.30721107511038696e-24    5.09696141667264007e-25    1.01939228333452801e-24         2.00000    [(9.0, 9.5), (4.0, 6.0)]
   258         8    3.63067985915228359e-13    3.57041201832874059e-14    7.34171683931032318e-14         2.05627    [(9.0, 9.5), (6.0, 8.0)]
   259         8    1.08794273667085147e-12    1.15049990474409603e-13    1.45989654945442011e-13         1.26892    [(9.0, 9.5), (8.0, 10)]
   260         0    0.00000000000000000e+00    0.00000000000000000e+00    0.00000000000000000e+00         0.00000    [(9.5, 10), (0.0, 2.0)]
   261         0    0.00000000000000000e+00    0.00000000000000000e+00    0.00000000000000000e+00         0.00000    [(9.5, 10), (2.0, 4.0)]
   262         0    0.00000000000000000e+00    0.00000000000000000e+00    0.00000000000000000e+00         0.00000    [(9.5, 10), (4.0, 6.0)]
   263         8    7.58119060203332963e-22    7.48759075022835030e-23    1.40392492147685684e-22         1.87500    [(9.5, 10), (6.0, 8.0)]
   264         8    2.60247440041745511e-14    2.89163808957333643e-15    5.78327617914667286e-15         2.00000    [(9.5, 10), (8.0, 10)]
   265         0    0.00000000000000000e+00    0.00000000000000000e+00    0.00000000000000000e+00         0.00000    [(0.0, 2.5), (10.0, inf)]
   266         8    1.19998040950575730e-30    1.47791401638097407e-31    1.56615999838586453e-31         1.05971    [(2.5, 5.0), (10.0, inf)]
   267         8    8.66795378645963463e-20    7.61029749091207991e-21    1.52113508374514436e-20         1.99879    [(5.0, 6.0), (10.0, inf)]
   268         8    7.88383181564068258e-13    8.81352998152927039e-14    1.71436082857019255e-13         1.94515    [(6.0, 7.0), (10.0, inf)]
   269        24    1.73598831339303887e-09    1.62434020535676515e-16    3.36280377049938140e-10    2070258.28666    [(7.0, 8.0), (10.0, inf)]
   270        24    3.00345524847303949e-04    9.33760461663954319e-10    4.88949651541924237e-05     52363.49916    [(8.0, 9.0), (10.0, inf)]
   271        24    4.97108800585844592e-03    2.03867544959919546e-08    9.41136377607401263e-04     46164.11003    [(9.0, 10), (10.0, inf)]
   272         0    0.00000000000000000e+00    0.00000000000000000e+00    0.00000000000000000e+00         0.00000    [(10.0, inf), (0.0, 5.0)]
   273         8    7.38620250143624715e-22    7.48759075022835030e-23    1.05294369110764269e-22         1.40625    [(10.0, inf), (5.0, 10)]
   274        24    3.00674867387602934e-02    4.33745733696518008e-15    5.73043970049200158e-03    1321151830510.32837    [(10.0, 11), (10.0, inf)]
   275         8    1.24599237656832049e-01    5.29678871485412400e-03    1.92132667434593146e-02         3.62734    [(11.0, 12), (10.0, inf)]
   276         8    8.40061838840133746e-01    6.62850655852187665e-02    1.14571839145972576e-01         1.72847    [(12.0, inf), (10.0, inf)]
