
======================================================================
WESTPA BINNING SCHEME ANALYSIS
======================================================================

Parsed arrays: 10
  mindist_highQ0
  mindist_highQ1
  mindist_lowQ2
  mindist_lowQ3
  mindist_outer
  rmsd_highQ1
  rmsd_highQ3
  rmsd_lowQ0
  rmsd_lowQ2
  rmsd_outer

Defined mappers: 5
  outer_mapper: [rmsd_outer, mindist_outer]
  mapperQuad0: [rmsd_lowQ0, mindist_highQ0]
  mapperQuad1: [rmsd_highQ1, mindist_highQ1]
  mapperQuad2: [rmsd_lowQ2, mindist_lowQ2]
  mapperQuad3: [rmsd_highQ3, mindist_lowQ3]

Active nested mappers: 4
  mapperQuad0 at [5.0, 15.0]
  mapperQuad1 at [15.0, 15.0]
  mapperQuad2 at [5.0, 5.0]
  mapperQuad3 at [15.0, 5.0]

----------------------------------------------------------------------
BIN GENERATION
----------------------------------------------------------------------

OUTER MAPPER: outer_mapper
  Variables: [rmsd_outer, mindist_outer]
  Dim 0 (rmsd_outer): [0.0, 10.0, inf]
  Dim 1 (mindist_outer): [0.0, 10.0, inf]
  Creates: 4 outer bins

NESTED MAPPER: mapperQuad0
  Replaces bin at: [5.0, 15.0]
  Variables: [rmsd_lowQ0, mindist_highQ0]
  Dim 0 (rmsd_lowQ0): [0.0, 2.0, 3.0, 4.0, 5.0, 6.0, 7.0, 8.0, 8.5, 9.0, 9.5, 10.0]
  Dim 1 (mindist_highQ0): [10.0, 11.0, 12.0, 13.0, 14.0, 15.0, 20.0, inf]
  Creates: 77 bins

NESTED MAPPER: mapperQuad1
  Replaces bin at: [15.0, 15.0]
  Variables: [rmsd_highQ1, mindist_highQ1]
  Dim 0 (rmsd_highQ1): [10.0, 11.0, 12.0, inf]
  Dim 1 (mindist_highQ1): [10.0, 11.0, 12.0, 13.0, 14.0, 15.0, 20.0, inf]
  Creates: 21 bins

NESTED MAPPER: mapperQuad2
  Replaces bin at: [5.0, 5.0]
  Variables: [rmsd_lowQ2, mindist_lowQ2]
  Dim 0 (rmsd_lowQ2): [0.0, 1.0, 1.5, 2.0, 2.1, 2.2, 2.3, 2.4, 2.5, 2.6, 2.7, 2.8, 2.9, 3.0, 3.1, 3.2, 3.3, 3.4000000000000004, 3.5, 3.6, 3.7, 3.8, 3.9000000000000004, 4.0, 4.1, 4.2, 4.300000000000001, 4.4, 4.5, 4.6, 4.7, 4.800000000000001, 4.9, 5.0, 5.1, 5.2, 5.300000000000001, 5.4, 5.5, 5.6, 5.7, 5.800000000000001, 5.9, 6.0, 6.2, 6.4, 6.6, 6.8, 7.0, 7.25, 7.5, 7.75, 8.0, 8.25, 8.5, 8.75, 9.0, 9.25, 9.5, 9.75, 10.0]
  Dim 1 (mindist_lowQ2): [0.0, 1.0, 2.0, 2.5, 3.0, 3.5, 4.0, 4.5, 5.0, 5.5, 6.0, 6.5, 7.0, 8.0, 9.0, 10.0]
  Creates: 900 bins

NESTED MAPPER: mapperQuad3
  Replaces bin at: [15.0, 5.0]
  Variables: [rmsd_highQ3, mindist_lowQ3]
  Dim 0 (rmsd_highQ3): [10.0, 10.5, 11.0, 11.5, 12.0, inf]
  Dim 1 (mindist_lowQ3): [0.0, 5.0, 10.0]
  Creates: 10 bins

======================================================================
TOTAL BINS: 1008
TARGET WALKERS PER BIN: 8
TOTAL WALKERS: 8064
======================================================================

======================================================================
BIN LIST
======================================================================
  Bin			 Dim0        	 Dim1        	 
----------------------------------------------------------------------
    0	 (0.0, 2.0)			 (10.0, 11.0) 
    1	 (0.0, 2.0)			 (11.0, 12.0) 
    2	 (0.0, 2.0)			 (12.0, 13.0) 
    3	 (0.0, 2.0)			 (13.0, 14.0) 
    4	 (0.0, 2.0)			 (14.0, 15.0) 
    5	 (0.0, 2.0)			 (15.0, 20.0) 
    6	 (0.0, 2.0)			 (20.0, inf) 
    7	 (2.0, 3.0)			 (10.0, 11.0) 
    8	 (2.0, 3.0)			 (11.0, 12.0) 
    9	 (2.0, 3.0)			 (12.0, 13.0) 
   10	 (2.0, 3.0)			 (13.0, 14.0) 
   11	 (2.0, 3.0)			 (14.0, 15.0) 
   12	 (2.0, 3.0)			 (15.0, 20.0) 
   13	 (2.0, 3.0)			 (20.0, inf) 
   14	 (3.0, 4.0)			 (10.0, 11.0) 
   15	 (3.0, 4.0)			 (11.0, 12.0) 
   16	 (3.0, 4.0)			 (12.0, 13.0) 
   17	 (3.0, 4.0)			 (13.0, 14.0) 
   18	 (3.0, 4.0)			 (14.0, 15.0) 
   19	 (3.0, 4.0)			 (15.0, 20.0) 
   20	 (3.0, 4.0)			 (20.0, inf) 
   21	 (4.0, 5.0)			 (10.0, 11.0) 
   22	 (4.0, 5.0)			 (11.0, 12.0) 
   23	 (4.0, 5.0)			 (12.0, 13.0) 
   24	 (4.0, 5.0)			 (13.0, 14.0) 
   25	 (4.0, 5.0)			 (14.0, 15.0) 
   26	 (4.0, 5.0)			 (15.0, 20.0) 
   27	 (4.0, 5.0)			 (20.0, inf) 
   28	 (5.0, 6.0)			 (10.0, 11.0) 
   29	 (5.0, 6.0)			 (11.0, 12.0) 
   30	 (5.0, 6.0)			 (12.0, 13.0) 
   31	 (5.0, 6.0)			 (13.0, 14.0) 
   32	 (5.0, 6.0)			 (14.0, 15.0) 
   33	 (5.0, 6.0)			 (15.0, 20.0) 
   34	 (5.0, 6.0)			 (20.0, inf) 
   35	 (6.0, 7.0)			 (10.0, 11.0) 
   36	 (6.0, 7.0)			 (11.0, 12.0) 
   37	 (6.0, 7.0)			 (12.0, 13.0) 
   38	 (6.0, 7.0)			 (13.0, 14.0) 
   39	 (6.0, 7.0)			 (14.0, 15.0) 
   40	 (6.0, 7.0)			 (15.0, 20.0) 
   41	 (6.0, 7.0)			 (20.0, inf) 
   42	 (7.0, 8.0)			 (10.0, 11.0) 
   43	 (7.0, 8.0)			 (11.0, 12.0) 
   44	 (7.0, 8.0)			 (12.0, 13.0) 
   45	 (7.0, 8.0)			 (13.0, 14.0) 
   46	 (7.0, 8.0)			 (14.0, 15.0) 
   47	 (7.0, 8.0)			 (15.0, 20.0) 
   48	 (7.0, 8.0)			 (20.0, inf) 
   49	 (8.0, 8.5)			 (10.0, 11.0) 
   50	 (8.0, 8.5)			 (11.0, 12.0) 
   51	 (8.0, 8.5)			 (12.0, 13.0) 
   52	 (8.0, 8.5)			 (13.0, 14.0) 
   53	 (8.0, 8.5)			 (14.0, 15.0) 
   54	 (8.0, 8.5)			 (15.0, 20.0) 
   55	 (8.0, 8.5)			 (20.0, inf) 
   56	 (8.5, 9.0)			 (10.0, 11.0) 
   57	 (8.5, 9.0)			 (11.0, 12.0) 
   58	 (8.5, 9.0)			 (12.0, 13.0) 
   59	 (8.5, 9.0)			 (13.0, 14.0) 
   60	 (8.5, 9.0)			 (14.0, 15.0) 
   61	 (8.5, 9.0)			 (15.0, 20.0) 
   62	 (8.5, 9.0)			 (20.0, inf) 
   63	 (9.0, 9.5)			 (10.0, 11.0) 
   64	 (9.0, 9.5)			 (11.0, 12.0) 
   65	 (9.0, 9.5)			 (12.0, 13.0) 
   66	 (9.0, 9.5)			 (13.0, 14.0) 
   67	 (9.0, 9.5)			 (14.0, 15.0) 
   68	 (9.0, 9.5)			 (15.0, 20.0) 
   69	 (9.0, 9.5)			 (20.0, inf) 
   70	 (9.5, 10.0)			 (10.0, 11.0) 
   71	 (9.5, 10.0)			 (11.0, 12.0) 
   72	 (9.5, 10.0)			 (12.0, 13.0) 
   73	 (9.5, 10.0)			 (13.0, 14.0) 
   74	 (9.5, 10.0)			 (14.0, 15.0) 
   75	 (9.5, 10.0)			 (15.0, 20.0) 
   76	 (9.5, 10.0)			 (20.0, inf) 
   77	 (10.0, 11.0)			 (10.0, 11.0) 
   78	 (10.0, 11.0)			 (11.0, 12.0) 
   79	 (10.0, 11.0)			 (12.0, 13.0) 
   80	 (10.0, 11.0)			 (13.0, 14.0) 
   81	 (10.0, 11.0)			 (14.0, 15.0) 
   82	 (10.0, 11.0)			 (15.0, 20.0) 
   83	 (10.0, 11.0)			 (20.0, inf) 
   84	 (11.0, 12.0)			 (10.0, 11.0) 
   85	 (11.0, 12.0)			 (11.0, 12.0) 
   86	 (11.0, 12.0)			 (12.0, 13.0) 
   87	 (11.0, 12.0)			 (13.0, 14.0) 
   88	 (11.0, 12.0)			 (14.0, 15.0) 
   89	 (11.0, 12.0)			 (15.0, 20.0) 
   90	 (11.0, 12.0)			 (20.0, inf) 
   91	 (12.0, inf)			 (10.0, 11.0) 
   92	 (12.0, inf)			 (11.0, 12.0) 
   93	 (12.0, inf)			 (12.0, 13.0) 
   94	 (12.0, inf)			 (13.0, 14.0) 
   95	 (12.0, inf)			 (14.0, 15.0) 
   96	 (12.0, inf)			 (15.0, 20.0) 
   97	 (12.0, inf)			 (20.0, inf) 
   98	 (0.0, 1.0)			 (0.0, 1.0) 
   99	 (0.0, 1.0)			 (1.0, 2.0) 
  100	 (0.0, 1.0)			 (2.0, 2.5) 
  101	 (0.0, 1.0)			 (2.5, 3.0) 
  102	 (0.0, 1.0)			 (3.0, 3.5) 
  103	 (0.0, 1.0)			 (3.5, 4.0) 
  104	 (0.0, 1.0)			 (4.0, 4.5) 
  105	 (0.0, 1.0)			 (4.5, 5.0) 
  106	 (0.0, 1.0)			 (5.0, 5.5) 
  107	 (0.0, 1.0)			 (5.5, 6.0) 
  108	 (0.0, 1.0)			 (6.0, 6.5) 
  109	 (0.0, 1.0)			 (6.5, 7.0) 
  110	 (0.0, 1.0)			 (7.0, 8.0) 
  111	 (0.0, 1.0)			 (8.0, 9.0) 
  112	 (0.0, 1.0)			 (9.0, 10.0) 
  113	 (1.0, 1.5)			 (0.0, 1.0) 
  114	 (1.0, 1.5)			 (1.0, 2.0) 
  115	 (1.0, 1.5)			 (2.0, 2.5) 
  116	 (1.0, 1.5)			 (2.5, 3.0) 
  117	 (1.0, 1.5)			 (3.0, 3.5) 
  118	 (1.0, 1.5)			 (3.5, 4.0) 
  119	 (1.0, 1.5)			 (4.0, 4.5) 
  120	 (1.0, 1.5)			 (4.5, 5.0) 
  121	 (1.0, 1.5)			 (5.0, 5.5) 
  122	 (1.0, 1.5)			 (5.5, 6.0) 
  123	 (1.0, 1.5)			 (6.0, 6.5) 
  124	 (1.0, 1.5)			 (6.5, 7.0) 
  125	 (1.0, 1.5)			 (7.0, 8.0) 
  126	 (1.0, 1.5)			 (8.0, 9.0) 
  127	 (1.0, 1.5)			 (9.0, 10.0) 
  128	 (1.5, 2.0)			 (0.0, 1.0) 
  129	 (1.5, 2.0)			 (1.0, 2.0) 
  130	 (1.5, 2.0)			 (2.0, 2.5) 
  131	 (1.5, 2.0)			 (2.5, 3.0) 
  132	 (1.5, 2.0)			 (3.0, 3.5) 
  133	 (1.5, 2.0)			 (3.5, 4.0) 
  134	 (1.5, 2.0)			 (4.0, 4.5) 
  135	 (1.5, 2.0)			 (4.5, 5.0) 
  136	 (1.5, 2.0)			 (5.0, 5.5) 
  137	 (1.5, 2.0)			 (5.5, 6.0) 
  138	 (1.5, 2.0)			 (6.0, 6.5) 
  139	 (1.5, 2.0)			 (6.5, 7.0) 
  140	 (1.5, 2.0)			 (7.0, 8.0) 
  141	 (1.5, 2.0)			 (8.0, 9.0) 
  142	 (1.5, 2.0)			 (9.0, 10.0) 
  143	 (2.0, 2.1)			 (0.0, 1.0) 
  144	 (2.0, 2.1)			 (1.0, 2.0) 
  145	 (2.0, 2.1)			 (2.0, 2.5) 
  146	 (2.0, 2.1)			 (2.5, 3.0) 
  147	 (2.0, 2.1)			 (3.0, 3.5) 
  148	 (2.0, 2.1)			 (3.5, 4.0) 
  149	 (2.0, 2.1)			 (4.0, 4.5) 
  150	 (2.0, 2.1)			 (4.5, 5.0) 
  151	 (2.0, 2.1)			 (5.0, 5.5) 
  152	 (2.0, 2.1)			 (5.5, 6.0) 
  153	 (2.0, 2.1)			 (6.0, 6.5) 
  154	 (2.0, 2.1)			 (6.5, 7.0) 
  155	 (2.0, 2.1)			 (7.0, 8.0) 
  156	 (2.0, 2.1)			 (8.0, 9.0) 
  157	 (2.0, 2.1)			 (9.0, 10.0) 
  158	 (2.1, 2.2)			 (0.0, 1.0) 
  159	 (2.1, 2.2)			 (1.0, 2.0) 
  160	 (2.1, 2.2)			 (2.0, 2.5) 
  161	 (2.1, 2.2)			 (2.5, 3.0) 
  162	 (2.1, 2.2)			 (3.0, 3.5) 
  163	 (2.1, 2.2)			 (3.5, 4.0) 
  164	 (2.1, 2.2)			 (4.0, 4.5) 
  165	 (2.1, 2.2)			 (4.5, 5.0) 
  166	 (2.1, 2.2)			 (5.0, 5.5) 
  167	 (2.1, 2.2)			 (5.5, 6.0) 
  168	 (2.1, 2.2)			 (6.0, 6.5) 
  169	 (2.1, 2.2)			 (6.5, 7.0) 
  170	 (2.1, 2.2)			 (7.0, 8.0) 
  171	 (2.1, 2.2)			 (8.0, 9.0) 
  172	 (2.1, 2.2)			 (9.0, 10.0) 
  173	 (2.2, 2.3)			 (0.0, 1.0) 
  174	 (2.2, 2.3)			 (1.0, 2.0) 
  175	 (2.2, 2.3)			 (2.0, 2.5) 
  176	 (2.2, 2.3)			 (2.5, 3.0) 
  177	 (2.2, 2.3)			 (3.0, 3.5) 
  178	 (2.2, 2.3)			 (3.5, 4.0) 
  179	 (2.2, 2.3)			 (4.0, 4.5) 
  180	 (2.2, 2.3)			 (4.5, 5.0) 
  181	 (2.2, 2.3)			 (5.0, 5.5) 
  182	 (2.2, 2.3)			 (5.5, 6.0) 
  183	 (2.2, 2.3)			 (6.0, 6.5) 
  184	 (2.2, 2.3)			 (6.5, 7.0) 
  185	 (2.2, 2.3)			 (7.0, 8.0) 
  186	 (2.2, 2.3)			 (8.0, 9.0) 
  187	 (2.2, 2.3)			 (9.0, 10.0) 
  188	 (2.3, 2.4)			 (0.0, 1.0) 
  189	 (2.3, 2.4)			 (1.0, 2.0) 
  190	 (2.3, 2.4)			 (2.0, 2.5) 
  191	 (2.3, 2.4)			 (2.5, 3.0) 
  192	 (2.3, 2.4)			 (3.0, 3.5) 
  193	 (2.3, 2.4)			 (3.5, 4.0) 
  194	 (2.3, 2.4)			 (4.0, 4.5) 
  195	 (2.3, 2.4)			 (4.5, 5.0) 
  196	 (2.3, 2.4)			 (5.0, 5.5) 
  197	 (2.3, 2.4)			 (5.5, 6.0) 
  198	 (2.3, 2.4)			 (6.0, 6.5) 
  199	 (2.3, 2.4)			 (6.5, 7.0) 
  200	 (2.3, 2.4)			 (7.0, 8.0) 
  201	 (2.3, 2.4)			 (8.0, 9.0) 
  202	 (2.3, 2.4)			 (9.0, 10.0) 
  203	 (2.4, 2.5)			 (0.0, 1.0) 
  204	 (2.4, 2.5)			 (1.0, 2.0) 
  205	 (2.4, 2.5)			 (2.0, 2.5) 
  206	 (2.4, 2.5)			 (2.5, 3.0) 
  207	 (2.4, 2.5)			 (3.0, 3.5) 
  208	 (2.4, 2.5)			 (3.5, 4.0) 
  209	 (2.4, 2.5)			 (4.0, 4.5) 
  210	 (2.4, 2.5)			 (4.5, 5.0) 
  211	 (2.4, 2.5)			 (5.0, 5.5) 
  212	 (2.4, 2.5)			 (5.5, 6.0) 
  213	 (2.4, 2.5)			 (6.0, 6.5) 
  214	 (2.4, 2.5)			 (6.5, 7.0) 
  215	 (2.4, 2.5)			 (7.0, 8.0) 
  216	 (2.4, 2.5)			 (8.0, 9.0) 
  217	 (2.4, 2.5)			 (9.0, 10.0) 
  218	 (2.5, 2.6)			 (0.0, 1.0) 
  219	 (2.5, 2.6)			 (1.0, 2.0) 
  220	 (2.5, 2.6)			 (2.0, 2.5) 
  221	 (2.5, 2.6)			 (2.5, 3.0) 
  222	 (2.5, 2.6)			 (3.0, 3.5) 
  223	 (2.5, 2.6)			 (3.5, 4.0) 
  224	 (2.5, 2.6)			 (4.0, 4.5) 
  225	 (2.5, 2.6)			 (4.5, 5.0) 
  226	 (2.5, 2.6)			 (5.0, 5.5) 
  227	 (2.5, 2.6)			 (5.5, 6.0) 
  228	 (2.5, 2.6)			 (6.0, 6.5) 
  229	 (2.5, 2.6)			 (6.5, 7.0) 
  230	 (2.5, 2.6)			 (7.0, 8.0) 
  231	 (2.5, 2.6)			 (8.0, 9.0) 
  232	 (2.5, 2.6)			 (9.0, 10.0) 
  233	 (2.6, 2.7)			 (0.0, 1.0) 
  234	 (2.6, 2.7)			 (1.0, 2.0) 
  235	 (2.6, 2.7)			 (2.0, 2.5) 
  236	 (2.6, 2.7)			 (2.5, 3.0) 
  237	 (2.6, 2.7)			 (3.0, 3.5) 
  238	 (2.6, 2.7)			 (3.5, 4.0) 
  239	 (2.6, 2.7)			 (4.0, 4.5) 
  240	 (2.6, 2.7)			 (4.5, 5.0) 
  241	 (2.6, 2.7)			 (5.0, 5.5) 
  242	 (2.6, 2.7)			 (5.5, 6.0) 
  243	 (2.6, 2.7)			 (6.0, 6.5) 
  244	 (2.6, 2.7)			 (6.5, 7.0) 
  245	 (2.6, 2.7)			 (7.0, 8.0) 
  246	 (2.6, 2.7)			 (8.0, 9.0) 
  247	 (2.6, 2.7)			 (9.0, 10.0) 
  248	 (2.7, 2.8)			 (0.0, 1.0) 
  249	 (2.7, 2.8)			 (1.0, 2.0) 
  250	 (2.7, 2.8)			 (2.0, 2.5) 
  251	 (2.7, 2.8)			 (2.5, 3.0) 
  252	 (2.7, 2.8)			 (3.0, 3.5) 
  253	 (2.7, 2.8)			 (3.5, 4.0) 
  254	 (2.7, 2.8)			 (4.0, 4.5) 
  255	 (2.7, 2.8)			 (4.5, 5.0) 
  256	 (2.7, 2.8)			 (5.0, 5.5) 
  257	 (2.7, 2.8)			 (5.5, 6.0) 
  258	 (2.7, 2.8)			 (6.0, 6.5) 
  259	 (2.7, 2.8)			 (6.5, 7.0) 
  260	 (2.7, 2.8)			 (7.0, 8.0) 
  261	 (2.7, 2.8)			 (8.0, 9.0) 
  262	 (2.7, 2.8)			 (9.0, 10.0) 
  263	 (2.8, 2.9)			 (0.0, 1.0) 
  264	 (2.8, 2.9)			 (1.0, 2.0) 
  265	 (2.8, 2.9)			 (2.0, 2.5) 
  266	 (2.8, 2.9)			 (2.5, 3.0) 
  267	 (2.8, 2.9)			 (3.0, 3.5) 
  268	 (2.8, 2.9)			 (3.5, 4.0) 
  269	 (2.8, 2.9)			 (4.0, 4.5) 
  270	 (2.8, 2.9)			 (4.5, 5.0) 
  271	 (2.8, 2.9)			 (5.0, 5.5) 
  272	 (2.8, 2.9)			 (5.5, 6.0) 
  273	 (2.8, 2.9)			 (6.0, 6.5) 
  274	 (2.8, 2.9)			 (6.5, 7.0) 
  275	 (2.8, 2.9)			 (7.0, 8.0) 
  276	 (2.8, 2.9)			 (8.0, 9.0) 
  277	 (2.8, 2.9)			 (9.0, 10.0) 
  278	 (2.9, 3.0)			 (0.0, 1.0) 
  279	 (2.9, 3.0)			 (1.0, 2.0) 
  280	 (2.9, 3.0)			 (2.0, 2.5) 
  281	 (2.9, 3.0)			 (2.5, 3.0) 
  282	 (2.9, 3.0)			 (3.0, 3.5) 
  283	 (2.9, 3.0)			 (3.5, 4.0) 
  284	 (2.9, 3.0)			 (4.0, 4.5) 
  285	 (2.9, 3.0)			 (4.5, 5.0) 
  286	 (2.9, 3.0)			 (5.0, 5.5) 
  287	 (2.9, 3.0)			 (5.5, 6.0) 
  288	 (2.9, 3.0)			 (6.0, 6.5) 
  289	 (2.9, 3.0)			 (6.5, 7.0) 
  290	 (2.9, 3.0)			 (7.0, 8.0) 
  291	 (2.9, 3.0)			 (8.0, 9.0) 
  292	 (2.9, 3.0)			 (9.0, 10.0) 
  293	 (3.0, 3.1)			 (0.0, 1.0) 
  294	 (3.0, 3.1)			 (1.0, 2.0) 
  295	 (3.0, 3.1)			 (2.0, 2.5) 
  296	 (3.0, 3.1)			 (2.5, 3.0) 
  297	 (3.0, 3.1)			 (3.0, 3.5) 
  298	 (3.0, 3.1)			 (3.5, 4.0) 
  299	 (3.0, 3.1)			 (4.0, 4.5) 
  300	 (3.0, 3.1)			 (4.5, 5.0) 
  301	 (3.0, 3.1)			 (5.0, 5.5) 
  302	 (3.0, 3.1)			 (5.5, 6.0) 
  303	 (3.0, 3.1)			 (6.0, 6.5) 
  304	 (3.0, 3.1)			 (6.5, 7.0) 
  305	 (3.0, 3.1)			 (7.0, 8.0) 
  306	 (3.0, 3.1)			 (8.0, 9.0) 
  307	 (3.0, 3.1)			 (9.0, 10.0) 
  308	 (3.1, 3.2)			 (0.0, 1.0) 
  309	 (3.1, 3.2)			 (1.0, 2.0) 
  310	 (3.1, 3.2)			 (2.0, 2.5) 
  311	 (3.1, 3.2)			 (2.5, 3.0) 
  312	 (3.1, 3.2)			 (3.0, 3.5) 
  313	 (3.1, 3.2)			 (3.5, 4.0) 
  314	 (3.1, 3.2)			 (4.0, 4.5) 
  315	 (3.1, 3.2)			 (4.5, 5.0) 
  316	 (3.1, 3.2)			 (5.0, 5.5) 
  317	 (3.1, 3.2)			 (5.5, 6.0) 
  318	 (3.1, 3.2)			 (6.0, 6.5) 
  319	 (3.1, 3.2)			 (6.5, 7.0) 
  320	 (3.1, 3.2)			 (7.0, 8.0) 
  321	 (3.1, 3.2)			 (8.0, 9.0) 
  322	 (3.1, 3.2)			 (9.0, 10.0) 
  323	 (3.2, 3.3)			 (0.0, 1.0) 
  324	 (3.2, 3.3)			 (1.0, 2.0) 
  325	 (3.2, 3.3)			 (2.0, 2.5) 
  326	 (3.2, 3.3)			 (2.5, 3.0) 
  327	 (3.2, 3.3)			 (3.0, 3.5) 
  328	 (3.2, 3.3)			 (3.5, 4.0) 
  329	 (3.2, 3.3)			 (4.0, 4.5) 
  330	 (3.2, 3.3)			 (4.5, 5.0) 
  331	 (3.2, 3.3)			 (5.0, 5.5) 
  332	 (3.2, 3.3)			 (5.5, 6.0) 
  333	 (3.2, 3.3)			 (6.0, 6.5) 
  334	 (3.2, 3.3)			 (6.5, 7.0) 
  335	 (3.2, 3.3)			 (7.0, 8.0) 
  336	 (3.2, 3.3)			 (8.0, 9.0) 
  337	 (3.2, 3.3)			 (9.0, 10.0) 
  338	 (3.3, 3.4000000000000004)			 (0.0, 1.0) 
  339	 (3.3, 3.4000000000000004)			 (1.0, 2.0) 
  340	 (3.3, 3.4000000000000004)			 (2.0, 2.5) 
  341	 (3.3, 3.4000000000000004)			 (2.5, 3.0) 
  342	 (3.3, 3.4000000000000004)			 (3.0, 3.5) 
  343	 (3.3, 3.4000000000000004)			 (3.5, 4.0) 
  344	 (3.3, 3.4000000000000004)			 (4.0, 4.5) 
  345	 (3.3, 3.4000000000000004)			 (4.5, 5.0) 
  346	 (3.3, 3.4000000000000004)			 (5.0, 5.5) 
  347	 (3.3, 3.4000000000000004)			 (5.5, 6.0) 
  348	 (3.3, 3.4000000000000004)			 (6.0, 6.5) 
  349	 (3.3, 3.4000000000000004)			 (6.5, 7.0) 
  350	 (3.3, 3.4000000000000004)			 (7.0, 8.0) 
  351	 (3.3, 3.4000000000000004)			 (8.0, 9.0) 
  352	 (3.3, 3.4000000000000004)			 (9.0, 10.0) 
  353	 (3.4000000000000004, 3.5)			 (0.0, 1.0) 
  354	 (3.4000000000000004, 3.5)			 (1.0, 2.0) 
  355	 (3.4000000000000004, 3.5)			 (2.0, 2.5) 
  356	 (3.4000000000000004, 3.5)			 (2.5, 3.0) 
  357	 (3.4000000000000004, 3.5)			 (3.0, 3.5) 
  358	 (3.4000000000000004, 3.5)			 (3.5, 4.0) 
  359	 (3.4000000000000004, 3.5)			 (4.0, 4.5) 
  360	 (3.4000000000000004, 3.5)			 (4.5, 5.0) 
  361	 (3.4000000000000004, 3.5)			 (5.0, 5.5) 
  362	 (3.4000000000000004, 3.5)			 (5.5, 6.0) 
  363	 (3.4000000000000004, 3.5)			 (6.0, 6.5) 
  364	 (3.4000000000000004, 3.5)			 (6.5, 7.0) 
  365	 (3.4000000000000004, 3.5)			 (7.0, 8.0) 
  366	 (3.4000000000000004, 3.5)			 (8.0, 9.0) 
  367	 (3.4000000000000004, 3.5)			 (9.0, 10.0) 
  368	 (3.5, 3.6)			 (0.0, 1.0) 
  369	 (3.5, 3.6)			 (1.0, 2.0) 
  370	 (3.5, 3.6)			 (2.0, 2.5) 
  371	 (3.5, 3.6)			 (2.5, 3.0) 
  372	 (3.5, 3.6)			 (3.0, 3.5) 
  373	 (3.5, 3.6)			 (3.5, 4.0) 
  374	 (3.5, 3.6)			 (4.0, 4.5) 
  375	 (3.5, 3.6)			 (4.5, 5.0) 
  376	 (3.5, 3.6)			 (5.0, 5.5) 
  377	 (3.5, 3.6)			 (5.5, 6.0) 
  378	 (3.5, 3.6)			 (6.0, 6.5) 
  379	 (3.5, 3.6)			 (6.5, 7.0) 
  380	 (3.5, 3.6)			 (7.0, 8.0) 
  381	 (3.5, 3.6)			 (8.0, 9.0) 
  382	 (3.5, 3.6)			 (9.0, 10.0) 
  383	 (3.6, 3.7)			 (0.0, 1.0) 
  384	 (3.6, 3.7)			 (1.0, 2.0) 
  385	 (3.6, 3.7)			 (2.0, 2.5) 
  386	 (3.6, 3.7)			 (2.5, 3.0) 
  387	 (3.6, 3.7)			 (3.0, 3.5) 
  388	 (3.6, 3.7)			 (3.5, 4.0) 
  389	 (3.6, 3.7)			 (4.0, 4.5) 
  390	 (3.6, 3.7)			 (4.5, 5.0) 
  391	 (3.6, 3.7)			 (5.0, 5.5) 
  392	 (3.6, 3.7)			 (5.5, 6.0) 
  393	 (3.6, 3.7)			 (6.0, 6.5) 
  394	 (3.6, 3.7)			 (6.5, 7.0) 
  395	 (3.6, 3.7)			 (7.0, 8.0) 
  396	 (3.6, 3.7)			 (8.0, 9.0) 
  397	 (3.6, 3.7)			 (9.0, 10.0) 
  398	 (3.7, 3.8)			 (0.0, 1.0) 
  399	 (3.7, 3.8)			 (1.0, 2.0) 
  400	 (3.7, 3.8)			 (2.0, 2.5) 
  401	 (3.7, 3.8)			 (2.5, 3.0) 
  402	 (3.7, 3.8)			 (3.0, 3.5) 
  403	 (3.7, 3.8)			 (3.5, 4.0) 
  404	 (3.7, 3.8)			 (4.0, 4.5) 
  405	 (3.7, 3.8)			 (4.5, 5.0) 
  406	 (3.7, 3.8)			 (5.0, 5.5) 
  407	 (3.7, 3.8)			 (5.5, 6.0) 
  408	 (3.7, 3.8)			 (6.0, 6.5) 
  409	 (3.7, 3.8)			 (6.5, 7.0) 
  410	 (3.7, 3.8)			 (7.0, 8.0) 
  411	 (3.7, 3.8)			 (8.0, 9.0) 
  412	 (3.7, 3.8)			 (9.0, 10.0) 
  413	 (3.8, 3.9000000000000004)			 (0.0, 1.0) 
  414	 (3.8, 3.9000000000000004)			 (1.0, 2.0) 
  415	 (3.8, 3.9000000000000004)			 (2.0, 2.5) 
  416	 (3.8, 3.9000000000000004)			 (2.5, 3.0) 
  417	 (3.8, 3.9000000000000004)			 (3.0, 3.5) 
  418	 (3.8, 3.9000000000000004)			 (3.5, 4.0) 
  419	 (3.8, 3.9000000000000004)			 (4.0, 4.5) 
  420	 (3.8, 3.9000000000000004)			 (4.5, 5.0) 
  421	 (3.8, 3.9000000000000004)			 (5.0, 5.5) 
  422	 (3.8, 3.9000000000000004)			 (5.5, 6.0) 
  423	 (3.8, 3.9000000000000004)			 (6.0, 6.5) 
  424	 (3.8, 3.9000000000000004)			 (6.5, 7.0) 
  425	 (3.8, 3.9000000000000004)			 (7.0, 8.0) 
  426	 (3.8, 3.9000000000000004)			 (8.0, 9.0) 
  427	 (3.8, 3.9000000000000004)			 (9.0, 10.0) 
  428	 (3.9000000000000004, 4.0)			 (0.0, 1.0) 
  429	 (3.9000000000000004, 4.0)			 (1.0, 2.0) 
  430	 (3.9000000000000004, 4.0)			 (2.0, 2.5) 
  431	 (3.9000000000000004, 4.0)			 (2.5, 3.0) 
  432	 (3.9000000000000004, 4.0)			 (3.0, 3.5) 
  433	 (3.9000000000000004, 4.0)			 (3.5, 4.0) 
  434	 (3.9000000000000004, 4.0)			 (4.0, 4.5) 
  435	 (3.9000000000000004, 4.0)			 (4.5, 5.0) 
  436	 (3.9000000000000004, 4.0)			 (5.0, 5.5) 
  437	 (3.9000000000000004, 4.0)			 (5.5, 6.0) 
  438	 (3.9000000000000004, 4.0)			 (6.0, 6.5) 
  439	 (3.9000000000000004, 4.0)			 (6.5, 7.0) 
  440	 (3.9000000000000004, 4.0)			 (7.0, 8.0) 
  441	 (3.9000000000000004, 4.0)			 (8.0, 9.0) 
  442	 (3.9000000000000004, 4.0)			 (9.0, 10.0) 
  443	 (4.0, 4.1)			 (0.0, 1.0) 
  444	 (4.0, 4.1)			 (1.0, 2.0) 
  445	 (4.0, 4.1)			 (2.0, 2.5) 
  446	 (4.0, 4.1)			 (2.5, 3.0) 
  447	 (4.0, 4.1)			 (3.0, 3.5) 
  448	 (4.0, 4.1)			 (3.5, 4.0) 
  449	 (4.0, 4.1)			 (4.0, 4.5) 
  450	 (4.0, 4.1)			 (4.5, 5.0) 
  451	 (4.0, 4.1)			 (5.0, 5.5) 
  452	 (4.0, 4.1)			 (5.5, 6.0) 
  453	 (4.0, 4.1)			 (6.0, 6.5) 
  454	 (4.0, 4.1)			 (6.5, 7.0) 
  455	 (4.0, 4.1)			 (7.0, 8.0) 
  456	 (4.0, 4.1)			 (8.0, 9.0) 
  457	 (4.0, 4.1)			 (9.0, 10.0) 
  458	 (4.1, 4.2)			 (0.0, 1.0) 
  459	 (4.1, 4.2)			 (1.0, 2.0) 
  460	 (4.1, 4.2)			 (2.0, 2.5) 
  461	 (4.1, 4.2)			 (2.5, 3.0) 
  462	 (4.1, 4.2)			 (3.0, 3.5) 
  463	 (4.1, 4.2)			 (3.5, 4.0) 
  464	 (4.1, 4.2)			 (4.0, 4.5) 
  465	 (4.1, 4.2)			 (4.5, 5.0) 
  466	 (4.1, 4.2)			 (5.0, 5.5) 
  467	 (4.1, 4.2)			 (5.5, 6.0) 
  468	 (4.1, 4.2)			 (6.0, 6.5) 
  469	 (4.1, 4.2)			 (6.5, 7.0) 
  470	 (4.1, 4.2)			 (7.0, 8.0) 
  471	 (4.1, 4.2)			 (8.0, 9.0) 
  472	 (4.1, 4.2)			 (9.0, 10.0) 
  473	 (4.2, 4.300000000000001)			 (0.0, 1.0) 
  474	 (4.2, 4.300000000000001)			 (1.0, 2.0) 
  475	 (4.2, 4.300000000000001)			 (2.0, 2.5) 
  476	 (4.2, 4.300000000000001)			 (2.5, 3.0) 
  477	 (4.2, 4.300000000000001)			 (3.0, 3.5) 
  478	 (4.2, 4.300000000000001)			 (3.5, 4.0) 
  479	 (4.2, 4.300000000000001)			 (4.0, 4.5) 
  480	 (4.2, 4.300000000000001)			 (4.5, 5.0) 
  481	 (4.2, 4.300000000000001)			 (5.0, 5.5) 
  482	 (4.2, 4.300000000000001)			 (5.5, 6.0) 
  483	 (4.2, 4.300000000000001)			 (6.0, 6.5) 
  484	 (4.2, 4.300000000000001)			 (6.5, 7.0) 
  485	 (4.2, 4.300000000000001)			 (7.0, 8.0) 
  486	 (4.2, 4.300000000000001)			 (8.0, 9.0) 
  487	 (4.2, 4.300000000000001)			 (9.0, 10.0) 
  488	 (4.300000000000001, 4.4)			 (0.0, 1.0) 
  489	 (4.300000000000001, 4.4)			 (1.0, 2.0) 
  490	 (4.300000000000001, 4.4)			 (2.0, 2.5) 
  491	 (4.300000000000001, 4.4)			 (2.5, 3.0) 
  492	 (4.300000000000001, 4.4)			 (3.0, 3.5) 
  493	 (4.300000000000001, 4.4)			 (3.5, 4.0) 
  494	 (4.300000000000001, 4.4)			 (4.0, 4.5) 
  495	 (4.300000000000001, 4.4)			 (4.5, 5.0) 
  496	 (4.300000000000001, 4.4)			 (5.0, 5.5) 
  497	 (4.300000000000001, 4.4)			 (5.5, 6.0) 
  498	 (4.300000000000001, 4.4)			 (6.0, 6.5) 
  499	 (4.300000000000001, 4.4)			 (6.5, 7.0) 
  500	 (4.300000000000001, 4.4)			 (7.0, 8.0) 
  501	 (4.300000000000001, 4.4)			 (8.0, 9.0) 
  502	 (4.300000000000001, 4.4)			 (9.0, 10.0) 
  503	 (4.4, 4.5)			 (0.0, 1.0) 
  504	 (4.4, 4.5)			 (1.0, 2.0) 
  505	 (4.4, 4.5)			 (2.0, 2.5) 
  506	 (4.4, 4.5)			 (2.5, 3.0) 
  507	 (4.4, 4.5)			 (3.0, 3.5) 
  508	 (4.4, 4.5)			 (3.5, 4.0) 
  509	 (4.4, 4.5)			 (4.0, 4.5) 
  510	 (4.4, 4.5)			 (4.5, 5.0) 
  511	 (4.4, 4.5)			 (5.0, 5.5) 
  512	 (4.4, 4.5)			 (5.5, 6.0) 
  513	 (4.4, 4.5)			 (6.0, 6.5) 
  514	 (4.4, 4.5)			 (6.5, 7.0) 
  515	 (4.4, 4.5)			 (7.0, 8.0) 
  516	 (4.4, 4.5)			 (8.0, 9.0) 
  517	 (4.4, 4.5)			 (9.0, 10.0) 
  518	 (4.5, 4.6)			 (0.0, 1.0) 
  519	 (4.5, 4.6)			 (1.0, 2.0) 
  520	 (4.5, 4.6)			 (2.0, 2.5) 
  521	 (4.5, 4.6)			 (2.5, 3.0) 
  522	 (4.5, 4.6)			 (3.0, 3.5) 
  523	 (4.5, 4.6)			 (3.5, 4.0) 
  524	 (4.5, 4.6)			 (4.0, 4.5) 
  525	 (4.5, 4.6)			 (4.5, 5.0) 
  526	 (4.5, 4.6)			 (5.0, 5.5) 
  527	 (4.5, 4.6)			 (5.5, 6.0) 
  528	 (4.5, 4.6)			 (6.0, 6.5) 
  529	 (4.5, 4.6)			 (6.5, 7.0) 
  530	 (4.5, 4.6)			 (7.0, 8.0) 
  531	 (4.5, 4.6)			 (8.0, 9.0) 
  532	 (4.5, 4.6)			 (9.0, 10.0) 
  533	 (4.6, 4.7)			 (0.0, 1.0) 
  534	 (4.6, 4.7)			 (1.0, 2.0) 
  535	 (4.6, 4.7)			 (2.0, 2.5) 
  536	 (4.6, 4.7)			 (2.5, 3.0) 
  537	 (4.6, 4.7)			 (3.0, 3.5) 
  538	 (4.6, 4.7)			 (3.5, 4.0) 
  539	 (4.6, 4.7)			 (4.0, 4.5) 
  540	 (4.6, 4.7)			 (4.5, 5.0) 
  541	 (4.6, 4.7)			 (5.0, 5.5) 
  542	 (4.6, 4.7)			 (5.5, 6.0) 
  543	 (4.6, 4.7)			 (6.0, 6.5) 
  544	 (4.6, 4.7)			 (6.5, 7.0) 
  545	 (4.6, 4.7)			 (7.0, 8.0) 
  546	 (4.6, 4.7)			 (8.0, 9.0) 
  547	 (4.6, 4.7)			 (9.0, 10.0) 
  548	 (4.7, 4.800000000000001)			 (0.0, 1.0) 
  549	 (4.7, 4.800000000000001)			 (1.0, 2.0) 
  550	 (4.7, 4.800000000000001)			 (2.0, 2.5) 
  551	 (4.7, 4.800000000000001)			 (2.5, 3.0) 
  552	 (4.7, 4.800000000000001)			 (3.0, 3.5) 
  553	 (4.7, 4.800000000000001)			 (3.5, 4.0) 
  554	 (4.7, 4.800000000000001)			 (4.0, 4.5) 
  555	 (4.7, 4.800000000000001)			 (4.5, 5.0) 
  556	 (4.7, 4.800000000000001)			 (5.0, 5.5) 
  557	 (4.7, 4.800000000000001)			 (5.5, 6.0) 
  558	 (4.7, 4.800000000000001)			 (6.0, 6.5) 
  559	 (4.7, 4.800000000000001)			 (6.5, 7.0) 
  560	 (4.7, 4.800000000000001)			 (7.0, 8.0) 
  561	 (4.7, 4.800000000000001)			 (8.0, 9.0) 
  562	 (4.7, 4.800000000000001)			 (9.0, 10.0) 
  563	 (4.800000000000001, 4.9)			 (0.0, 1.0) 
  564	 (4.800000000000001, 4.9)			 (1.0, 2.0) 
  565	 (4.800000000000001, 4.9)			 (2.0, 2.5) 
  566	 (4.800000000000001, 4.9)			 (2.5, 3.0) 
  567	 (4.800000000000001, 4.9)			 (3.0, 3.5) 
  568	 (4.800000000000001, 4.9)			 (3.5, 4.0) 
  569	 (4.800000000000001, 4.9)			 (4.0, 4.5) 
  570	 (4.800000000000001, 4.9)			 (4.5, 5.0) 
  571	 (4.800000000000001, 4.9)			 (5.0, 5.5) 
  572	 (4.800000000000001, 4.9)			 (5.5, 6.0) 
  573	 (4.800000000000001, 4.9)			 (6.0, 6.5) 
  574	 (4.800000000000001, 4.9)			 (6.5, 7.0) 
  575	 (4.800000000000001, 4.9)			 (7.0, 8.0) 
  576	 (4.800000000000001, 4.9)			 (8.0, 9.0) 
  577	 (4.800000000000001, 4.9)			 (9.0, 10.0) 
  578	 (4.9, 5.0)			 (0.0, 1.0) 
  579	 (4.9, 5.0)			 (1.0, 2.0) 
  580	 (4.9, 5.0)			 (2.0, 2.5) 
  581	 (4.9, 5.0)			 (2.5, 3.0) 
  582	 (4.9, 5.0)			 (3.0, 3.5) 
  583	 (4.9, 5.0)			 (3.5, 4.0) 
  584	 (4.9, 5.0)			 (4.0, 4.5) 
  585	 (4.9, 5.0)			 (4.5, 5.0) 
  586	 (4.9, 5.0)			 (5.0, 5.5) 
  587	 (4.9, 5.0)			 (5.5, 6.0) 
  588	 (4.9, 5.0)			 (6.0, 6.5) 
  589	 (4.9, 5.0)			 (6.5, 7.0) 
  590	 (4.9, 5.0)			 (7.0, 8.0) 
  591	 (4.9, 5.0)			 (8.0, 9.0) 
  592	 (4.9, 5.0)			 (9.0, 10.0) 
  593	 (5.0, 5.1)			 (0.0, 1.0) 
  594	 (5.0, 5.1)			 (1.0, 2.0) 
  595	 (5.0, 5.1)			 (2.0, 2.5) 
  596	 (5.0, 5.1)			 (2.5, 3.0) 
  597	 (5.0, 5.1)			 (3.0, 3.5) 
  598	 (5.0, 5.1)			 (3.5, 4.0) 
  599	 (5.0, 5.1)			 (4.0, 4.5) 
  600	 (5.0, 5.1)			 (4.5, 5.0) 
  601	 (5.0, 5.1)			 (5.0, 5.5) 
  602	 (5.0, 5.1)			 (5.5, 6.0) 
  603	 (5.0, 5.1)			 (6.0, 6.5) 
  604	 (5.0, 5.1)			 (6.5, 7.0) 
  605	 (5.0, 5.1)			 (7.0, 8.0) 
  606	 (5.0, 5.1)			 (8.0, 9.0) 
  607	 (5.0, 5.1)			 (9.0, 10.0) 
  608	 (5.1, 5.2)			 (0.0, 1.0) 
  609	 (5.1, 5.2)			 (1.0, 2.0) 
  610	 (5.1, 5.2)			 (2.0, 2.5) 
  611	 (5.1, 5.2)			 (2.5, 3.0) 
  612	 (5.1, 5.2)			 (3.0, 3.5) 
  613	 (5.1, 5.2)			 (3.5, 4.0) 
  614	 (5.1, 5.2)			 (4.0, 4.5) 
  615	 (5.1, 5.2)			 (4.5, 5.0) 
  616	 (5.1, 5.2)			 (5.0, 5.5) 
  617	 (5.1, 5.2)			 (5.5, 6.0) 
  618	 (5.1, 5.2)			 (6.0, 6.5) 
  619	 (5.1, 5.2)			 (6.5, 7.0) 
  620	 (5.1, 5.2)			 (7.0, 8.0) 
  621	 (5.1, 5.2)			 (8.0, 9.0) 
  622	 (5.1, 5.2)			 (9.0, 10.0) 
  623	 (5.2, 5.300000000000001)			 (0.0, 1.0) 
  624	 (5.2, 5.300000000000001)			 (1.0, 2.0) 
  625	 (5.2, 5.300000000000001)			 (2.0, 2.5) 
  626	 (5.2, 5.300000000000001)			 (2.5, 3.0) 
  627	 (5.2, 5.300000000000001)			 (3.0, 3.5) 
  628	 (5.2, 5.300000000000001)			 (3.5, 4.0) 
  629	 (5.2, 5.300000000000001)			 (4.0, 4.5) 
  630	 (5.2, 5.300000000000001)			 (4.5, 5.0) 
  631	 (5.2, 5.300000000000001)			 (5.0, 5.5) 
  632	 (5.2, 5.300000000000001)			 (5.5, 6.0) 
  633	 (5.2, 5.300000000000001)			 (6.0, 6.5) 
  634	 (5.2, 5.300000000000001)			 (6.5, 7.0) 
  635	 (5.2, 5.300000000000001)			 (7.0, 8.0) 
  636	 (5.2, 5.300000000000001)			 (8.0, 9.0) 
  637	 (5.2, 5.300000000000001)			 (9.0, 10.0) 
  638	 (5.300000000000001, 5.4)			 (0.0, 1.0) 
  639	 (5.300000000000001, 5.4)			 (1.0, 2.0) 
  640	 (5.300000000000001, 5.4)			 (2.0, 2.5) 
  641	 (5.300000000000001, 5.4)			 (2.5, 3.0) 
  642	 (5.300000000000001, 5.4)			 (3.0, 3.5) 
  643	 (5.300000000000001, 5.4)			 (3.5, 4.0) 
  644	 (5.300000000000001, 5.4)			 (4.0, 4.5) 
  645	 (5.300000000000001, 5.4)			 (4.5, 5.0) 
  646	 (5.300000000000001, 5.4)			 (5.0, 5.5) 
  647	 (5.300000000000001, 5.4)			 (5.5, 6.0) 
  648	 (5.300000000000001, 5.4)			 (6.0, 6.5) 
  649	 (5.300000000000001, 5.4)			 (6.5, 7.0) 
  650	 (5.300000000000001, 5.4)			 (7.0, 8.0) 
  651	 (5.300000000000001, 5.4)			 (8.0, 9.0) 
  652	 (5.300000000000001, 5.4)			 (9.0, 10.0) 
  653	 (5.4, 5.5)			 (0.0, 1.0) 
  654	 (5.4, 5.5)			 (1.0, 2.0) 
  655	 (5.4, 5.5)			 (2.0, 2.5) 
  656	 (5.4, 5.5)			 (2.5, 3.0) 
  657	 (5.4, 5.5)			 (3.0, 3.5) 
  658	 (5.4, 5.5)			 (3.5, 4.0) 
  659	 (5.4, 5.5)			 (4.0, 4.5) 
  660	 (5.4, 5.5)			 (4.5, 5.0) 
  661	 (5.4, 5.5)			 (5.0, 5.5) 
  662	 (5.4, 5.5)			 (5.5, 6.0) 
  663	 (5.4, 5.5)			 (6.0, 6.5) 
  664	 (5.4, 5.5)			 (6.5, 7.0) 
  665	 (5.4, 5.5)			 (7.0, 8.0) 
  666	 (5.4, 5.5)			 (8.0, 9.0) 
  667	 (5.4, 5.5)			 (9.0, 10.0) 
  668	 (5.5, 5.6)			 (0.0, 1.0) 
  669	 (5.5, 5.6)			 (1.0, 2.0) 
  670	 (5.5, 5.6)			 (2.0, 2.5) 
  671	 (5.5, 5.6)			 (2.5, 3.0) 
  672	 (5.5, 5.6)			 (3.0, 3.5) 
  673	 (5.5, 5.6)			 (3.5, 4.0) 
  674	 (5.5, 5.6)			 (4.0, 4.5) 
  675	 (5.5, 5.6)			 (4.5, 5.0) 
  676	 (5.5, 5.6)			 (5.0, 5.5) 
  677	 (5.5, 5.6)			 (5.5, 6.0) 
  678	 (5.5, 5.6)			 (6.0, 6.5) 
  679	 (5.5, 5.6)			 (6.5, 7.0) 
  680	 (5.5, 5.6)			 (7.0, 8.0) 
  681	 (5.5, 5.6)			 (8.0, 9.0) 
  682	 (5.5, 5.6)			 (9.0, 10.0) 
  683	 (5.6, 5.7)			 (0.0, 1.0) 
  684	 (5.6, 5.7)			 (1.0, 2.0) 
  685	 (5.6, 5.7)			 (2.0, 2.5) 
  686	 (5.6, 5.7)			 (2.5, 3.0) 
  687	 (5.6, 5.7)			 (3.0, 3.5) 
  688	 (5.6, 5.7)			 (3.5, 4.0) 
  689	 (5.6, 5.7)			 (4.0, 4.5) 
  690	 (5.6, 5.7)			 (4.5, 5.0) 
  691	 (5.6, 5.7)			 (5.0, 5.5) 
  692	 (5.6, 5.7)			 (5.5, 6.0) 
  693	 (5.6, 5.7)			 (6.0, 6.5) 
  694	 (5.6, 5.7)			 (6.5, 7.0) 
  695	 (5.6, 5.7)			 (7.0, 8.0) 
  696	 (5.6, 5.7)			 (8.0, 9.0) 
  697	 (5.6, 5.7)			 (9.0, 10.0) 
  698	 (5.7, 5.800000000000001)			 (0.0, 1.0) 
  699	 (5.7, 5.800000000000001)			 (1.0, 2.0) 
  700	 (5.7, 5.800000000000001)			 (2.0, 2.5) 
  701	 (5.7, 5.800000000000001)			 (2.5, 3.0) 
  702	 (5.7, 5.800000000000001)			 (3.0, 3.5) 
  703	 (5.7, 5.800000000000001)			 (3.5, 4.0) 
  704	 (5.7, 5.800000000000001)			 (4.0, 4.5) 
  705	 (5.7, 5.800000000000001)			 (4.5, 5.0) 
  706	 (5.7, 5.800000000000001)			 (5.0, 5.5) 
  707	 (5.7, 5.800000000000001)			 (5.5, 6.0) 
  708	 (5.7, 5.800000000000001)			 (6.0, 6.5) 
  709	 (5.7, 5.800000000000001)			 (6.5, 7.0) 
  710	 (5.7, 5.800000000000001)			 (7.0, 8.0) 
  711	 (5.7, 5.800000000000001)			 (8.0, 9.0) 
  712	 (5.7, 5.800000000000001)			 (9.0, 10.0) 
  713	 (5.800000000000001, 5.9)			 (0.0, 1.0) 
  714	 (5.800000000000001, 5.9)			 (1.0, 2.0) 
  715	 (5.800000000000001, 5.9)			 (2.0, 2.5) 
  716	 (5.800000000000001, 5.9)			 (2.5, 3.0) 
  717	 (5.800000000000001, 5.9)			 (3.0, 3.5) 
  718	 (5.800000000000001, 5.9)			 (3.5, 4.0) 
  719	 (5.800000000000001, 5.9)			 (4.0, 4.5) 
  720	 (5.800000000000001, 5.9)			 (4.5, 5.0) 
  721	 (5.800000000000001, 5.9)			 (5.0, 5.5) 
  722	 (5.800000000000001, 5.9)			 (5.5, 6.0) 
  723	 (5.800000000000001, 5.9)			 (6.0, 6.5) 
  724	 (5.800000000000001, 5.9)			 (6.5, 7.0) 
  725	 (5.800000000000001, 5.9)			 (7.0, 8.0) 
  726	 (5.800000000000001, 5.9)			 (8.0, 9.0) 
  727	 (5.800000000000001, 5.9)			 (9.0, 10.0) 
  728	 (5.9, 6.0)			 (0.0, 1.0) 
  729	 (5.9, 6.0)			 (1.0, 2.0) 
  730	 (5.9, 6.0)			 (2.0, 2.5) 
  731	 (5.9, 6.0)			 (2.5, 3.0) 
  732	 (5.9, 6.0)			 (3.0, 3.5) 
  733	 (5.9, 6.0)			 (3.5, 4.0) 
  734	 (5.9, 6.0)			 (4.0, 4.5) 
  735	 (5.9, 6.0)			 (4.5, 5.0) 
  736	 (5.9, 6.0)			 (5.0, 5.5) 
  737	 (5.9, 6.0)			 (5.5, 6.0) 
  738	 (5.9, 6.0)			 (6.0, 6.5) 
  739	 (5.9, 6.0)			 (6.5, 7.0) 
  740	 (5.9, 6.0)			 (7.0, 8.0) 
  741	 (5.9, 6.0)			 (8.0, 9.0) 
  742	 (5.9, 6.0)			 (9.0, 10.0) 
  743	 (6.0, 6.2)			 (0.0, 1.0) 
  744	 (6.0, 6.2)			 (1.0, 2.0) 
  745	 (6.0, 6.2)			 (2.0, 2.5) 
  746	 (6.0, 6.2)			 (2.5, 3.0) 
  747	 (6.0, 6.2)			 (3.0, 3.5) 
  748	 (6.0, 6.2)			 (3.5, 4.0) 
  749	 (6.0, 6.2)			 (4.0, 4.5) 
  750	 (6.0, 6.2)			 (4.5, 5.0) 
  751	 (6.0, 6.2)			 (5.0, 5.5) 
  752	 (6.0, 6.2)			 (5.5, 6.0) 
  753	 (6.0, 6.2)			 (6.0, 6.5) 
  754	 (6.0, 6.2)			 (6.5, 7.0) 
  755	 (6.0, 6.2)			 (7.0, 8.0) 
  756	 (6.0, 6.2)			 (8.0, 9.0) 
  757	 (6.0, 6.2)			 (9.0, 10.0) 
  758	 (6.2, 6.4)			 (0.0, 1.0) 
  759	 (6.2, 6.4)			 (1.0, 2.0) 
  760	 (6.2, 6.4)			 (2.0, 2.5) 
  761	 (6.2, 6.4)			 (2.5, 3.0) 
  762	 (6.2, 6.4)			 (3.0, 3.5) 
  763	 (6.2, 6.4)			 (3.5, 4.0) 
  764	 (6.2, 6.4)			 (4.0, 4.5) 
  765	 (6.2, 6.4)			 (4.5, 5.0) 
  766	 (6.2, 6.4)			 (5.0, 5.5) 
  767	 (6.2, 6.4)			 (5.5, 6.0) 
  768	 (6.2, 6.4)			 (6.0, 6.5) 
  769	 (6.2, 6.4)			 (6.5, 7.0) 
  770	 (6.2, 6.4)			 (7.0, 8.0) 
  771	 (6.2, 6.4)			 (8.0, 9.0) 
  772	 (6.2, 6.4)			 (9.0, 10.0) 
  773	 (6.4, 6.6)			 (0.0, 1.0) 
  774	 (6.4, 6.6)			 (1.0, 2.0) 
  775	 (6.4, 6.6)			 (2.0, 2.5) 
  776	 (6.4, 6.6)			 (2.5, 3.0) 
  777	 (6.4, 6.6)			 (3.0, 3.5) 
  778	 (6.4, 6.6)			 (3.5, 4.0) 
  779	 (6.4, 6.6)			 (4.0, 4.5) 
  780	 (6.4, 6.6)			 (4.5, 5.0) 
  781	 (6.4, 6.6)			 (5.0, 5.5) 
  782	 (6.4, 6.6)			 (5.5, 6.0) 
  783	 (6.4, 6.6)			 (6.0, 6.5) 
  784	 (6.4, 6.6)			 (6.5, 7.0) 
  785	 (6.4, 6.6)			 (7.0, 8.0) 
  786	 (6.4, 6.6)			 (8.0, 9.0) 
  787	 (6.4, 6.6)			 (9.0, 10.0) 
  788	 (6.6, 6.8)			 (0.0, 1.0) 
  789	 (6.6, 6.8)			 (1.0, 2.0) 
  790	 (6.6, 6.8)			 (2.0, 2.5) 
  791	 (6.6, 6.8)			 (2.5, 3.0) 
  792	 (6.6, 6.8)			 (3.0, 3.5) 
  793	 (6.6, 6.8)			 (3.5, 4.0) 
  794	 (6.6, 6.8)			 (4.0, 4.5) 
  795	 (6.6, 6.8)			 (4.5, 5.0) 
  796	 (6.6, 6.8)			 (5.0, 5.5) 
  797	 (6.6, 6.8)			 (5.5, 6.0) 
  798	 (6.6, 6.8)			 (6.0, 6.5) 
  799	 (6.6, 6.8)			 (6.5, 7.0) 
  800	 (6.6, 6.8)			 (7.0, 8.0) 
  801	 (6.6, 6.8)			 (8.0, 9.0) 
  802	 (6.6, 6.8)			 (9.0, 10.0) 
  803	 (6.8, 7.0)			 (0.0, 1.0) 
  804	 (6.8, 7.0)			 (1.0, 2.0) 
  805	 (6.8, 7.0)			 (2.0, 2.5) 
  806	 (6.8, 7.0)			 (2.5, 3.0) 
  807	 (6.8, 7.0)			 (3.0, 3.5) 
  808	 (6.8, 7.0)			 (3.5, 4.0) 
  809	 (6.8, 7.0)			 (4.0, 4.5) 
  810	 (6.8, 7.0)			 (4.5, 5.0) 
  811	 (6.8, 7.0)			 (5.0, 5.5) 
  812	 (6.8, 7.0)			 (5.5, 6.0) 
  813	 (6.8, 7.0)			 (6.0, 6.5) 
  814	 (6.8, 7.0)			 (6.5, 7.0) 
  815	 (6.8, 7.0)			 (7.0, 8.0) 
  816	 (6.8, 7.0)			 (8.0, 9.0) 
  817	 (6.8, 7.0)			 (9.0, 10.0) 
  818	 (7.0, 7.25)			 (0.0, 1.0) 
  819	 (7.0, 7.25)			 (1.0, 2.0) 
  820	 (7.0, 7.25)			 (2.0, 2.5) 
  821	 (7.0, 7.25)			 (2.5, 3.0) 
  822	 (7.0, 7.25)			 (3.0, 3.5) 
  823	 (7.0, 7.25)			 (3.5, 4.0) 
  824	 (7.0, 7.25)			 (4.0, 4.5) 
  825	 (7.0, 7.25)			 (4.5, 5.0) 
  826	 (7.0, 7.25)			 (5.0, 5.5) 
  827	 (7.0, 7.25)			 (5.5, 6.0) 
  828	 (7.0, 7.25)			 (6.0, 6.5) 
  829	 (7.0, 7.25)			 (6.5, 7.0) 
  830	 (7.0, 7.25)			 (7.0, 8.0) 
  831	 (7.0, 7.25)			 (8.0, 9.0) 
  832	 (7.0, 7.25)			 (9.0, 10.0) 
  833	 (7.25, 7.5)			 (0.0, 1.0) 
  834	 (7.25, 7.5)			 (1.0, 2.0) 
  835	 (7.25, 7.5)			 (2.0, 2.5) 
  836	 (7.25, 7.5)			 (2.5, 3.0) 
  837	 (7.25, 7.5)			 (3.0, 3.5) 
  838	 (7.25, 7.5)			 (3.5, 4.0) 
  839	 (7.25, 7.5)			 (4.0, 4.5) 
  840	 (7.25, 7.5)			 (4.5, 5.0) 
  841	 (7.25, 7.5)			 (5.0, 5.5) 
  842	 (7.25, 7.5)			 (5.5, 6.0) 
  843	 (7.25, 7.5)			 (6.0, 6.5) 
  844	 (7.25, 7.5)			 (6.5, 7.0) 
  845	 (7.25, 7.5)			 (7.0, 8.0) 
  846	 (7.25, 7.5)			 (8.0, 9.0) 
  847	 (7.25, 7.5)			 (9.0, 10.0) 
  848	 (7.5, 7.75)			 (0.0, 1.0) 
  849	 (7.5, 7.75)			 (1.0, 2.0) 
  850	 (7.5, 7.75)			 (2.0, 2.5) 
  851	 (7.5, 7.75)			 (2.5, 3.0) 
  852	 (7.5, 7.75)			 (3.0, 3.5) 
  853	 (7.5, 7.75)			 (3.5, 4.0) 
  854	 (7.5, 7.75)			 (4.0, 4.5) 
  855	 (7.5, 7.75)			 (4.5, 5.0) 
  856	 (7.5, 7.75)			 (5.0, 5.5) 
  857	 (7.5, 7.75)			 (5.5, 6.0) 
  858	 (7.5, 7.75)			 (6.0, 6.5) 
  859	 (7.5, 7.75)			 (6.5, 7.0) 
  860	 (7.5, 7.75)			 (7.0, 8.0) 
  861	 (7.5, 7.75)			 (8.0, 9.0) 
  862	 (7.5, 7.75)			 (9.0, 10.0) 
  863	 (7.75, 8.0)			 (0.0, 1.0) 
  864	 (7.75, 8.0)			 (1.0, 2.0) 
  865	 (7.75, 8.0)			 (2.0, 2.5) 
  866	 (7.75, 8.0)			 (2.5, 3.0) 
  867	 (7.75, 8.0)			 (3.0, 3.5) 
  868	 (7.75, 8.0)			 (3.5, 4.0) 
  869	 (7.75, 8.0)			 (4.0, 4.5) 
  870	 (7.75, 8.0)			 (4.5, 5.0) 
  871	 (7.75, 8.0)			 (5.0, 5.5) 
  872	 (7.75, 8.0)			 (5.5, 6.0) 
  873	 (7.75, 8.0)			 (6.0, 6.5) 
  874	 (7.75, 8.0)			 (6.5, 7.0) 
  875	 (7.75, 8.0)			 (7.0, 8.0) 
  876	 (7.75, 8.0)			 (8.0, 9.0) 
  877	 (7.75, 8.0)			 (9.0, 10.0) 
  878	 (8.0, 8.25)			 (0.0, 1.0) 
  879	 (8.0, 8.25)			 (1.0, 2.0) 
  880	 (8.0, 8.25)			 (2.0, 2.5) 
  881	 (8.0, 8.25)			 (2.5, 3.0) 
  882	 (8.0, 8.25)			 (3.0, 3.5) 
  883	 (8.0, 8.25)			 (3.5, 4.0) 
  884	 (8.0, 8.25)			 (4.0, 4.5) 
  885	 (8.0, 8.25)			 (4.5, 5.0) 
  886	 (8.0, 8.25)			 (5.0, 5.5) 
  887	 (8.0, 8.25)			 (5.5, 6.0) 
  888	 (8.0, 8.25)			 (6.0, 6.5) 
  889	 (8.0, 8.25)			 (6.5, 7.0) 
  890	 (8.0, 8.25)			 (7.0, 8.0) 
  891	 (8.0, 8.25)			 (8.0, 9.0) 
  892	 (8.0, 8.25)			 (9.0, 10.0) 
  893	 (8.25, 8.5)			 (0.0, 1.0) 
  894	 (8.25, 8.5)			 (1.0, 2.0) 
  895	 (8.25, 8.5)			 (2.0, 2.5) 
  896	 (8.25, 8.5)			 (2.5, 3.0) 
  897	 (8.25, 8.5)			 (3.0, 3.5) 
  898	 (8.25, 8.5)			 (3.5, 4.0) 
  899	 (8.25, 8.5)			 (4.0, 4.5) 
  900	 (8.25, 8.5)			 (4.5, 5.0) 
  901	 (8.25, 8.5)			 (5.0, 5.5) 
  902	 (8.25, 8.5)			 (5.5, 6.0) 
  903	 (8.25, 8.5)			 (6.0, 6.5) 
  904	 (8.25, 8.5)			 (6.5, 7.0) 
  905	 (8.25, 8.5)			 (7.0, 8.0) 
  906	 (8.25, 8.5)			 (8.0, 9.0) 
  907	 (8.25, 8.5)			 (9.0, 10.0) 
  908	 (8.5, 8.75)			 (0.0, 1.0) 
  909	 (8.5, 8.75)			 (1.0, 2.0) 
  910	 (8.5, 8.75)			 (2.0, 2.5) 
  911	 (8.5, 8.75)			 (2.5, 3.0) 
  912	 (8.5, 8.75)			 (3.0, 3.5) 
  913	 (8.5, 8.75)			 (3.5, 4.0) 
  914	 (8.5, 8.75)			 (4.0, 4.5) 
  915	 (8.5, 8.75)			 (4.5, 5.0) 
  916	 (8.5, 8.75)			 (5.0, 5.5) 
  917	 (8.5, 8.75)			 (5.5, 6.0) 
  918	 (8.5, 8.75)			 (6.0, 6.5) 
  919	 (8.5, 8.75)			 (6.5, 7.0) 
  920	 (8.5, 8.75)			 (7.0, 8.0) 
  921	 (8.5, 8.75)			 (8.0, 9.0) 
  922	 (8.5, 8.75)			 (9.0, 10.0) 
  923	 (8.75, 9.0)			 (0.0, 1.0) 
  924	 (8.75, 9.0)			 (1.0, 2.0) 
  925	 (8.75, 9.0)			 (2.0, 2.5) 
  926	 (8.75, 9.0)			 (2.5, 3.0) 
  927	 (8.75, 9.0)			 (3.0, 3.5) 
  928	 (8.75, 9.0)			 (3.5, 4.0) 
  929	 (8.75, 9.0)			 (4.0, 4.5) 
  930	 (8.75, 9.0)			 (4.5, 5.0) 
  931	 (8.75, 9.0)			 (5.0, 5.5) 
  932	 (8.75, 9.0)			 (5.5, 6.0) 
  933	 (8.75, 9.0)			 (6.0, 6.5) 
  934	 (8.75, 9.0)			 (6.5, 7.0) 
  935	 (8.75, 9.0)			 (7.0, 8.0) 
  936	 (8.75, 9.0)			 (8.0, 9.0) 
  937	 (8.75, 9.0)			 (9.0, 10.0) 
  938	 (9.0, 9.25)			 (0.0, 1.0) 
  939	 (9.0, 9.25)			 (1.0, 2.0) 
  940	 (9.0, 9.25)			 (2.0, 2.5) 
  941	 (9.0, 9.25)			 (2.5, 3.0) 
  942	 (9.0, 9.25)			 (3.0, 3.5) 
  943	 (9.0, 9.25)			 (3.5, 4.0) 
  944	 (9.0, 9.25)			 (4.0, 4.5) 
  945	 (9.0, 9.25)			 (4.5, 5.0) 
  946	 (9.0, 9.25)			 (5.0, 5.5) 
  947	 (9.0, 9.25)			 (5.5, 6.0) 
  948	 (9.0, 9.25)			 (6.0, 6.5) 
  949	 (9.0, 9.25)			 (6.5, 7.0) 
  950	 (9.0, 9.25)			 (7.0, 8.0) 
  951	 (9.0, 9.25)			 (8.0, 9.0) 
  952	 (9.0, 9.25)			 (9.0, 10.0) 
  953	 (9.25, 9.5)			 (0.0, 1.0) 
  954	 (9.25, 9.5)			 (1.0, 2.0) 
  955	 (9.25, 9.5)			 (2.0, 2.5) 
  956	 (9.25, 9.5)			 (2.5, 3.0) 
  957	 (9.25, 9.5)			 (3.0, 3.5) 
  958	 (9.25, 9.5)			 (3.5, 4.0) 
  959	 (9.25, 9.5)			 (4.0, 4.5) 
  960	 (9.25, 9.5)			 (4.5, 5.0) 
  961	 (9.25, 9.5)			 (5.0, 5.5) 
  962	 (9.25, 9.5)			 (5.5, 6.0) 
  963	 (9.25, 9.5)			 (6.0, 6.5) 
  964	 (9.25, 9.5)			 (6.5, 7.0) 
  965	 (9.25, 9.5)			 (7.0, 8.0) 
  966	 (9.25, 9.5)			 (8.0, 9.0) 
  967	 (9.25, 9.5)			 (9.0, 10.0) 
  968	 (9.5, 9.75)			 (0.0, 1.0) 
  969	 (9.5, 9.75)			 (1.0, 2.0) 
  970	 (9.5, 9.75)			 (2.0, 2.5) 
  971	 (9.5, 9.75)			 (2.5, 3.0) 
  972	 (9.5, 9.75)			 (3.0, 3.5) 
  973	 (9.5, 9.75)			 (3.5, 4.0) 
  974	 (9.5, 9.75)			 (4.0, 4.5) 
  975	 (9.5, 9.75)			 (4.5, 5.0) 
  976	 (9.5, 9.75)			 (5.0, 5.5) 
  977	 (9.5, 9.75)			 (5.5, 6.0) 
  978	 (9.5, 9.75)			 (6.0, 6.5) 
  979	 (9.5, 9.75)			 (6.5, 7.0) 
  980	 (9.5, 9.75)			 (7.0, 8.0) 
  981	 (9.5, 9.75)			 (8.0, 9.0) 
  982	 (9.5, 9.75)			 (9.0, 10.0) 
  983	 (9.75, 10.0)			 (0.0, 1.0) 
  984	 (9.75, 10.0)			 (1.0, 2.0) 
  985	 (9.75, 10.0)			 (2.0, 2.5) 
  986	 (9.75, 10.0)			 (2.5, 3.0) 
  987	 (9.75, 10.0)			 (3.0, 3.5) 
  988	 (9.75, 10.0)			 (3.5, 4.0) 
  989	 (9.75, 10.0)			 (4.0, 4.5) 
  990	 (9.75, 10.0)			 (4.5, 5.0) 
  991	 (9.75, 10.0)			 (5.0, 5.5) 
  992	 (9.75, 10.0)			 (5.5, 6.0) 
  993	 (9.75, 10.0)			 (6.0, 6.5) 
  994	 (9.75, 10.0)			 (6.5, 7.0) 
  995	 (9.75, 10.0)			 (7.0, 8.0) 
  996	 (9.75, 10.0)			 (8.0, 9.0) 
  997	 (9.75, 10.0)			 (9.0, 10.0) 
  998	 (10.0, 10.5)			 (0.0, 5.0) 
  999	 (10.0, 10.5)			 (5.0, 10.0) 
 1000	 (10.5, 11.0)			 (0.0, 5.0) 
 1001	 (10.5, 11.0)			 (5.0, 10.0) 
 1002	 (11.0, 11.5)			 (0.0, 5.0) 
 1003	 (11.0, 11.5)			 (5.0, 10.0) 
 1004	 (11.5, 12.0)			 (0.0, 5.0) 
 1005	 (11.5, 12.0)			 (5.0, 10.0) 
 1006	 (12.0, inf)			 (0.0, 5.0) 
 1007	 (12.0, inf)			 (5.0, 10.0) 
======================================================================
