./prep_all_bstates.sh
Loading amber/24.0
  Loading requirement: mpich/4.1.2/gcc/11.4.1

########################################
#            SUMMARY REPORT            #
########################################

Target: 23000 waters + 13 neutralizing K+ + 61 K+/61 Cl-

  Bstate                  Waters     Iters   HRM   Density  Box (rst7 last line)
  --------------------  --------  --------  ----  --------  ------------------------------------
  folded_01                23000         8    OK     0.927    99.3250992  99.3250992  99.3250992 109.4712190 109.4712190 109.4712190
  folded_02                23000         8    OK     0.927    99.3212361  99.3212361  99.3212361 109.4712190 109.4712190 109.4712190
  folded_03                23000        11    OK     0.927    99.3307484  99.3307484  99.3307484 109.4712190 109.4712190 109.4712190
  folded_04                23000        23    OK     0.927    99.3299925  99.3299925  99.3299925 109.4712190 109.4712190 109.4712190
  folded_05                23000         8    OK     0.928    99.3181740  99.3181740  99.3181740 109.4712190 109.4712190 109.4712190
  folded_06                23000         9    OK     0.928    99.3195425  99.3195425  99.3195425 109.4712190 109.4712190 109.4712190
  folded_07                23000        10    OK     0.927    99.3243884  99.3243884  99.3243884 109.4712190 109.4712190 109.4712190
  folded_08                23000        11    OK     0.927    99.3279240  99.3279240  99.3279240 109.4712190 109.4712190 109.4712190
  folded_09                23000        15    OK     0.927    99.3299766  99.3299766  99.3299766 109.4712190 109.4712190 109.4712190
  folded_10                23000        10    OK     0.927    99.3244634  99.3244634  99.3244634 109.4712190 109.4712190 109.4712190
  unfolded_01              23000        15    OK     0.927    99.3530178  99.3530178  99.3530178 109.4712190 109.4712190 109.4712190
  unfolded_02              23000         7    OK     0.927    99.3421566  99.3421566  99.3421566 109.4712190 109.4712190 109.4712190
  unfolded_03              23000         7    OK     0.927    99.3421598  99.3421598  99.3421598 109.4712190 109.4712190 109.4712190
  unfolded_04              23000        11    OK     0.927    99.3519373  99.3519373  99.3519373 109.4712190 109.4712190 109.4712190
  unfolded_05              23000        11    OK     0.927    99.3527736  99.3527736  99.3527736 109.4712190 109.4712190 109.4712190
  unfolded_06              23000         8    OK     0.927    99.3541458  99.3541458  99.3541458 109.4712190 109.4712190 109.4712190
  unfolded_07              23000         6    OK     0.927    99.3467482  99.3467482  99.3467482 109.4712190 109.4712190 109.4712190
  unfolded_08              23000         8    OK     0.927    99.3342595  99.3342595  99.3342595 109.4712190 109.4712190 109.4712190
  unfolded_09              23000         7    OK     0.926    99.3598743  99.3598743  99.3598743 109.4712190 109.4712190 109.4712190
  unfolded_10              23000         5    OK     0.927    99.3503463  99.3503463  99.3503463 109.4712190 109.4712190 109.4712190

VERIFY:
  1. All water counts should be 23000 
  2. Box lines should show three EQUAL lengths and angles
  3. All HRM = OK

Next: minimize → heat → NPT equilibrate each _HRM system
