log started: Wed Oct 30 19:13:00 2024

Log file: ./leap.log
>> # ----- NOTE: this is designed for PDB format 3!
>> #       Uses ff99bsc0_chiOL3 for RNA
>> #       	(ff99): Wang et al. J. Comp. Chem. 21: 1049, 2000
>> #       	(bsc0): Perez et al. Biophys J. 92: 3817, 2007
>> #       	(chiOL3): Zgarbova et al. JCTC 7: 2886, 2011
>> #           (note: all of the above are in parm10.dat, loaded below)
>> #
>> #	load atom type hybridizations
>> #
>> addAtomTypes {
>> 	{ "H"   "H" "sp3" }
>> 	{ "HO"  "H" "sp3" }
>> 	{ "HS"  "H" "sp3" }
>> 	{ "H1"  "H" "sp3" }
>> 	{ "H2"  "H" "sp3" }
>> 	{ "H3"  "H" "sp3" }
>> 	{ "H4"  "H" "sp3" }
>> 	{ "H5"  "H" "sp3" }
>> 	{ "HW"  "H" "sp3" }
>> 	{ "HC"  "H" "sp3" }
>> 	{ "HA"  "H" "sp3" }
>> 	{ "HP"  "H" "sp3" }
>> 	{ "HZ"  "H" "sp3" }
>> 	{ "OH"  "O" "sp3" }
>> 	{ "OS"  "O" "sp3" }
>> 	{ "O"   "O" "sp2" }
>> 	{ "O2"  "O" "sp2" }
>> 	{ "OP"  "O" "sp2" }
>> 	{ "OW"  "O" "sp3" }
>> 	{ "CT"  "C" "sp3" }
>> 	{ "CX"  "C" "sp3" }
>> 	{ "CS"  "C" "sp2" }
>> 	{ "C"   "C" "sp2" }
>> 	{ "C*"  "C" "sp2" }
>> 	{ "CA"  "C" "sp2" }
>> 	{ "CB"  "C" "sp2" }
>> 	{ "CC"  "C" "sp2" }
>> 	{ "CN"  "C" "sp2" }
>> 	{ "CM"  "C" "sp2" }
>> 	{ "CK"  "C" "sp2" }
>> 	{ "CQ"  "C" "sp2" }
>> 	{ "CD"  "C" "sp2" }
>> 	{ "C5"  "C" "sp2" }
>> 	{ "C4"  "C" "sp2" }
>> 	{ "CP"  "C" "sp2" }
>> 	{ "CI"  "C" "sp3" }
>> 	{ "CW"  "C" "sp2" }
>> 	{ "CV"  "C" "sp2" }
>> 	{ "CR"  "C" "sp2" }
>> 	{ "CY"  "C" "sp2" }
>> 	{ "C0"  "Ca" "sp3" }
>> 	{ "MG"  "Mg" "sp3" }
>> 	{ "N"   "N" "sp2" }
>> 	{ "NA"  "N" "sp2" }
>> 	{ "N2"  "N" "sp2" }
>> 	{ "N*"  "N" "sp2" }
>> 	{ "NB"  "N" "sp2" }
>> 	{ "NC"  "N" "sp2" }
>> 	{ "NT"  "N" "sp3" }
>> 	{ "NY"  "N" "sp2" }
>> 	{ "N3"  "N" "sp3" }
>> 	{ "S"   "S" "sp3" }
>> 	{ "SH"  "S" "sp3" }
>> 	{ "P"   "P" "sp3" }
>> 	{ "LP"  ""  "sp3" }
>> 	{ "EP"  ""  "sp3" }
>> 	{ "F"   "F" "sp3" }
>> 	{ "Cl"  "Cl" "sp3" }
>> 	{ "Br"  "Br" "sp3" }
>> 	{ "I"   "I"  "sp3" }
>> }
>> #
>> #	Load the main parameter set.
>> #
>> parm10 = loadamberparams parm10.dat
Loading parameters: /opt/crc/a/amber/22.0/amber22/dat/leap/parm/parm10.dat
Reading title:
PARM99 + frcmod.ff99SB + frcmod.parmbsc0 + OL3 for RNA
>> #
>> #	Load main chain and terminating nucleic acids
>> #
>> 
>> loadOff RNA.lib
Loading library: /opt/crc/a/amber/22.0/amber22/dat/leap/lib/RNA.lib
Loading: A
Loading: A3
Loading: A5
Loading: AN
Loading: C
Loading: C3
Loading: C5
Loading: CN
Loading: G
Loading: G3
Loading: G5
Loading: GN
Loading: OHE
Loading: U
Loading: U3
Loading: U5
Loading: UN
>> 
>> #
>> #	Define the PDB name map for the nucleic acids
>> #
>> addPdbResMap {
>>   { 0 "G" "G5"  } { 1 "G" "G3"  } 
>>   { 0 "A" "A5"  } { 1 "A" "A3"  } 
>>   { 0 "C" "C5"  } { 1 "C" "C3"  } 
>>   { 0 "U" "U5"  } { 1 "U" "U3"  } 
>> #  some old Amber residue names for RNA:
>>   { 0  "RA5" "A5" } { 1 "RA3" "A3"} {"RA" "A" }
>>   { 0  "RC5" "C5" } { 1 "RC3" "C3"} {"RC" "C" }
>>   { 0  "RG5" "G5" } { 1 "RG3" "G3"} {"RG" "G" }
>>   { 0  "RU5" "U5" } { 1 "RU3" "U3"} {"RU" "U" }
>> #  uncomment out the following if you have this old style RNA files:
>> # { 0 "GUA" "G5"  } { 1 "GUA" "G3"  } { "GUA" "G" }
>> # { 0 "ADE" "A5"  } { 1 "ADE" "A3"  } { "ADE" "A" }
>> # { 0 "CYT" "C5"  } { 1 "CYT" "C3"  } { "CYT" "C" }
>> # { 0 "URA" "R5"  } { 1 "URA" "R3"  } { "URA" "R" }
>> 
>> }
>> 
>> #  try to be good about reading in really old atom names as well:
>> addPdbAtomMap {
>>   { "O5*" "O5'" }
>>   { "C5*" "C5'" }
>>   { "C4*" "C4'" }
>>   { "O4*" "O4'" }
>>   { "C3*" "C3'" }
>>   { "O3*" "O3'" }
>>   { "C2*" "C2'" }
>>   { "O2*" "O2'" }
>>   { "C1*" "C1'" }
>>   { "C5M" "C7"  }
>>   { "H1*" "H1'" }
>>   { "H2*1" "H2'" }
>>   { "H2*2" "H2''" }
>>   { "H2'1" "H2'" }
>>   { "H2'2" "H2''" }
>>   { "H3*" "H3'" }
>>   { "H4*" "H4'" }
>>   { "H5*1" "H5'" }
>>   { "H5*2" "H5''" }
>>   { "H5'1" "H5'" }
>>   { "H5'2" "H5''" }
>>   { "HO'2" "HO2'" }
>>   { "H5T"  "HO5'" }
>>   { "H3T"  "HO3'" }
>>   { "O1'" "O4'" }
>>   { "OA"  "OP1" }
>>   { "OB"  "OP2" }
>>   { "O1P" "OP1" }
>>   { "O2P" "OP2" }
>>   { "O3P" "OP3" }
>> }
>> 
> 
> source leaprc.water.tip3p
----- Source: /opt/crc/a/amber/22.0/amber22/dat/leap/cmd/leaprc.water.tip3p
----- Source of /opt/crc/a/amber/22.0/amber22/dat/leap/cmd/leaprc.water.tip3p done
>> #
>> #       Load water and ions for TIP3P + Li/Merz monovalent ions 
>> #       + Joung-Chetham monovalent ions
>> #       + Li/Merz highly charged ions (+2 to +4, 12-6 normal usage set)
>> #
>> #       Note: the Li/Merz monovalent set is loaded only to get Tl+,
>> #          Cu+, Ag+ NH4+, H3O+.  Since we load Joung-Cheatham second,
>> #          the alkali halide parameters come from the Joung-Cheatham set
>> #
>> addAtomTypes {
>> 	{ "HW"  "H" "sp3" }
>> 	{ "OW"  "O" "sp3" }
>> 	{ "F-"   "F" "sp3" }
>> 	{ "Cl-"  "Cl" "sp3" }
>> 	{ "Br-"  "Br" "sp3" }
>> 	{ "I-"   "I"  "sp3" }
>> 	{ "Li+"  "Li"  "sp3" }
>> 	{ "Na+"  "Na"  "sp3" }
>> 	{ "K+"  "K"  "sp3" }
>> 	{ "Rb+"  "Rb"  "sp3" }
>> 	{ "Cs+"  "Cs"  "sp3" }
>> 	{ "Mg+"  "Mg"  "sp3" }
>>     { "Tl+"  "Tl"  "sp3" }
>>     { "Cu+"  "Cu"  "sp3" }
>>     { "Ag+"  "Ag"  "sp3" }
>>     { "NH4+"  "N"  "sp3" }
>>     { "H3O+"  "O"  "sp3" }
>>     { "Be2+" "Be"  "sp3" }
>>     { "Cu2+" "Cu"  "sp3" }
>>     { "Ni2+" "Ni"  "sp3" }
>>     { "Pt2+" "Pt"  "sp3" }
>>     { "Zn2+" "Zn"  "sp3" }
>>     { "Co2+" "Co"  "sp3" }
>>     { "Pd2+" "Pd"  "sp3" }
>>     { "Ag2+" "Ag"  "sp3" }
>>     { "Cr2+" "Cr"  "sp3" }
>>     { "Fe2+" "Fe"  "sp3" }
>>     { "Mg2+" "Mg"  "sp3" }
>>     { "V2+"  "V"   "sp3" }
>>     { "Mn2+" "Mn"  "sp3" }
>>     { "Hg2+" "Hg"  "sp3" }
>>     { "Cd2+" "Cd"  "sp3" }
>>     { "Yb2+" "Yb"  "sp3" }
>>     { "Ca2+" "Ca"  "sp3" }
>>     { "Sn2+" "Sn"  "sp3" }
>>     { "Pb2+" "Pb"  "sp3" }
>>     { "Eu2+" "Eu"  "sp3" }
>>     { "Sr2+" "Sr"  "sp3" }
>>     { "Sm2+" "Sm"  "sp3" }
>>     { "Ba2+" "Ba"  "sp3" }
>>     { "Ra2+" "Ra"  "sp3" }
>>     { "Al3+" "Al"  "sp3" }
>>     { "Fe3+" "Fe"  "sp3" }
>>     { "Cr3+" "Cr"  "sp3" }
>>     { "In3+" "In"  "sp3" }
>>     { "Tl3+" "Tl"  "sp3" }
>>     { "Y3+"  "Y"   "sp3" }
>>     { "La3+" "La"  "sp3" }
>>     { "Ce3+" "Ce"  "sp3" }
>>     { "Pr3+" "Pr"  "sp3" }
>>     { "Nd3+" "Nd"  "sp3" }
>>     { "Sm3+" "Sm"  "sp3" }
>>     { "Eu3+" "Eu"  "sp3" }
>>     { "Gd3+" "Gd"  "sp3" }
>>     { "Tb3+" "Tb"  "sp3" }
>>     { "Dy3+" "Dy"  "sp3" }
>>     { "Er3+" "Er"  "sp3" }
>>     { "Tm3+" "Tm"  "sp3" }
>>     { "Lu3+" "Lu"  "sp3" }
>>     { "Hf4+" "Hf"  "sp3" }
>>     { "Zr4+" "Zr"  "sp3" }
>>     { "Ce4+" "Ce"  "sp3" }
>>     { "U4+"  "U"   "sp3" }
>>     { "Pu4+" "Pu"  "sp3" }
>>     { "Th4+" "Th"  "sp3" }
>> }
>> loadOff atomic_ions.lib
Loading library: /opt/crc/a/amber/22.0/amber22/dat/leap/lib/atomic_ions.lib
Loading: AG
Loading: AL
Loading: Ag
Loading: BA
Loading: BR
Loading: Be
Loading: CA
Loading: CD
Loading: CE
Loading: CL
Loading: CO
Loading: CR
Loading: CS
Loading: CU
Loading: CU1
Loading: Ce
Loading: Cl-
Loading: Cr
Loading: Dy
Loading: EU
Loading: EU3
Loading: Er
Loading: F
Loading: FE
Loading: FE2
Loading: GD3
Loading: H3O+
Loading: HE+
Loading: HG
Loading: HZ+
Loading: Hf
Loading: IN
Loading: IOD
Loading: K
Loading: K+
Loading: LA
Loading: LI
Loading: LU
Loading: MG
Loading: MN
Loading: NA
Loading: NH4
Loading: NI
Loading: Na+
Loading: Nd
Loading: PB
Loading: PD
Loading: PR
Loading: PT
Loading: Pu
Loading: RB
Loading: Ra
Loading: SM
Loading: SR
Loading: Sm
Loading: Sn
Loading: TB
Loading: TL
Loading: Th
Loading: Tl
Loading: Tm
Loading: U4+
Loading: V2+
Loading: Y
Loading: YB2
Loading: ZN
Loading: Zr
>> loadOff solvents.lib
Loading library: /opt/crc/a/amber/22.0/amber22/dat/leap/lib/solvents.lib
Loading: CHCL3BOX
Loading: DC4
Loading: FB3
Loading: FB3BOX
Loading: FB4
Loading: FB4BOX
Loading: MEOHBOX
Loading: NMABOX
Loading: O3P
Loading: OP3
Loading: OPC
Loading: OPC3BOX
Loading: OPCBOX
Loading: PL3
Loading: POL3BOX
Loading: QSPCFWBOX
Loading: SPC
Loading: SPCBOX
Loading: SPCFWBOX
Loading: SPF
Loading: SPG
Loading: T4E
Loading: TIP3PBOX
Loading: TIP3PFBOX
Loading: TIP4PBOX
Loading: TIP4PEWBOX
Loading: TIP5PBOX
Loading: TP3
Loading: TP4
Loading: TP5
Loading: TPF
>> HOH = TP3
>> WAT = TP3
>> loadAmberParams frcmod.tip3p
Loading parameters: /opt/crc/a/amber/22.0/amber22/dat/leap/parm/frcmod.tip3p
Reading force field modification type file (frcmod)
Reading title:
This is the additional/replacement parameter set for TIP3P water
>> loadAmberParams frcmod.ions1lm_126_tip3p
Loading parameters: /opt/crc/a/amber/22.0/amber22/dat/leap/parm/frcmod.ions1lm_126_tip3p
Reading force field modification type file (frcmod)
Reading title:
Li/Merz ion parameters of monovalent ions for TIP3P water model (12-6 normal usage set)
>> loadAmberParams frcmod.ionsjc_tip3p
Loading parameters: /opt/crc/a/amber/22.0/amber22/dat/leap/parm/frcmod.ionsjc_tip3p
Reading force field modification type file (frcmod)
Reading title:
Monovalent ion parameters for Ewald and TIP3P water from Joung & Cheatham JPCB (2008)
>> loadAmberParams frcmod.ions234lm_126_tip3p
Loading parameters: /opt/crc/a/amber/22.0/amber22/dat/leap/parm/frcmod.ions234lm_126_tip3p
Reading force field modification type file (frcmod)
Reading title:
Li/Merz ion parameters of divalent to tetravalent ions for TIP3P water model (12-6 normal usage set)
>> 
> 
> mol = loadpdb 1hs3_pdb4amber.pdb

Error: Could not open file 1hs3_pdb4amber.pdb: not found
> mol = loadpdb 1hs3unfolded_pdb4amber.pdb
Loading PDB file: ./1hs3unfolded_pdb4amber.pdb
Matching PDB residue names to LEaP variables.
Mapped residue G, term: Terminal/beginning, seq. number: 0 to: G5.
Mapped residue A, term: Terminal/last, seq. number: 12 to: A3.
  total atoms in file: 413
> addions mol Na+ 0
12 Na+ ions required to neutralize.
Adding 12 counter ions to "mol" using 1A grid
Total solute charge:  -12.00  Max atom radius:   2.10
Grid extends from solute vdw + 3.22  to  9.32
Box:
   enclosing:  -75.34  8.83 -34.45   31.22 45.42 34.83
   sized:			      52.66 136.83 93.55
   edge:        128.00
Resolution:      1.00 Angstrom.
Tree depth: 7
Volume =  1.74% of box, grid points 36398
 (no solvent present)
Calculating grid charges
Placed Na+ in mol at (-37.34, 34.83, 13.55).
Placed Na+ in mol at (-14.34, 31.83, -5.45).
Placed Na+ in mol at (-27.34, 32.83, 1.55).
Placed Na+ in mol at (-49.34, 34.83, 22.55).
Placed Na+ in mol at (0.66, 31.83, -8.45).
Placed Na+ in mol at (11.66, 21.83, -23.45).
Placed Na+ in mol at (-17.34, 30.83, 4.55).
Placed Na+ in mol at (11.66, 29.83, -13.45).
Placed Na+ in mol at (-41.34, 33.83, 8.55).
Placed Na+ in mol at (-7.34, 26.83, -12.45).
Placed Na+ in mol at (-37.34, 26.83, 17.55).
Placed Na+ in mol at (4.66, 26.83, -20.45).

Done adding ions.
> solvateoct mol TIP3PBOX 12.0
  Solute vdw bounding box:              102.580 16.512 14.969
  Total bounding box for atom centers:  126.580 126.580 126.580
      (box expansion for 'iso' is 914.9%)
  Solvent unit box:                     18.774 18.774 18.774
The number of boxes:  x= 7  y= 7  z= 7
  Volume: 1038299.124 A^3 (oct)
  Total mass 578030.820 amu,  Density 0.924 g/cc
  Added 31842 residues.
> addionsrand mol Na+ 57 Cl- 57
Adding 114 counter ions to "mol". 31728 solvent molecules will remain.
0: Placed Na+ in mol at (-15.85, -15.93, -48.04).
Placed Cl- in mol at (0.25, -9.86, 12.46).
0: Placed Na+ in mol at (-3.88, 40.72, 28.90).
Placed Cl- in mol at (18.39, 55.72, -1.21).
0: Placed Na+ in mol at (-0.84, 18.41, -6.42).
Placed Cl- in mol at (20.92, -27.40, -35.63).
0: Placed Na+ in mol at (2.37, 42.84, 20.25).
Placed Cl- in mol at (4.78, 4.66, 47.03).
0: Placed Na+ in mol at (14.85, -14.11, -36.00).
Placed Cl- in mol at (-19.81, -21.12, 44.38).
0: Placed Na+ in mol at (-29.91, -10.75, 13.34).
Placed Cl- in mol at (-33.25, -17.52, 8.11).
0: Placed Na+ in mol at (-6.43, -50.07, -14.80).
Placed Cl- in mol at (-22.43, 33.21, -48.34).
0: Placed Na+ in mol at (-6.83, 24.22, -22.72).
Placed Cl- in mol at (-16.07, 19.34, 32.25).
0: Placed Na+ in mol at (-37.16, -36.13, -26.18).
Placed Cl- in mol at (40.07, -5.60, 51.89).
0: Placed Na+ in mol at (-32.67, 45.71, 27.80).
Placed Cl- in mol at (7.26, 20.06, 20.54).
0: Placed Na+ in mol at (25.34, -0.56, 0.02).
Placed Cl- in mol at (-6.17, -13.95, 31.19).
0: Placed Na+ in mol at (-32.38, -45.05, -7.12).
Placed Cl- in mol at (-12.92, 7.19, -28.72).
0: Placed Na+ in mol at (26.58, 8.75, 5.86).
Placed Cl- in mol at (-39.91, -29.90, 1.90).
0: Placed Na+ in mol at (-6.01, 5.70, 21.29).
Placed Cl- in mol at (18.11, -13.60, -10.67).
0: Placed Na+ in mol at (-35.36, 5.10, -13.98).
Placed Cl- in mol at (5.99, -49.51, -22.91).
0: Placed Na+ in mol at (-2.73, 23.39, -20.49).
Placed Cl- in mol at (33.97, -16.91, -1.38).
0: Placed Na+ in mol at (-11.36, -18.05, -44.33).
Placed Cl- in mol at (20.35, 46.62, 22.37).
0: Placed Na+ in mol at (-21.49, 17.94, 36.81).
Placed Cl- in mol at (-19.56, 49.37, -0.11).
0: Placed Na+ in mol at (-33.74, -15.83, -41.16).
Placed Cl- in mol at (27.46, -11.08, 55.92).
0: Placed Na+ in mol at (9.52, 13.88, 25.53).
Placed Cl- in mol at (-4.29, 24.57, 10.52).
0: Placed Na+ in mol at (9.05, -17.08, 58.54).
Placed Cl- in mol at (37.36, -12.44, 13.63).
0: Placed Na+ in mol at (-32.62, -28.29, -37.16).
Placed Cl- in mol at (-13.79, -34.66, -7.12).
0: Placed Na+ in mol at (-6.17, 32.04, 4.64).
Placed Cl- in mol at (-52.70, -15.51, -23.04).
0: Placed Na+ in mol at (17.86, -41.05, 13.85).
Placed Cl- in mol at (47.80, -1.00, 16.08).
0: Placed Na+ in mol at (33.41, -10.50, 42.32).
Placed Cl- in mol at (-13.70, 34.01, -17.16).
0: Placed Na+ in mol at (40.01, 21.64, 5.64).
Placed Cl- in mol at (-8.81, -21.63, 12.30).
0: Placed Na+ in mol at (-25.23, -46.39, 5.41).
Placed Cl- in mol at (18.15, 27.90, -17.41).
0: Placed Na+ in mol at (-21.51, -36.83, -3.07).
Placed Cl- in mol at (-31.00, 16.64, 22.74).
0: Placed Na+ in mol at (45.22, 36.76, -17.38).
Placed Cl- in mol at (-36.54, 25.07, 14.17).
0: Placed Na+ in mol at (-1.94, 19.09, 52.12).
Placed Cl- in mol at (-37.20, 18.11, -18.41).
0: Placed Na+ in mol at (46.40, 25.49, -32.05).
Placed Cl- in mol at (-6.88, -59.98, -10.19).
0: Placed Na+ in mol at (18.39, 9.73, 25.34).
Placed Cl- in mol at (-2.70, -29.38, -20.21).
0: Placed Na+ in mol at (-9.39, -44.01, -19.28).
Placed Cl- in mol at (-27.50, -6.91, 34.82).
0: Placed Na+ in mol at (9.51, -14.70, 48.92).
Placed Cl- in mol at (-37.16, 9.86, 26.92).
0: Placed Na+ in mol at (0.11, -8.97, -31.66).
Placed Cl- in mol at (-22.59, 40.86, 11.23).
0: Placed Na+ in mol at (8.87, 13.98, 21.31).
Placed Cl- in mol at (-29.38, -15.48, 5.86).
0: Placed Na+ in mol at (-9.39, 47.97, 7.28).
Placed Cl- in mol at (-18.92, 18.26, -6.91).
0: Placed Na+ in mol at (44.38, 19.32, 26.09).
Placed Cl- in mol at (45.39, -40.55, 23.06).
0: Placed Na+ in mol at (9.05, 5.92, 45.26).
Placed Cl- in mol at (-46.05, -21.72, -33.49).
0: Placed Na+ in mol at (-18.54, -0.15, 58.96).
Placed Cl- in mol at (23.21, -31.76, -50.61).
0: Placed Na+ in mol at (-11.27, 27.83, 30.86).
Placed Cl- in mol at (-15.85, 7.06, 44.89).
0: Placed Na+ in mol at (-27.50, 16.09, 48.09).
Placed Cl- in mol at (35.25, 22.16, -1.56).
0: Placed Na+ in mol at (4.84, -38.18, -31.10).
Placed Cl- in mol at (18.82, -34.97, 22.66).
0: Placed Na+ in mol at (44.96, 0.90, -8.45).
Placed Cl- in mol at (26.24, 20.27, 36.85).
0: Placed Na+ in mol at (30.26, 0.09, 34.89).
Placed Cl- in mol at (47.80, -1.00, -37.02).
0: Placed Na+ in mol at (16.67, -0.54, -47.28).
Placed Cl- in mol at (-7.70, 38.17, -7.41).
0: Placed Na+ in mol at (16.27, -42.20, -8.97).
Placed Cl- in mol at (-0.75, -15.91, 0.46).
0: Placed Na+ in mol at (-26.73, 24.20, 13.74).
Placed Cl- in mol at (17.33, 61.27, 16.77).
0: Placed Na+ in mol at (18.38, 17.38, -46.41).
Placed Cl- in mol at (15.62, -3.01, 60.31).
0: Placed Na+ in mol at (5.61, 49.99, 5.70).
Placed Cl- in mol at (30.52, 10.53, 43.64).
0: Placed Na+ in mol at (50.85, 13.98, 18.92).
Placed Cl- in mol at (43.47, 32.09, 1.15).
0: Placed Na+ in mol at (37.77, -41.40, 17.77).
Placed Cl- in mol at (4.17, -46.09, -31.26).
0: Placed Na+ in mol at (50.91, 17.07, 20.36).
Placed Cl- in mol at (12.53, 29.69, -38.49).
0: Placed Na+ in mol at (34.55, 33.17, -3.58).
Placed Cl- in mol at (12.87, -13.97, -0.97).
0: Placed Na+ in mol at (35.66, -15.48, 5.86).
Placed Cl- in mol at (-31.07, 29.46, -14.27).
0: Placed Na+ in mol at (-1.31, 21.54, 12.25).
Placed Cl- in mol at (-49.74, 37.19, 16.74).
0: Placed Na+ in mol at (-9.91, 50.74, 25.95).
Placed Cl- in mol at (-11.01, -58.84, 16.77).
> check mol
Checking 'mol'....
Checking parameters for unit 'mol'.
Checking for bond parameters.
Checking for angle parameters.
Unit is OK.
> savepdb mol 1hs3_unfoldedFinal.pdb
Writing pdb file: 1hs3_unfoldedFinal.pdb
   printing CRYST1 record to PDB file with box info
> saveamberparm mol 1hs3_unfolded.prmtop 1hs3_unfolded.inpcrd
Checking Unit.
Building topology.
Building atom parameters.
Building bond parameters.
Building angle parameters.
Building proper torsion parameters.
Building improper torsion parameters.
 total 87 improper torsions applied
Building H-Bond parameters.
Incorporating Non-Bonded adjustments.
Not Marking per-residue atom chain types.
Marking per-residue atom chain types.
  (Residues lacking connect0/connect1 - 
   these don't have chain types marked:

	res	total affected

	WAT	31728
  )
 (no restraints)
> saveamberparm mol 1hs3_unfolded.prmtop 1hs3_unfolded.rst7
Checking Unit.
Building topology.
Building atom parameters.
Building bond parameters.
Building angle parameters.
Building proper torsion parameters.
Building improper torsion parameters.
 total 87 improper torsions applied
Building H-Bond parameters.
Incorporating Non-Bonded adjustments.
Not Marking per-residue atom chain types.
Marking per-residue atom chain types.
  (Residues lacking connect0/connect1 - 
   these don't have chain types marked:

	res	total affected

	WAT	31728
  )
 (no restraints)
> exit

Error: Error from the parser: 
       syntax error.
       Check for typos, misspellings, etc.
       Try help on the command name and desc on the command arguments.

> quit
	Quit

Exiting LEaP: Errors = 2; Warnings = 0; Notes = 0.
