Bin information for iteration 251
960 segments
206 bins total, 0 targets, 120 (58.252%) occupied
Minimum probability by bin:     5.01359613556285710e-72
Maximum probability by bin:     1.00000000000000000e+00
Dynamic range (by bin):         164.174 kT
Minimum probability by segment: 6.26699516945357012e-73
Maximum probability by segment: 1.77269362199033942e-01
Dynamic range (by segment):     164.523 kT
Norm = 1, error in norm = -1.11022e-16 (0 epsilon)

 Index     Count    Total weight               Min seg weight             Max seg weight             Weight ratio    Label
     0         0    0.00000000000000000e+00    0.00000000000000000e+00    0.00000000000000000e+00         0.00000    [(0.0, 1)]
     1         0    0.00000000000000000e+00    0.00000000000000000e+00    0.00000000000000000e+00         0.00000    [(1.0, 1.5)]
     2         0    0.00000000000000000e+00    0.00000000000000000e+00    0.00000000000000000e+00         0.00000    [(1.5, 1.6)]
     3         0    0.00000000000000000e+00    0.00000000000000000e+00    0.00000000000000000e+00         0.00000    [(1.6, 1.61)]
     4         0    0.00000000000000000e+00    0.00000000000000000e+00    0.00000000000000000e+00         0.00000    [(1.61, 1.62)]
     5         0    0.00000000000000000e+00    0.00000000000000000e+00    0.00000000000000000e+00         0.00000    [(1.62, 1.6300000000000001)]
     6         0    0.00000000000000000e+00    0.00000000000000000e+00    0.00000000000000000e+00         0.00000    [(1.63, 1.6400000000000001)]
     7         0    0.00000000000000000e+00    0.00000000000000000e+00    0.00000000000000000e+00         0.00000    [(1.64, 1.6500000000000001)]
     8         0    0.00000000000000000e+00    0.00000000000000000e+00    0.00000000000000000e+00         0.00000    [(1.65, 1.6600000000000001)]
     9         0    0.00000000000000000e+00    0.00000000000000000e+00    0.00000000000000000e+00         0.00000    [(1.66, 1.6700000000000002)]
    10         0    0.00000000000000000e+00    0.00000000000000000e+00    0.00000000000000000e+00         0.00000    [(1.67, 1.6800000000000002)]
    11         0    0.00000000000000000e+00    0.00000000000000000e+00    0.00000000000000000e+00         0.00000    [(1.68, 1.6900000000000002)]
    12         0    0.00000000000000000e+00    0.00000000000000000e+00    0.00000000000000000e+00         0.00000    [(1.69, 1.7000000000000002)]
    13         0    0.00000000000000000e+00    0.00000000000000000e+00    0.00000000000000000e+00         0.00000    [(1.7, 1.7100000000000002)]
    14         0    0.00000000000000000e+00    0.00000000000000000e+00    0.00000000000000000e+00         0.00000    [(1.71, 1.7200000000000002)]
    15         0    0.00000000000000000e+00    0.00000000000000000e+00    0.00000000000000000e+00         0.00000    [(1.72, 1.73)]
    16         0    0.00000000000000000e+00    0.00000000000000000e+00    0.00000000000000000e+00         0.00000    [(1.73, 1.7400000000000002)]
    17         0    0.00000000000000000e+00    0.00000000000000000e+00    0.00000000000000000e+00         0.00000    [(1.74, 1.75)]
    18         0    0.00000000000000000e+00    0.00000000000000000e+00    0.00000000000000000e+00         0.00000    [(1.75, 1.76)]
    19         0    0.00000000000000000e+00    0.00000000000000000e+00    0.00000000000000000e+00         0.00000    [(1.76, 1.77)]
    20         0    0.00000000000000000e+00    0.00000000000000000e+00    0.00000000000000000e+00         0.00000    [(1.77, 1.78)]
    21         0    0.00000000000000000e+00    0.00000000000000000e+00    0.00000000000000000e+00         0.00000    [(1.78, 1.79)]
    22         0    0.00000000000000000e+00    0.00000000000000000e+00    0.00000000000000000e+00         0.00000    [(1.79, 1.8)]
    23         0    0.00000000000000000e+00    0.00000000000000000e+00    0.00000000000000000e+00         0.00000    [(1.8, 1.81)]
    24         0    0.00000000000000000e+00    0.00000000000000000e+00    0.00000000000000000e+00         0.00000    [(1.81, 1.82)]
    25         0    0.00000000000000000e+00    0.00000000000000000e+00    0.00000000000000000e+00         0.00000    [(1.82, 1.83)]
    26         0    0.00000000000000000e+00    0.00000000000000000e+00    0.00000000000000000e+00         0.00000    [(1.83, 1.84)]
    27         0    0.00000000000000000e+00    0.00000000000000000e+00    0.00000000000000000e+00         0.00000    [(1.84, 1.85)]
    28         0    0.00000000000000000e+00    0.00000000000000000e+00    0.00000000000000000e+00         0.00000    [(1.85, 1.86)]
    29         0    0.00000000000000000e+00    0.00000000000000000e+00    0.00000000000000000e+00         0.00000    [(1.86, 1.87)]
    30         0    0.00000000000000000e+00    0.00000000000000000e+00    0.00000000000000000e+00         0.00000    [(1.87, 1.8800000000000001)]
    31         0    0.00000000000000000e+00    0.00000000000000000e+00    0.00000000000000000e+00         0.00000    [(1.88, 1.8900000000000001)]
    32         0    0.00000000000000000e+00    0.00000000000000000e+00    0.00000000000000000e+00         0.00000    [(1.89, 1.9000000000000001)]
    33         0    0.00000000000000000e+00    0.00000000000000000e+00    0.00000000000000000e+00         0.00000    [(1.9, 1.9100000000000001)]
    34         0    0.00000000000000000e+00    0.00000000000000000e+00    0.00000000000000000e+00         0.00000    [(1.91, 1.9200000000000002)]
    35         0    0.00000000000000000e+00    0.00000000000000000e+00    0.00000000000000000e+00         0.00000    [(1.92, 1.9300000000000002)]
    36         0    0.00000000000000000e+00    0.00000000000000000e+00    0.00000000000000000e+00         0.00000    [(1.93, 1.9400000000000002)]
    37         0    0.00000000000000000e+00    0.00000000000000000e+00    0.00000000000000000e+00         0.00000    [(1.94, 1.9500000000000002)]
    38         0    0.00000000000000000e+00    0.00000000000000000e+00    0.00000000000000000e+00         0.00000    [(1.95, 1.96)]
    39         0    0.00000000000000000e+00    0.00000000000000000e+00    0.00000000000000000e+00         0.00000    [(1.96, 1.9700000000000002)]
    40         0    0.00000000000000000e+00    0.00000000000000000e+00    0.00000000000000000e+00         0.00000    [(1.97, 1.98)]
    41         0    0.00000000000000000e+00    0.00000000000000000e+00    0.00000000000000000e+00         0.00000    [(1.98, 1.9900000000000002)]
    42         0    0.00000000000000000e+00    0.00000000000000000e+00    0.00000000000000000e+00         0.00000    [(1.99, 2.0)]
    43         0    0.00000000000000000e+00    0.00000000000000000e+00    0.00000000000000000e+00         0.00000    [(2.0, 2.005)]
    44         0    0.00000000000000000e+00    0.00000000000000000e+00    0.00000000000000000e+00         0.00000    [(2.005, 2.01)]
    45         0    0.00000000000000000e+00    0.00000000000000000e+00    0.00000000000000000e+00         0.00000    [(2.01, 2.015)]
    46         0    0.00000000000000000e+00    0.00000000000000000e+00    0.00000000000000000e+00         0.00000    [(2.015, 2.02)]
    47         0    0.00000000000000000e+00    0.00000000000000000e+00    0.00000000000000000e+00         0.00000    [(2.02, 2.025)]
    48         0    0.00000000000000000e+00    0.00000000000000000e+00    0.00000000000000000e+00         0.00000    [(2.025, 2.03)]
    49         0    0.00000000000000000e+00    0.00000000000000000e+00    0.00000000000000000e+00         0.00000    [(2.03, 2.035)]
    50         0    0.00000000000000000e+00    0.00000000000000000e+00    0.00000000000000000e+00         0.00000    [(2.035, 2.04)]
    51         0    0.00000000000000000e+00    0.00000000000000000e+00    0.00000000000000000e+00         0.00000    [(2.04, 2.045)]
    52         8    3.51319735065414739e-70    4.39149668831768423e-71    4.39149668831768423e-71         1.00000    [(2.045, 2.05)]
    53         0    0.00000000000000000e+00    0.00000000000000000e+00    0.00000000000000000e+00         0.00000    [(2.05, 2.055)]
    54         0    0.00000000000000000e+00    0.00000000000000000e+00    0.00000000000000000e+00         0.00000    [(2.055, 2.06)]
    55         0    0.00000000000000000e+00    0.00000000000000000e+00    0.00000000000000000e+00         0.00000    [(2.06, 2.065)]
    56         0    0.00000000000000000e+00    0.00000000000000000e+00    0.00000000000000000e+00         0.00000    [(2.065, 2.07)]
    57         0    0.00000000000000000e+00    0.00000000000000000e+00    0.00000000000000000e+00         0.00000    [(2.07, 2.075)]
    58         0    0.00000000000000000e+00    0.00000000000000000e+00    0.00000000000000000e+00         0.00000    [(2.075, 2.08)]
    59         0    0.00000000000000000e+00    0.00000000000000000e+00    0.00000000000000000e+00         0.00000    [(2.08, 2.085)]
    60         0    0.00000000000000000e+00    0.00000000000000000e+00    0.00000000000000000e+00         0.00000    [(2.085, 2.09)]
    61         0    0.00000000000000000e+00    0.00000000000000000e+00    0.00000000000000000e+00         0.00000    [(2.09, 2.095)]
    62         0    0.00000000000000000e+00    0.00000000000000000e+00    0.00000000000000000e+00         0.00000    [(2.095, 2.1)]
    63         0    0.00000000000000000e+00    0.00000000000000000e+00    0.00000000000000000e+00         0.00000    [(2.1, 2.105)]
    64         0    0.00000000000000000e+00    0.00000000000000000e+00    0.00000000000000000e+00         0.00000    [(2.105, 2.11)]
    65         0    0.00000000000000000e+00    0.00000000000000000e+00    0.00000000000000000e+00         0.00000    [(2.11, 2.115)]
    66         0    0.00000000000000000e+00    0.00000000000000000e+00    0.00000000000000000e+00         0.00000    [(2.115, 2.12)]
    67         0    0.00000000000000000e+00    0.00000000000000000e+00    0.00000000000000000e+00         0.00000    [(2.12, 2.125)]
    68         0    0.00000000000000000e+00    0.00000000000000000e+00    0.00000000000000000e+00         0.00000    [(2.125, 2.13)]
    69         0    0.00000000000000000e+00    0.00000000000000000e+00    0.00000000000000000e+00         0.00000    [(2.13, 2.135)]
    70         0    0.00000000000000000e+00    0.00000000000000000e+00    0.00000000000000000e+00         0.00000    [(2.135, 2.14)]
    71         0    0.00000000000000000e+00    0.00000000000000000e+00    0.00000000000000000e+00         0.00000    [(2.14, 2.145)]
    72         0    0.00000000000000000e+00    0.00000000000000000e+00    0.00000000000000000e+00         0.00000    [(2.145, 2.15)]
    73         0    0.00000000000000000e+00    0.00000000000000000e+00    0.00000000000000000e+00         0.00000    [(2.15, 2.155)]
    74         0    0.00000000000000000e+00    0.00000000000000000e+00    0.00000000000000000e+00         0.00000    [(2.155, 2.16)]
    75         0    0.00000000000000000e+00    0.00000000000000000e+00    0.00000000000000000e+00         0.00000    [(2.16, 2.165)]
    76         0    0.00000000000000000e+00    0.00000000000000000e+00    0.00000000000000000e+00         0.00000    [(2.165, 2.17)]
    77         0    0.00000000000000000e+00    0.00000000000000000e+00    0.00000000000000000e+00         0.00000    [(2.17, 2.175)]
    78         0    0.00000000000000000e+00    0.00000000000000000e+00    0.00000000000000000e+00         0.00000    [(2.175, 2.18)]
    79         0    0.00000000000000000e+00    0.00000000000000000e+00    0.00000000000000000e+00         0.00000    [(2.18, 2.185)]
    80         0    0.00000000000000000e+00    0.00000000000000000e+00    0.00000000000000000e+00         0.00000    [(2.185, 2.19)]
    81         8    3.51319735065414739e-70    4.39149668831768423e-71    4.39149668831768423e-71         1.00000    [(2.19, 2.195)]
    82         0    0.00000000000000000e+00    0.00000000000000000e+00    0.00000000000000000e+00         0.00000    [(2.195, 2.2)]
    83         8    3.51319735065414739e-70    4.39149668831768423e-71    4.39149668831768423e-71         1.00000    [(2.2, 2.205)]
    84         0    0.00000000000000000e+00    0.00000000000000000e+00    0.00000000000000000e+00         0.00000    [(2.205, 2.21)]
    85         8    1.23250904999253575e-71    1.25339903389071402e-72    2.50679806778142805e-72         2.00000    [(2.21, 2.215)]
    86         0    0.00000000000000000e+00    0.00000000000000000e+00    0.00000000000000000e+00         0.00000    [(2.215, 2.22)]
    87         8    5.01359613556285710e-72    6.26699516945357012e-73    6.26699516945357012e-73         1.00000    [(2.22, 2.225)]
    88         0    0.00000000000000000e+00    0.00000000000000000e+00    0.00000000000000000e+00         0.00000    [(2.225, 2.23)]
    89         0    0.00000000000000000e+00    0.00000000000000000e+00    0.00000000000000000e+00         0.00000    [(2.23, 2.235)]
    90         8    5.48362077327187454e-72    6.85452596658984318e-73    6.85452596658984318e-73         1.00000    [(2.235, 2.24)]
    91         0    0.00000000000000000e+00    0.00000000000000000e+00    0.00000000000000000e+00         0.00000    [(2.24, 2.245)]
    92         8    3.51319735065414739e-70    4.39149668831768423e-71    4.39149668831768423e-71         1.00000    [(2.245, 2.25)]
    93         8    5.84904146510322012e-69    6.78525326751302665e-70    1.09936417784410147e-69         1.62023    [(2.25, 2.255)]
    94         8    1.98454847032696447e-71    2.08899838981785679e-72    4.17799677963571358e-72         2.00000    [(2.255, 2.26)]
    95         8    9.07684669043888712e-69    9.46761071502763711e-70    1.89352214300552742e-69         2.00000    [(2.26, 2.265)]
    96         8    6.48450406512709986e-69    8.09877555544228374e-70    8.15361176317500213e-70         1.00677    [(2.265, 2.27)]
    97         8    2.32765680686712602e-70    2.19344830930874982e-71    4.38689661861749964e-71         2.00000    [(2.27, 2.275)]
    98         8    7.31149436436249738e-72    9.13936795545312424e-73    9.13936795545312424e-73         1.00000    [(2.275, 2.2800000000000002)]
    99         8    1.18840797287415842e-70    1.48550996609269843e-71    1.48550996609269843e-71         1.00000    [(2.28, 2.285)]
   100         8    1.04475303685173213e-69    1.03381839182109093e-70    2.06763678364218185e-70         2.00000    [(2.285, 2.29)]
   101         8    4.32372872590347603e-70    5.01885335807735341e-71    7.27497161908063875e-71         1.44953    [(2.29, 2.295)]
   102         8    1.25183228509835115e-70    1.46229887287250008e-71    2.28223074087600871e-71         1.56071    [(2.295, 2.3)]
   103         8    3.88268905682951514e-69    4.84422195308144064e-70    4.91733689672506560e-70         1.01509    [(2.3, 2.305)]
   104         8    1.66105057182290825e-69    1.93767440923636850e-70    2.90055496628725315e-70         1.49693    [(2.305, 2.31)]
   105         8    1.22759776692372778e-69    1.51197519476443615e-70    1.69215130588622639e-70         1.11917    [(2.31, 2.315)]
   106         8    1.46352652988628919e-68    1.69261500621858729e-69    2.25651206910563950e-69         1.33315    [(2.315, 2.32)]
   107         8    1.76132249453416548e-69    1.93767440923636850e-70    3.08662352363619003e-70         1.59295    [(2.32, 2.325)]
   108         8    7.25978367280019830e-69    8.31885581011911056e-70    1.43658460571682130e-69         1.72690    [(2.325, 2.33)]
   109         8    4.97578636219190003e-70    2.74181038663593737e-71    1.18840797287415874e-70         4.33439    [(2.33, 2.335)]
   110         8    4.33989415484659749e-71    3.65574718218124970e-72    7.31149436436249939e-72         2.00000    [(2.335, 2.34)]
   111         8    8.85181251151079048e-69    9.65081924648028339e-70    1.93016384929605668e-69         2.00000    [(2.34, 2.345)]
   112         8    1.40385812138172541e-68    1.62707435451919746e-69    2.64906073218287061e-69         1.62811    [(2.345, 2.35)]
   113         8    8.81127841124339902e-69    9.51083182709321099e-70    1.37012304615072840e-69         1.44059    [(2.35, 2.355)]
   114         8    1.22937334458501054e-67    1.43244244477672323e-68    2.22431085029256688e-68         1.55281    [(2.355, 2.36)]
   115         8    4.43941942864233417e-68    4.75541591354660575e-69    7.22824630177398583e-69         1.52000    [(2.36, 2.365)]
   116         8    2.58842861568047120e-68    1.03180611460164714e-69    5.62111576104663582e-69         5.44784    [(2.365, 2.37)]
   117         8    4.82419075418031654e-68    4.75541591354660575e-69    7.62025715397135542e-69         1.60244    [(2.37, 2.375)]
   118         8    1.19532661515123323e-67    1.23066774982089028e-68    2.46133549964178055e-68         2.00000    [(2.375, 2.38)]
   119         8    4.74785888950348283e-68    5.16415899604137028e-69    1.03283179920827406e-68         2.00000    [(2.38, 2.385)]
   120         8    6.77810344216234045e-70    7.79892732198666656e-71    1.31885431677167370e-70         1.69107    [(2.385, 2.39)]
   121         8    1.13834121377146615e-68    1.15751900253938362e-69    1.86944965378930918e-69         1.61505    [(2.39, 2.395)]
   122         8    2.61619158106731114e-68    1.35637208646545795e-69    4.75541591354660575e-69         3.50598    [(2.395, 2.4)]
   123         8    1.78588855646863766e-67    1.96858826431329730e-68    3.93717652862659459e-68         2.00000    [(2.4, 2.4050000000000002)]
   124         8    1.57536746117304696e-68    1.83673865593510888e-69    2.89650402018470775e-69         1.57698    [(2.405, 2.41)]
   125         8    4.36446400124602067e-68    3.75708312569463490e-69    9.47612563495099965e-69         2.52220    [(2.41, 2.415)]
   126         8    2.77554738113179725e-69    3.02395038952887229e-70    4.98239218122406844e-70         1.64764    [(2.415, 2.42)]
   127         8    3.23594663679334562e-68    3.40331140806683884e-69    6.80662281613367769e-69         2.00000    [(2.42, 2.425)]
   128         8    2.63870058726226567e-68    2.24609106873215992e-69    6.50276933592041578e-69         2.89515    [(2.425, 2.43)]
   129         8    1.24982793058087928e-67    1.19235998725587154e-68    2.38471997451174308e-68         2.00000    [(2.43, 2.435)]
   130         8    3.09861453157667705e-68    3.55908933420467314e-69    6.07251997633405750e-69         1.70620    [(2.435, 2.44)]
   131         8    5.10757545404570968e-68    5.70071113776190728e-69    9.47612563495099965e-69         1.66227    [(2.44, 2.445)]
   132         8    1.27572958520552697e-67    1.12712493770839047e-68    2.83750961140340800e-68         2.51748    [(2.445, 2.45)]
   133         8    1.27515146965297790e-67    1.46020367817540076e-68    2.53008894930197285e-68         1.73270    [(2.45, 2.455)]
   134         8    1.87179275427052010e-68    1.77222604443505757e-69    3.54445208887011515e-69         2.00000    [(2.455, 2.46)]
   135         8    2.99376323191328255e-67    3.27664657527887156e-68    6.63891726116015790e-68         2.02613    [(2.46, 2.465)]
   136         8    5.94477268597324427e-68    6.16712395159839150e-69    1.23342479031967830e-68         2.00000    [(2.465, 2.47)]
   137         8    1.21183922069282037e-67    1.24791377798642939e-68    2.40994086481930606e-68         1.93118    [(2.47, 2.475)]
   138         8    6.65938555290707310e-68    7.22982259445791798e-69    1.25264028035056067e-68         1.73260    [(2.475, 2.48)]
   139         8    1.28607939908741773e-67    1.19554114914283994e-68    2.83750961140340800e-68         2.37341    [(2.48, 2.485)]
   140         8    2.82055466119317495e-67    2.39476892665357398e-68    5.59239768147777499e-68         2.33526    [(2.485, 2.49)]
   141         8    8.50599874541607763e-68    8.96655861857129952e-69    1.79331172371425990e-68         2.00000    [(2.49, 2.495)]
   142         8    9.05118492804713797e-68    9.96257056644453140e-69    1.67231592698499837e-68         1.67860    [(2.495, 2.5)]
   143         8    3.49241907052154185e-67    2.39972719539483016e-68    7.72604025935078190e-68         3.21955    [(2.5, 2.51)]
   144         8    3.70463213020169312e-67    1.30165948361535797e-68    7.27949703825417239e-68         5.59247    [(2.51, 2.52)]
   145         8    3.09040548343188968e-67    2.95707925331942179e-68    5.23953502246085311e-68         1.77186    [(2.52, 2.53)]
   146         8    4.01289070311077484e-67    3.24105320711027398e-68    7.65421563213017415e-68         2.36164    [(2.53, 2.54)]
   147         8    6.57162526182258843e-67    3.58935389103497153e-68    1.51373508599795827e-67         4.21729    [(2.54, 2.55)]
   148         8    4.45586111156167105e-67    3.58377818357436954e-68    8.87123775995826495e-68         2.47539    [(2.55, 2.56)]
   149         8    5.08671911785152185e-67    4.54968564890885733e-68    1.00892902903150836e-67         2.21758    [(2.56, 2.57)]
   150         8    4.70693845286070604e-67    2.86404604517862344e-68    9.16345456511771370e-68         3.19948    [(2.57, 2.58)]
   151         8    4.30033214491987396e-67    3.05041999861116895e-68    9.99372580315368779e-68         3.27618    [(2.58, 2.59)]
   152         8    1.60439556845856126e-67    1.79331172371425990e-68    3.31664397223285019e-68         1.84945    [(2.59, 2.6)]
   153         8    4.87308615994469723e-67    3.61491129722895909e-68    1.07870466782597122e-67         2.98404    [(2.6, 2.61)]
   154         8    7.01325910518567437e-51    8.10980270068547539e-52    1.33639721470584337e-51         1.64788    [(2.61, 2.62)]
   155         8    2.10529942685586793e-49    2.33872172333206657e-50    4.67744344666413314e-50         2.00000    [(2.62, 2.63)]
   156         8    7.49725779392029294e-51    8.52410552695716023e-52    1.53038392505028227e-51         1.79536    [(2.63, 2.64)]
   157         8    2.50200179190736645e-50    2.96081660740787040e-51    3.76888472258128062e-51         1.27292    [(2.64, 2.65)]
   158         8    8.41843423125396203e-51    9.56191946575458982e-52    1.44980580996251960e-51         1.51623    [(2.65, 2.66)]
   159         8    4.15699908535034326e-49    4.55350423302640164e-50    9.10700846605280328e-50         2.00000    [(2.66, 2.67)]
   160         8    3.80574025115161479e-51    4.75717531393951775e-52    4.75717531393951923e-52         1.00000    [(2.67, 2.68)]
   161         8    4.16767141944604624e-49    4.55350423302640164e-50    9.10700846605280328e-50         2.00000    [(2.68, 2.69)]
   162         8    2.45802844921421921e-49    2.84198651409712890e-50    4.68637889346229408e-50         1.64898    [(2.69, 2.7)]
   163         8    3.97275732845402648e-49    4.67744344666413314e-50    6.98546915789133760e-50         1.49344    [(2.7, 2.71)]
   164         8    1.60214400830439924e-50    1.92360691846680812e-51    2.17470871494377954e-51         1.13054    [(2.71, 2.72)]
   165         8    5.20944490561324822e-49    5.34564965333043801e-50    1.06912993066608760e-49         2.00000    [(2.72, 2.73)]
   166         8    4.22695871174091441e-49    4.55350423302640164e-50    9.10700846605280328e-50         2.00000    [(2.73, 2.74)]
   167         8    3.80668264518897229e-49    4.67744344666413314e-50    5.32472232524079855e-50         1.13838    [(2.74, 2.75)]
   168         8    1.02133812709299171e-48    4.52719639754102693e-50    1.87097737866565326e-49         4.13275    [(2.75, 2.76)]
   169         8    1.06973068048652602e-48    9.35488689332826628e-50    1.87097737866565326e-49         2.00000    [(2.76, 2.77)]
   170         8    8.83465227938946468e-49    1.42157030419666359e-50    1.87097737866565326e-49        13.16134    [(2.77, 2.7800000000000002)]
   171         8    3.81906399570006087e-49    4.67744344666413314e-50    5.44853583035168054e-50         1.16485    [(2.78, 2.79)]
   172         8    2.29530725578324907e-49    2.67282482666521900e-50    4.24329877117595525e-50         1.58757    [(2.79, 2.8)]
   173         8    4.28972114410164337e-50    3.80574025115161420e-51    7.41567213719107201e-51         1.94855    [(2.8, 2.81)]
   174         8    6.92101709416928858e-49    6.23659126221884387e-50    1.24731825244376877e-49         2.00000    [(2.81, 2.82)]
   175         8    1.23035586217982517e-48    1.03836089289406440e-49    2.27675211651320101e-49         2.19264    [(2.82, 2.83)]
   176         8    2.33348775157837136e-49    2.67282482666521900e-50    4.62510372912717911e-50         1.73042    [(2.83, 2.84)]
   177         8    5.53407005524547646e-48    6.03659481479819325e-49    1.04812990836276432e-48         1.73629    [(2.84, 2.85)]
   178         8    6.07864259948779924e-49    6.23659126221884387e-50    1.24731825244376877e-49         2.00000    [(2.85, 2.86)]
   179         8    1.05121726131758817e-48    2.91718470889744245e-50    1.87097737866565326e-49         6.41364    [(2.86, 2.87)]
   180         8    1.03768800073614439e-47    1.19786275241458781e-48    1.61750863032977000e-48         1.35033    [(2.87, 2.88)]
   181         8    5.96150989242292509e-48    6.98753272241842826e-49    1.04812990836276432e-48         1.50000    [(2.88, 2.89)]
   182         8    8.91873727078542615e-48    1.04812990836276432e-48    1.57219486254414640e-48         1.50000    [(2.89, 2.9)]
   183         8    2.01018776019396581e-47    1.84326046709902797e-48    3.41854580404332325e-48         1.85462    [(2.9, 2.91)]
   184         8    2.69168822918294566e-47    1.76176449112310881e-48    4.19251963345105726e-48         2.37973    [(2.91, 2.92)]
   185         8    2.09197724042128306e-47    2.05214175348207022e-48    3.73008803123100995e-48         1.81766    [(2.92, 2.93)]
   186         8    6.59467579075653152e-47    6.06053788924462797e-48    1.25775589003531712e-47         2.07532    [(2.93, 2.94)]
   187         8    4.63046665478317562e-47    4.40422798472324642e-48    8.36028149550004502e-48         1.89824    [(2.94, 2.95)]
   188         8    4.86691931742074520e-47    3.21358010040690860e-48    1.00620471202825369e-47         3.13110    [(2.95, 2.96)]
   189         8    3.54008264495399174e-47    3.14438972508829279e-48    7.57126689136211692e-48         2.40787    [(2.96, 2.97)]
   190         8    2.41748289952435221e-47    2.24221848733166612e-48    4.83855872613494786e-48         2.15793    [(2.97, 2.98)]
   191         8    5.58016196462193952e-47    5.52978140129708362e-48    1.00236497637921638e-47         1.81267    [(2.98, 2.99)]
   192         8    3.41134813149879595e-47    3.19910016067499636e-48    6.34348988576328854e-48         1.98290    [(2.99, 3.0)]
   193         8    7.17140267918100347e-44    6.84450916569972295e-45    1.34273688898836140e-44         1.96177    [(3.0, 3.1)]
   194         8    2.05003591652432499e-43    2.07545949304121259e-44    3.86098837333969247e-44         1.86031    [(3.1, 3.2)]
   195         8    9.19296560088539923e-43    9.58302654545263284e-44    1.39756210012821162e-43         1.45837    [(3.2, 3.3)]
   196         8    1.21548760567900646e-42    1.02978037560181227e-43    2.90657574256027102e-43         2.82252    [(3.3, 3.4)]
   197         8    1.92308796176434264e-42    9.84796688437027031e-44    3.91052987098985872e-43         3.97090    [(3.4, 3.5)]
   198         8    4.49292272340472449e-42    3.52115943680730911e-43    8.59489439265303220e-43         2.44093    [(3.5, 3.6)]
   199         8    2.86359040813745496e-42    1.93756109776342782e-43    5.42671419428937040e-43         2.80080    [(3.6, 3.7)]
   200         8    4.76579216113368853e-42    4.75437747609937752e-43    8.30000483722023629e-43         1.74576    [(3.7, 3.8)]
   201         8    3.95335206794392202e-42    2.42937834440338629e-43    9.25314510644670423e-43         3.80885    [(3.8, 3.9)]
   202         8    1.68728010326888437e-42    1.80081154678532079e-43    3.40613605022601609e-43         1.89145    [(3.9, 4)]
   203         8    1.88665963065382290e-25    2.35832453831727920e-26    2.35832453831727949e-26         1.00000    [(4.0, 4.5)]
   204         8    1.83064038584704814e-23    5.65997889196146917e-25    3.63019850783050513e-24         6.41380    [(4.5, 5)]
   205         8    1.00000000000000000e+00    1.07664256161529276e-01    1.77269362199033942e-01         1.64650    [(5.0, inf)]
